<?xml version="1.0" encoding="UTF-8"?>
<testsuite xmlns:xsi="http://www.w3.org/2001/XMLSchema-instance" xsi:noNamespaceSchemaLocation="https://maven.apache.org/surefire/maven-surefire-plugin/xsd/surefire-test-report.xsd" version="3.0.2" name="br.com.wfsystems.services.PersonServicesTest" time="1.901" tests="7" errors="0" skipped="1" failures="0">
  <properties>
[...]
</properties>
  <testcase name="testFindAll" classname="br.com.wfsystems.services.PersonServicesTest" time="0.0">
    <skipped message="REASON: Still Under Development"/>
  </testcase>
  <testcase name="testUpdateWithNullPerson" classname="br.com.wfsystems.services.PersonServicesTest" time="1.257">
    <system-err><![CDATA[Mockito is currently self-attaching to enable the inline-mock-maker. This will no longer work in future releases of the JDK. Please add Mockito as an agent to your build what is described in Mockito's documentation: https://javadoc.io/doc/org.mockito/mockito-core/latest/org/mockito/Mockito.html#0.3
WARNING: A Java agent has been loaded dynamically (/home/willyan/.m2/repository/net/bytebuddy/byte-buddy-agent/1.15.11/byte-buddy-agent-1.15.11.jar)
WARNING: If a serviceability tool is in use, please run with -XX:+EnableDynamicAgentLoading to hide this warning
WARNING: If a serviceability tool is not in use, please run with -Djdk.instrument.traceUsage for more information
WARNING: Dynamic loading of agents will be disallowed by default in a future release
]]></system-err>
  </testcase>
  <testcase name="testFindById" classname="br.com.wfsystems.services.PersonServicesTest" time="0.547">
    <system-out><![CDATA[2026-06-02T16:19:14.853-03:00  INFO 53506 --- [rest-with-spring-boot-and-java] [           main] b.com.wfsystems.services.PersonService   : Finding one Person!
2026-06-02T16:19:14.865-03:00  INFO 53506 --- [rest-with-spring-boot-and-java] [           main] c.g.dozermapper.core.util.RuntimeUtils   : OSGi support is false
2026-06-02T16:19:14.871-03:00  INFO 53506 --- [rest-with-spring-boot-and-java] [           main] c.g.d.core.DozerBeanMapperBuilder        : Initializing Dozer. Version: 7.0.0, Thread Name: main
2026-06-02T16:19:14.875-03:00  INFO 53506 --- [rest-with-spring-boot-and-java] [           main] d.c.c.r.LegacyPropertiesSettingsResolver : Trying to find Dozer configuration file: dozer.properties
2026-06-02T16:19:14.875-03:00  INFO 53506 --- [rest-with-spring-boot-and-java] [           main] d.c.c.r.LegacyPropertiesSettingsResolver : Failed to find dozer.properties via com.github.dozermapper.core.config.resolvers.LegacyPropertiesSettingsResolver.
2026-06-02T16:19:14.880-03:00  INFO 53506 --- [rest-with-spring-boot-and-java] [           main] c.g.d.core.el.ELExpressionFactory        : jakarta.el is not supported; Failed to resolve ExpressionFactory, com.sun.el.ExpressionFactoryImpl
2026-06-02T16:19:14.974-03:00 DEBUG 53506 --- [rest-with-spring-boot-and-java] [           main] o.a.c.b.converters.BooleanConverter      : Setting default value: false
2026-06-02T16:19:14.975-03:00 DEBUG 53506 --- [rest-with-spring-boot-and-java] [           main] o.a.c.b.converters.BooleanConverter      : Converting 'Boolean' value 'false' to type 'Boolean'
2026-06-02T16:19:14.975-03:00 DEBUG 53506 --- [rest-with-spring-boot-and-java] [           main] o.a.c.b.converters.BooleanConverter      :     No conversion required, value is already a Boolean
2026-06-02T16:19:14.976-03:00 DEBUG 53506 --- [rest-with-spring-boot-and-java] [           main] o.a.c.b.converters.ByteConverter         : Setting default value: 0
2026-06-02T16:19:14.976-03:00 DEBUG 53506 --- [rest-with-spring-boot-and-java] [           main] o.a.c.b.converters.ByteConverter         : Converting 'Integer' value '0' to type 'Byte'
2026-06-02T16:19:14.976-03:00 DEBUG 53506 --- [rest-with-spring-boot-and-java] [           main] o.a.c.b.converters.ByteConverter         :     Converted to Byte value '0'
2026-06-02T16:19:14.976-03:00 DEBUG 53506 --- [rest-with-spring-boot-and-java] [           main] o.a.c.b.converters.CharacterConverter    : Setting default value:  
2026-06-02T16:19:14.976-03:00 DEBUG 53506 --- [rest-with-spring-boot-and-java] [           main] o.a.c.b.converters.CharacterConverter    : Converting 'Character' value ' ' to type 'Character'
2026-06-02T16:19:14.977-03:00 DEBUG 53506 --- [rest-with-spring-boot-and-java] [           main] o.a.c.b.converters.CharacterConverter    :     No conversion required, value is already a Character
2026-06-02T16:19:14.977-03:00 DEBUG 53506 --- [rest-with-spring-boot-and-java] [           main] o.a.c.b.converters.DoubleConverter       : Setting default value: 0
2026-06-02T16:19:14.977-03:00 DEBUG 53506 --- [rest-with-spring-boot-and-java] [           main] o.a.c.b.converters.DoubleConverter       : Converting 'Integer' value '0' to type 'Double'
2026-06-02T16:19:14.977-03:00 DEBUG 53506 --- [rest-with-spring-boot-and-java] [           main] o.a.c.b.converters.DoubleConverter       :     Converted to Double value '0.0'
2026-06-02T16:19:14.977-03:00 DEBUG 53506 --- [rest-with-spring-boot-and-java] [           main] o.a.c.b.converters.FloatConverter        : Setting default value: 0
2026-06-02T16:19:14.978-03:00 DEBUG 53506 --- [rest-with-spring-boot-and-java] [           main] o.a.c.b.converters.FloatConverter        : Converting 'Integer' value '0' to type 'Float'
2026-06-02T16:19:14.978-03:00 DEBUG 53506 --- [rest-with-spring-boot-and-java] [           main] o.a.c.b.converters.FloatConverter        :     Converted to Float value '0.0'
2026-06-02T16:19:14.978-03:00 DEBUG 53506 --- [rest-with-spring-boot-and-java] [           main] o.a.c.b.converters.IntegerConverter      : Setting default value: 0
2026-06-02T16:19:14.978-03:00 DEBUG 53506 --- [rest-with-spring-boot-and-java] [           main] o.a.c.b.converters.IntegerConverter      : Converting 'Integer' value '0' to type 'Integer'
2026-06-02T16:19:14.978-03:00 DEBUG 53506 --- [rest-with-spring-boot-and-java] [           main] o.a.c.b.converters.IntegerConverter      :     No conversion required, value is already a Integer
2026-06-02T16:19:14.978-03:00 DEBUG 53506 --- [rest-with-spring-boot-and-java] [           main] o.a.c.b.converters.LongConverter         : Setting default value: 0
2026-06-02T16:19:14.978-03:00 DEBUG 53506 --- [rest-with-spring-boot-and-java] [           main] o.a.c.b.converters.LongConverter         : Converting 'Integer' value '0' to type 'Long'
2026-06-02T16:19:14.978-03:00 DEBUG 53506 --- [rest-with-spring-boot-and-java] [           main] o.a.c.b.converters.LongConverter         :     Converted to Long value '0'
2026-06-02T16:19:14.979-03:00 DEBUG 53506 --- [rest-with-spring-boot-and-java] [           main] o.a.c.b.converters.ShortConverter        : Setting default value: 0
2026-06-02T16:19:14.979-03:00 DEBUG 53506 --- [rest-with-spring-boot-and-java] [           main] o.a.c.b.converters.ShortConverter        : Converting 'Integer' value '0' to type 'Short'
2026-06-02T16:19:14.979-03:00 DEBUG 53506 --- [rest-with-spring-boot-and-java] [           main] o.a.c.b.converters.ShortConverter        :     Converted to Short value '0'
2026-06-02T16:19:14.979-03:00 DEBUG 53506 --- [rest-with-spring-boot-and-java] [           main] o.a.c.b.converters.BigDecimalConverter   : Setting default value: 0.0
2026-06-02T16:19:14.979-03:00 DEBUG 53506 --- [rest-with-spring-boot-and-java] [           main] o.a.c.b.converters.BigDecimalConverter   : Converting 'BigDecimal' value '0.0' to type 'BigDecimal'
2026-06-02T16:19:14.979-03:00 DEBUG 53506 --- [rest-with-spring-boot-and-java] [           main] o.a.c.b.converters.BigDecimalConverter   :     No conversion required, value is already a BigDecimal
2026-06-02T16:19:14.980-03:00 DEBUG 53506 --- [rest-with-spring-boot-and-java] [           main] o.a.c.b.converters.BigIntegerConverter   : Setting default value: 0
2026-06-02T16:19:14.980-03:00 DEBUG 53506 --- [rest-with-spring-boot-and-java] [           main] o.a.c.b.converters.BigIntegerConverter   : Converting 'BigInteger' value '0' to type 'BigInteger'
2026-06-02T16:19:14.980-03:00 DEBUG 53506 --- [rest-with-spring-boot-and-java] [           main] o.a.c.b.converters.BigIntegerConverter   :     No conversion required, value is already a BigInteger
2026-06-02T16:19:14.980-03:00 DEBUG 53506 --- [rest-with-spring-boot-and-java] [           main] o.a.c.b.converters.BooleanConverter      : Setting default value: false
2026-06-02T16:19:14.980-03:00 DEBUG 53506 --- [rest-with-spring-boot-and-java] [           main] o.a.c.b.converters.BooleanConverter      : Converting 'Boolean' value 'false' to type 'Boolean'
2026-06-02T16:19:14.980-03:00 DEBUG 53506 --- [rest-with-spring-boot-and-java] [           main] o.a.c.b.converters.BooleanConverter      :     No conversion required, value is already a Boolean
2026-06-02T16:19:14.980-03:00 DEBUG 53506 --- [rest-with-spring-boot-and-java] [           main] o.a.c.b.converters.ByteConverter         : Setting default value: 0
2026-06-02T16:19:14.980-03:00 DEBUG 53506 --- [rest-with-spring-boot-and-java] [           main] o.a.c.b.converters.ByteConverter         : Converting 'Integer' value '0' to type 'Byte'
2026-06-02T16:19:14.980-03:00 DEBUG 53506 --- [rest-with-spring-boot-and-java] [           main] o.a.c.b.converters.ByteConverter         :     Converted to Byte value '0'
2026-06-02T16:19:14.980-03:00 DEBUG 53506 --- [rest-with-spring-boot-and-java] [           main] o.a.c.b.converters.CharacterConverter    : Setting default value:  
2026-06-02T16:19:14.981-03:00 DEBUG 53506 --- [rest-with-spring-boot-and-java] [           main] o.a.c.b.converters.CharacterConverter    : Converting 'Character' value ' ' to type 'Character'
2026-06-02T16:19:14.981-03:00 DEBUG 53506 --- [rest-with-spring-boot-and-java] [           main] o.a.c.b.converters.CharacterConverter    :     No conversion required, value is already a Character
2026-06-02T16:19:14.981-03:00 DEBUG 53506 --- [rest-with-spring-boot-and-java] [           main] o.a.c.b.converters.DoubleConverter       : Setting default value: 0
2026-06-02T16:19:14.981-03:00 DEBUG 53506 --- [rest-with-spring-boot-and-java] [           main] o.a.c.b.converters.DoubleConverter       : Converting 'Integer' value '0' to type 'Double'
2026-06-02T16:19:14.981-03:00 DEBUG 53506 --- [rest-with-spring-boot-and-java] [           main] o.a.c.b.converters.DoubleConverter       :     Converted to Double value '0.0'
2026-06-02T16:19:14.981-03:00 DEBUG 53506 --- [rest-with-spring-boot-and-java] [           main] o.a.c.b.converters.FloatConverter        : Setting default value: 0
2026-06-02T16:19:14.981-03:00 DEBUG 53506 --- [rest-with-spring-boot-and-java] [           main] o.a.c.b.converters.FloatConverter        : Converting 'Integer' value '0' to type 'Float'
2026-06-02T16:19:14.981-03:00 DEBUG 53506 --- [rest-with-spring-boot-and-java] [           main] o.a.c.b.converters.FloatConverter        :     Converted to Float value '0.0'
2026-06-02T16:19:14.981-03:00 DEBUG 53506 --- [rest-with-spring-boot-and-java] [           main] o.a.c.b.converters.IntegerConverter      : Setting default value: 0
2026-06-02T16:19:14.982-03:00 DEBUG 53506 --- [rest-with-spring-boot-and-java] [           main] o.a.c.b.converters.IntegerConverter      : Converting 'Integer' value '0' to type 'Integer'
2026-06-02T16:19:14.982-03:00 DEBUG 53506 --- [rest-with-spring-boot-and-java] [           main] o.a.c.b.converters.IntegerConverter      :     No conversion required, value is already a Integer
2026-06-02T16:19:14.982-03:00 DEBUG 53506 --- [rest-with-spring-boot-and-java] [           main] o.a.c.b.converters.LongConverter         : Setting default value: 0
2026-06-02T16:19:14.982-03:00 DEBUG 53506 --- [rest-with-spring-boot-and-java] [           main] o.a.c.b.converters.LongConverter         : Converting 'Integer' value '0' to type 'Long'
2026-06-02T16:19:14.982-03:00 DEBUG 53506 --- [rest-with-spring-boot-and-java] [           main] o.a.c.b.converters.LongConverter         :     Converted to Long value '0'
2026-06-02T16:19:14.982-03:00 DEBUG 53506 --- [rest-with-spring-boot-and-java] [           main] o.a.c.b.converters.ShortConverter        : Setting default value: 0
2026-06-02T16:19:14.982-03:00 DEBUG 53506 --- [rest-with-spring-boot-and-java] [           main] o.a.c.b.converters.ShortConverter        : Converting 'Integer' value '0' to type 'Short'
2026-06-02T16:19:14.982-03:00 DEBUG 53506 --- [rest-with-spring-boot-and-java] [           main] o.a.c.b.converters.ShortConverter        :     Converted to Short value '0'
2026-06-02T16:19:14.983-03:00 DEBUG 53506 --- [rest-with-spring-boot-and-java] [           main] o.a.c.b.converters.StringConverter       : Setting default value: 
2026-06-02T16:19:14.983-03:00 DEBUG 53506 --- [rest-with-spring-boot-and-java] [           main] o.a.c.b.converters.StringConverter       : Converting 'String' value '' to type 'String'
2026-06-02T16:19:14.987-03:00 DEBUG 53506 --- [rest-with-spring-boot-and-java] [           main] o.a.c.b.converters.ArrayConverter        : Setting default value: [Z@52ecc989
2026-06-02T16:19:14.987-03:00 DEBUG 53506 --- [rest-with-spring-boot-and-java] [           main] o.a.c.b.converters.ArrayConverter        : Converting 'boolean[]' value '[Z@52ecc989' to type 'boolean[]'
2026-06-02T16:19:14.987-03:00 DEBUG 53506 --- [rest-with-spring-boot-and-java] [           main] o.a.c.b.converters.ArrayConverter        :     No conversion required, value is already a boolean[]
2026-06-02T16:19:14.988-03:00 DEBUG 53506 --- [rest-with-spring-boot-and-java] [           main] o.a.c.b.converters.ArrayConverter        : Setting default value: [B@756808cc
2026-06-02T16:19:14.988-03:00 DEBUG 53506 --- [rest-with-spring-boot-and-java] [           main] o.a.c.b.converters.ArrayConverter        : Converting 'byte[]' value '[B@756808cc' to type 'byte[]'
2026-06-02T16:19:14.988-03:00 DEBUG 53506 --- [rest-with-spring-boot-and-java] [           main] o.a.c.b.converters.ArrayConverter        :     No conversion required, value is already a byte[]
2026-06-02T16:19:14.988-03:00 DEBUG 53506 --- [rest-with-spring-boot-and-java] [           main] o.a.c.b.converters.ArrayConverter        : Setting default value: [C@52f8a6f4
2026-06-02T16:19:14.988-03:00 DEBUG 53506 --- [rest-with-spring-boot-and-java] [           main] o.a.c.b.converters.ArrayConverter        : Converting 'char[]' value '[C@52f8a6f4' to type 'char[]'
2026-06-02T16:19:14.988-03:00 DEBUG 53506 --- [rest-with-spring-boot-and-java] [           main] o.a.c.b.converters.ArrayConverter        :     No conversion required, value is already a char[]
2026-06-02T16:19:14.988-03:00 DEBUG 53506 --- [rest-with-spring-boot-and-java] [           main] o.a.c.b.converters.ArrayConverter        : Setting default value: [D@5012c571
2026-06-02T16:19:14.988-03:00 DEBUG 53506 --- [rest-with-spring-boot-and-java] [           main] o.a.c.b.converters.ArrayConverter        : Converting 'double[]' value '[D@5012c571' to type 'double[]'
2026-06-02T16:19:14.988-03:00 DEBUG 53506 --- [rest-with-spring-boot-and-java] [           main] o.a.c.b.converters.ArrayConverter        :     No conversion required, value is already a double[]
2026-06-02T16:19:14.988-03:00 DEBUG 53506 --- [rest-with-spring-boot-and-java] [           main] o.a.c.b.converters.ArrayConverter        : Setting default value: [F@6486fe7b
2026-06-02T16:19:14.988-03:00 DEBUG 53506 --- [rest-with-spring-boot-and-java] [           main] o.a.c.b.converters.ArrayConverter        : Converting 'float[]' value '[F@6486fe7b' to type 'float[]'
2026-06-02T16:19:14.988-03:00 DEBUG 53506 --- [rest-with-spring-boot-and-java] [           main] o.a.c.b.converters.ArrayConverter        :     No conversion required, value is already a float[]
2026-06-02T16:19:14.988-03:00 DEBUG 53506 --- [rest-with-spring-boot-and-java] [           main] o.a.c.b.converters.ArrayConverter        : Setting default value: [I@511da44f
2026-06-02T16:19:14.988-03:00 DEBUG 53506 --- [rest-with-spring-boot-and-java] [           main] o.a.c.b.converters.ArrayConverter        : Converting 'int[]' value '[I@511da44f' to type 'int[]'
2026-06-02T16:19:14.988-03:00 DEBUG 53506 --- [rest-with-spring-boot-and-java] [           main] o.a.c.b.converters.ArrayConverter        :     No conversion required, value is already a int[]
2026-06-02T16:19:14.988-03:00 DEBUG 53506 --- [rest-with-spring-boot-and-java] [           main] o.a.c.b.converters.ArrayConverter        : Setting default value: [J@4645679e
2026-06-02T16:19:14.989-03:00 DEBUG 53506 --- [rest-with-spring-boot-and-java] [           main] o.a.c.b.converters.ArrayConverter        : Converting 'long[]' value '[J@4645679e' to type 'long[]'
2026-06-02T16:19:14.989-03:00 DEBUG 53506 --- [rest-with-spring-boot-and-java] [           main] o.a.c.b.converters.ArrayConverter        :     No conversion required, value is already a long[]
2026-06-02T16:19:14.989-03:00 DEBUG 53506 --- [rest-with-spring-boot-and-java] [           main] o.a.c.b.converters.ArrayConverter        : Setting default value: [S@3a0b6a
2026-06-02T16:19:14.989-03:00 DEBUG 53506 --- [rest-with-spring-boot-and-java] [           main] o.a.c.b.converters.ArrayConverter        : Converting 'short[]' value '[S@3a0b6a' to type 'short[]'
2026-06-02T16:19:14.989-03:00 DEBUG 53506 --- [rest-with-spring-boot-and-java] [           main] o.a.c.b.converters.ArrayConverter        :     No conversion required, value is already a short[]
2026-06-02T16:19:14.989-03:00 DEBUG 53506 --- [rest-with-spring-boot-and-java] [           main] o.a.c.b.converters.ArrayConverter        : Setting default value: [Ljava.math.BigDecimal;@539c4830
2026-06-02T16:19:14.989-03:00 DEBUG 53506 --- [rest-with-spring-boot-and-java] [           main] o.a.c.b.converters.ArrayConverter        : Converting 'BigDecimal[]' value '[Ljava.math.BigDecimal;@539c4830' to type 'BigDecimal[]'
2026-06-02T16:19:14.989-03:00 DEBUG 53506 --- [rest-with-spring-boot-and-java] [           main] o.a.c.b.converters.ArrayConverter        :     No conversion required, value is already a BigDecimal[]
2026-06-02T16:19:14.989-03:00 DEBUG 53506 --- [rest-with-spring-boot-and-java] [           main] o.a.c.b.converters.ArrayConverter        : Setting default value: [Ljava.math.BigInteger;@28b523a
2026-06-02T16:19:14.989-03:00 DEBUG 53506 --- [rest-with-spring-boot-and-java] [           main] o.a.c.b.converters.ArrayConverter        : Converting 'BigInteger[]' value '[Ljava.math.BigInteger;@28b523a' to type 'BigInteger[]'
2026-06-02T16:19:14.989-03:00 DEBUG 53506 --- [rest-with-spring-boot-and-java] [           main] o.a.c.b.converters.ArrayConverter        :     No conversion required, value is already a BigInteger[]
2026-06-02T16:19:14.989-03:00 DEBUG 53506 --- [rest-with-spring-boot-and-java] [           main] o.a.c.b.converters.ArrayConverter        : Setting default value: [Ljava.lang.Boolean;@63d677f5
2026-06-02T16:19:14.989-03:00 DEBUG 53506 --- [rest-with-spring-boot-and-java] [           main] o.a.c.b.converters.ArrayConverter        : Converting 'Boolean[]' value '[Ljava.lang.Boolean;@63d677f5' to type 'Boolean[]'
2026-06-02T16:19:14.989-03:00 DEBUG 53506 --- [rest-with-spring-boot-and-java] [           main] o.a.c.b.converters.ArrayConverter        :     No conversion required, value is already a Boolean[]
2026-06-02T16:19:14.989-03:00 DEBUG 53506 --- [rest-with-spring-boot-and-java] [           main] o.a.c.b.converters.ArrayConverter        : Setting default value: [Ljava.lang.Byte;@2997ddfc
2026-06-02T16:19:14.990-03:00 DEBUG 53506 --- [rest-with-spring-boot-and-java] [           main] o.a.c.b.converters.ArrayConverter        : Converting 'Byte[]' value '[Ljava.lang.Byte;@2997ddfc' to type 'Byte[]'
2026-06-02T16:19:14.990-03:00 DEBUG 53506 --- [rest-with-spring-boot-and-java] [           main] o.a.c.b.converters.ArrayConverter        :     No conversion required, value is already a Byte[]
2026-06-02T16:19:14.990-03:00 DEBUG 53506 --- [rest-with-spring-boot-and-java] [           main] o.a.c.b.converters.ArrayConverter        : Setting default value: [Ljava.lang.Character;@28ee882c
2026-06-02T16:19:14.990-03:00 DEBUG 53506 --- [rest-with-spring-boot-and-java] [           main] o.a.c.b.converters.ArrayConverter        : Converting 'Character[]' value '[Ljava.lang.Character;@28ee882c' to type 'Character[]'
2026-06-02T16:19:14.990-03:00 DEBUG 53506 --- [rest-with-spring-boot-and-java] [           main] o.a.c.b.converters.ArrayConverter        :     No conversion required, value is already a Character[]
2026-06-02T16:19:14.990-03:00 DEBUG 53506 --- [rest-with-spring-boot-and-java] [           main] o.a.c.b.converters.ArrayConverter        : Setting default value: [Ljava.lang.Double;@78d73b1b
2026-06-02T16:19:14.990-03:00 DEBUG 53506 --- [rest-with-spring-boot-and-java] [           main] o.a.c.b.converters.ArrayConverter        : Converting 'Double[]' value '[Ljava.lang.Double;@78d73b1b' to type 'Double[]'
2026-06-02T16:19:14.990-03:00 DEBUG 53506 --- [rest-with-spring-boot-and-java] [           main] o.a.c.b.converters.ArrayConverter        :     No conversion required, value is already a Double[]
2026-06-02T16:19:14.990-03:00 DEBUG 53506 --- [rest-with-spring-boot-and-java] [           main] o.a.c.b.converters.ArrayConverter        : Setting default value: [Ljava.lang.Float;@34edd065
2026-06-02T16:19:14.990-03:00 DEBUG 53506 --- [rest-with-spring-boot-and-java] [           main] o.a.c.b.converters.ArrayConverter        : Converting 'Float[]' value '[Ljava.lang.Float;@34edd065' to type 'Float[]'
2026-06-02T16:19:14.990-03:00 DEBUG 53506 --- [rest-with-spring-boot-and-java] [           main] o.a.c.b.converters.ArrayConverter        :     No conversion required, value is already a Float[]
2026-06-02T16:19:14.990-03:00 DEBUG 53506 --- [rest-with-spring-boot-and-java] [           main] o.a.c.b.converters.ArrayConverter        : Setting default value: [Ljava.lang.Integer;@29d070c7
2026-06-02T16:19:14.990-03:00 DEBUG 53506 --- [rest-with-spring-boot-and-java] [           main] o.a.c.b.converters.ArrayConverter        : Converting 'Integer[]' value '[Ljava.lang.Integer;@29d070c7' to type 'Integer[]'
2026-06-02T16:19:14.990-03:00 DEBUG 53506 --- [rest-with-spring-boot-and-java] [           main] o.a.c.b.converters.ArrayConverter        :     No conversion required, value is already a Integer[]
2026-06-02T16:19:14.990-03:00 DEBUG 53506 --- [rest-with-spring-boot-and-java] [           main] o.a.c.b.converters.ArrayConverter        : Setting default value: [Ljava.lang.Long;@1eeb5818
2026-06-02T16:19:14.990-03:00 DEBUG 53506 --- [rest-with-spring-boot-and-java] [           main] o.a.c.b.converters.ArrayConverter        : Converting 'Long[]' value '[Ljava.lang.Long;@1eeb5818' to type 'Long[]'
2026-06-02T16:19:14.990-03:00 DEBUG 53506 --- [rest-with-spring-boot-and-java] [           main] o.a.c.b.converters.ArrayConverter        :     No conversion required, value is already a Long[]
2026-06-02T16:19:14.990-03:00 DEBUG 53506 --- [rest-with-spring-boot-and-java] [           main] o.a.c.b.converters.ArrayConverter        : Setting default value: [Ljava.lang.Short;@44dfdd58
2026-06-02T16:19:14.991-03:00 DEBUG 53506 --- [rest-with-spring-boot-and-java] [           main] o.a.c.b.converters.ArrayConverter        : Converting 'Short[]' value '[Ljava.lang.Short;@44dfdd58' to type 'Short[]'
2026-06-02T16:19:14.991-03:00 DEBUG 53506 --- [rest-with-spring-boot-and-java] [           main] o.a.c.b.converters.ArrayConverter        :     No conversion required, value is already a Short[]
2026-06-02T16:19:14.991-03:00 DEBUG 53506 --- [rest-with-spring-boot-and-java] [           main] o.a.c.b.converters.ArrayConverter        : Setting default value: [Ljava.lang.String;@58d4238e
2026-06-02T16:19:14.991-03:00 DEBUG 53506 --- [rest-with-spring-boot-and-java] [           main] o.a.c.b.converters.ArrayConverter        : Converting 'String[]' value '[Ljava.lang.String;@58d4238e' to type 'String[]'
2026-06-02T16:19:14.991-03:00 DEBUG 53506 --- [rest-with-spring-boot-and-java] [           main] o.a.c.b.converters.ArrayConverter        :     No conversion required, value is already a String[]
2026-06-02T16:19:14.991-03:00 DEBUG 53506 --- [rest-with-spring-boot-and-java] [           main] o.a.c.b.converters.ArrayConverter        : Setting default value: [Ljava.lang.Class;@72a8361b
2026-06-02T16:19:14.991-03:00 DEBUG 53506 --- [rest-with-spring-boot-and-java] [           main] o.a.c.b.converters.ArrayConverter        : Converting 'Class[]' value '[Ljava.lang.Class;@72a8361b' to type 'Class[]'
2026-06-02T16:19:14.991-03:00 DEBUG 53506 --- [rest-with-spring-boot-and-java] [           main] o.a.c.b.converters.ArrayConverter        :     No conversion required, value is already a Class[]
2026-06-02T16:19:14.991-03:00 DEBUG 53506 --- [rest-with-spring-boot-and-java] [           main] o.a.c.b.converters.ArrayConverter        : Setting default value: [Ljava.util.Date;@36478bce
2026-06-02T16:19:14.991-03:00 DEBUG 53506 --- [rest-with-spring-boot-and-java] [           main] o.a.c.b.converters.ArrayConverter        : Converting 'Date[]' value '[Ljava.util.Date;@36478bce' to type 'Date[]'
2026-06-02T16:19:14.991-03:00 DEBUG 53506 --- [rest-with-spring-boot-and-java] [           main] o.a.c.b.converters.ArrayConverter        :     No conversion required, value is already a Date[]
2026-06-02T16:19:14.991-03:00 DEBUG 53506 --- [rest-with-spring-boot-and-java] [           main] o.a.c.b.converters.ArrayConverter        : Setting default value: [Ljava.util.Calendar;@75793f17
2026-06-02T16:19:14.991-03:00 DEBUG 53506 --- [rest-with-spring-boot-and-java] [           main] o.a.c.b.converters.ArrayConverter        : Converting 'Calendar[]' value '[Ljava.util.Calendar;@75793f17' to type 'Calendar[]'
2026-06-02T16:19:14.991-03:00 DEBUG 53506 --- [rest-with-spring-boot-and-java] [           main] o.a.c.b.converters.ArrayConverter        :     No conversion required, value is already a Calendar[]
2026-06-02T16:19:14.991-03:00 DEBUG 53506 --- [rest-with-spring-boot-and-java] [           main] o.a.c.b.converters.ArrayConverter        : Setting default value: [Ljava.io.File;@4cc12db2
2026-06-02T16:19:14.991-03:00 DEBUG 53506 --- [rest-with-spring-boot-and-java] [           main] o.a.c.b.converters.ArrayConverter        : Converting 'java.io.File[]' value '[Ljava.io.File;@4cc12db2' to type 'java.io.File[]'
2026-06-02T16:19:14.992-03:00 DEBUG 53506 --- [rest-with-spring-boot-and-java] [           main] o.a.c.b.converters.ArrayConverter        :     No conversion required, value is already a java.io.File[]
2026-06-02T16:19:14.992-03:00 DEBUG 53506 --- [rest-with-spring-boot-and-java] [           main] o.a.c.b.converters.ArrayConverter        : Setting default value: [Ljava.sql.Date;@39d77de9
2026-06-02T16:19:14.992-03:00 DEBUG 53506 --- [rest-with-spring-boot-and-java] [           main] o.a.c.b.converters.ArrayConverter        : Converting 'java.sql.Date[]' value '[Ljava.sql.Date;@39d77de9' to type 'java.sql.Date[]'
2026-06-02T16:19:14.992-03:00 DEBUG 53506 --- [rest-with-spring-boot-and-java] [           main] o.a.c.b.converters.ArrayConverter        :     No conversion required, value is already a java.sql.Date[]
2026-06-02T16:19:14.992-03:00 DEBUG 53506 --- [rest-with-spring-boot-and-java] [           main] o.a.c.b.converters.ArrayConverter        : Setting default value: [Ljava.sql.Time;@2c06b113
2026-06-02T16:19:14.992-03:00 DEBUG 53506 --- [rest-with-spring-boot-and-java] [           main] o.a.c.b.converters.ArrayConverter        : Converting 'java.sql.Time[]' value '[Ljava.sql.Time;@2c06b113' to type 'java.sql.Time[]'
2026-06-02T16:19:14.992-03:00 DEBUG 53506 --- [rest-with-spring-boot-and-java] [           main] o.a.c.b.converters.ArrayConverter        :     No conversion required, value is already a java.sql.Time[]
2026-06-02T16:19:14.992-03:00 DEBUG 53506 --- [rest-with-spring-boot-and-java] [           main] o.a.c.b.converters.ArrayConverter        : Setting default value: [Ljava.sql.Timestamp;@785ed99c
2026-06-02T16:19:14.992-03:00 DEBUG 53506 --- [rest-with-spring-boot-and-java] [           main] o.a.c.b.converters.ArrayConverter        : Converting 'java.sql.Timestamp[]' value '[Ljava.sql.Timestamp;@785ed99c' to type 'java.sql.Timestamp[]'
2026-06-02T16:19:14.992-03:00 DEBUG 53506 --- [rest-with-spring-boot-and-java] [           main] o.a.c.b.converters.ArrayConverter        :     No conversion required, value is already a java.sql.Timestamp[]
2026-06-02T16:19:14.992-03:00 DEBUG 53506 --- [rest-with-spring-boot-and-java] [           main] o.a.c.b.converters.ArrayConverter        : Setting default value: [Ljava.net.URL;@755b5f30
2026-06-02T16:19:14.992-03:00 DEBUG 53506 --- [rest-with-spring-boot-and-java] [           main] o.a.c.b.converters.ArrayConverter        : Converting 'java.net.URL[]' value '[Ljava.net.URL;@755b5f30' to type 'java.net.URL[]'
2026-06-02T16:19:14.992-03:00 DEBUG 53506 --- [rest-with-spring-boot-and-java] [           main] o.a.c.b.converters.ArrayConverter        :     No conversion required, value is already a java.net.URL[]
2026-06-02T16:19:15.040-03:00 DEBUG 53506 --- [rest-with-spring-boot-and-java] [           main] c.g.dozermapper.core.fieldmap.FieldMap   : Getting ready to invoke write method on the destination object. Dest Obj: PersonDTO, Dest value: null
2026-06-02T16:19:15.043-03:00 DEBUG 53506 --- [rest-with-spring-boot-and-java] [           main] c.g.dozermapper.core.MappingProcessor    : MAPPED: Person.photoUrl --> PersonDTO.photoUrl    VALUES: NULL --> NULL    MAPID: 
2026-06-02T16:19:15.044-03:00 DEBUG 53506 --- [rest-with-spring-boot-and-java] [           main] o.a.c.b.converters.LongConverter         : Converting 'Long' value '1' to type 'Long'
2026-06-02T16:19:15.044-03:00 DEBUG 53506 --- [rest-with-spring-boot-and-java] [           main] o.a.c.b.converters.LongConverter         :     No conversion required, value is already a Long
2026-06-02T16:19:15.044-03:00 DEBUG 53506 --- [rest-with-spring-boot-and-java] [           main] c.g.dozermapper.core.fieldmap.FieldMap   : Getting ready to invoke write method on the destination object. Dest Obj: PersonDTO, Dest value: 1
2026-06-02T16:19:15.044-03:00 DEBUG 53506 --- [rest-with-spring-boot-and-java] [           main] c.g.dozermapper.core.MappingProcessor    : MAPPED: Person.id --> PersonDTO.id    VALUES: 1 --> 1    MAPID: 
2026-06-02T16:19:15.044-03:00 DEBUG 53506 --- [rest-with-spring-boot-and-java] [           main] c.g.dozermapper.core.fieldmap.FieldMap   : Getting ready to invoke write method on the destination object. Dest Obj: PersonDTO, Dest value: null
2026-06-02T16:19:15.044-03:00 DEBUG 53506 --- [rest-with-spring-boot-and-java] [           main] c.g.dozermapper.core.MappingProcessor    : MAPPED: Person.enabled --> PersonDTO.enabled    VALUES: NULL --> NULL    MAPID: 
2026-06-02T16:19:15.045-03:00 DEBUG 53506 --- [rest-with-spring-boot-and-java] [           main] c.g.dozermapper.core.fieldmap.FieldMap   : Getting ready to invoke write method on the destination object. Dest Obj: PersonDTO, Dest value: Address Test1
2026-06-02T16:19:15.045-03:00 DEBUG 53506 --- [rest-with-spring-boot-and-java] [           main] c.g.dozermapper.core.MappingProcessor    : MAPPED: Person.address --> PersonDTO.address    VALUES: Address Test1 --> Address Test1    MAPID: 
2026-06-02T16:19:15.045-03:00 DEBUG 53506 --- [rest-with-spring-boot-and-java] [           main] c.g.dozermapper.core.fieldmap.FieldMap   : Getting ready to invoke write method on the destination object. Dest Obj: PersonDTO, Dest value: null
2026-06-02T16:19:15.045-03:00 DEBUG 53506 --- [rest-with-spring-boot-and-java] [           main] c.g.dozermapper.core.MappingProcessor    : MAPPED: Person.books --> PersonDTO.books    VALUES: NULL --> NULL    MAPID: 
2026-06-02T16:19:15.045-03:00 DEBUG 53506 --- [rest-with-spring-boot-and-java] [           main] c.g.dozermapper.core.fieldmap.FieldMap   : Getting ready to invoke write method on the destination object. Dest Obj: PersonDTO, Dest value: Last Name Test1
2026-06-02T16:19:15.046-03:00 DEBUG 53506 --- [rest-with-spring-boot-and-java] [           main] c.g.dozermapper.core.MappingProcessor    : MAPPED: Person.lastName --> PersonDTO.lastName    VALUES: Last Name Test1 --> Last Name Test1    MAPID: 
2026-06-02T16:19:15.046-03:00 DEBUG 53506 --- [rest-with-spring-boot-and-java] [           main] c.g.dozermapper.core.fieldmap.FieldMap   : Getting ready to invoke write method on the destination object. Dest Obj: PersonDTO, Dest value: First Name Test1
2026-06-02T16:19:15.046-03:00 DEBUG 53506 --- [rest-with-spring-boot-and-java] [           main] c.g.dozermapper.core.MappingProcessor    : MAPPED: Person.firstName --> PersonDTO.firstName    VALUES: First Name Test1 --> First Name Test1    MAPID: 
2026-06-02T16:19:15.046-03:00 DEBUG 53506 --- [rest-with-spring-boot-and-java] [           main] c.g.dozermapper.core.fieldmap.FieldMap   : Getting ready to invoke write method on the destination object. Dest Obj: PersonDTO, Dest value: null
2026-06-02T16:19:15.046-03:00 DEBUG 53506 --- [rest-with-spring-boot-and-java] [           main] c.g.dozermapper.core.MappingProcessor    : MAPPED: Person.profileUrl --> PersonDTO.profileUrl    VALUES: NULL --> NULL    MAPID: 
2026-06-02T16:19:15.046-03:00 DEBUG 53506 --- [rest-with-spring-boot-and-java] [           main] c.g.dozermapper.core.fieldmap.FieldMap   : Getting ready to invoke write method on the destination object. Dest Obj: PersonDTO, Dest value: Female
2026-06-02T16:19:15.047-03:00 DEBUG 53506 --- [rest-with-spring-boot-and-java] [           main] c.g.dozermapper.core.MappingProcessor    : MAPPED: Person.gender --> PersonDTO.gender    VALUES: Female --> Female    MAPID: 
2026-06-02T16:19:15.065-03:00 TRACE 53506 --- [rest-with-spring-boot-and-java] [           main] o.s.aop.framework.CglibAopProxy          : Creating CGLIB proxy: EmptyTargetSource: target class [br.com.wfsystems.controllers.PersonController], static
2026-06-02T16:19:15.122-03:00 TRACE 53506 --- [rest-with-spring-boot-and-java] [           main] o.s.aop.framework.CglibAopProxy          : Unable to apply any optimizations to advised method: public br.com.wfsystems.data.dto.v1.PersonDTO br.com.wfsystems.controllers.PersonController.update(br.com.wfsystems.data.dto.v1.PersonDTO)
2026-06-02T16:19:15.122-03:00 TRACE 53506 --- [rest-with-spring-boot-and-java] [           main] o.s.aop.framework.CglibAopProxy          : Unable to apply any optimizations to advised method: public org.springframework.http.ResponseEntity br.com.wfsystems.controllers.PersonController.delete(java.lang.Long)
2026-06-02T16:19:15.123-03:00 TRACE 53506 --- [rest-with-spring-boot-and-java] [           main] o.s.aop.framework.CglibAopProxy          : Unable to apply any optimizations to advised method: public br.com.wfsystems.data.dto.v1.PersonDTO br.com.wfsystems.controllers.PersonController.create(br.com.wfsystems.data.dto.v1.PersonDTO)
2026-06-02T16:19:15.123-03:00 TRACE 53506 --- [rest-with-spring-boot-and-java] [           main] o.s.aop.framework.CglibAopProxy          : Unable to apply any optimizations to advised method: public org.springframework.http.ResponseEntity br.com.wfsystems.controllers.PersonController.findAll(java.lang.Integer,java.lang.Integer,java.lang.String)
2026-06-02T16:19:15.123-03:00 TRACE 53506 --- [rest-with-spring-boot-and-java] [           main] o.s.aop.framework.CglibAopProxy          : Unable to apply any optimizations to advised method: public org.springframework.http.ResponseEntity br.com.wfsystems.controllers.PersonController.export(java.lang.Long,jakarta.servlet.http.HttpServletRequest)
2026-06-02T16:19:15.123-03:00 TRACE 53506 --- [rest-with-spring-boot-and-java] [           main] o.s.aop.framework.CglibAopProxy          : Unable to apply any optimizations to advised method: public org.springframework.http.ResponseEntity br.com.wfsystems.controllers.PersonController.findByName(java.lang.String,java.lang.Integer,java.lang.Integer,java.lang.String)
2026-06-02T16:19:15.123-03:00 TRACE 53506 --- [rest-with-spring-boot-and-java] [           main] o.s.aop.framework.CglibAopProxy          : Unable to apply any optimizations to advised method: public br.com.wfsystems.data.dto.v1.PersonDTO br.com.wfsystems.controllers.PersonController.findById(java.lang.Long)
2026-06-02T16:19:15.123-03:00 TRACE 53506 --- [rest-with-spring-boot-and-java] [           main] o.s.aop.framework.CglibAopProxy          : Unable to apply any optimizations to advised method: public br.com.wfsystems.data.dto.v1.PersonDTO br.com.wfsystems.controllers.PersonController.disablePerson(java.lang.Long)
2026-06-02T16:19:15.123-03:00 TRACE 53506 --- [rest-with-spring-boot-and-java] [           main] o.s.aop.framework.CglibAopProxy          : Unable to apply any optimizations to advised method: public org.springframework.http.ResponseEntity br.com.wfsystems.controllers.PersonController.exportPage(java.lang.Integer,java.lang.Integer,java.lang.String,jakarta.servlet.http.HttpServletRequest)
2026-06-02T16:19:15.123-03:00 TRACE 53506 --- [rest-with-spring-boot-and-java] [           main] o.s.aop.framework.CglibAopProxy          : Unable to apply any optimizations to advised method: public java.util.List br.com.wfsystems.controllers.PersonController.massCreation(org.springframework.web.multipart.MultipartFile)
2026-06-02T16:19:15.123-03:00 TRACE 53506 --- [rest-with-spring-boot-and-java] [           main] o.s.aop.framework.CglibAopProxy          : Found 'equals' method: public boolean java.lang.Object.equals(java.lang.Object)
2026-06-02T16:19:15.124-03:00 TRACE 53506 --- [rest-with-spring-boot-and-java] [           main] o.s.aop.framework.CglibAopProxy          : Unable to apply any optimizations to advised method: public java.lang.String java.lang.Object.toString()
2026-06-02T16:19:15.124-03:00 TRACE 53506 --- [rest-with-spring-boot-and-java] [           main] o.s.aop.framework.CglibAopProxy          : Found 'hashCode' method: public native int java.lang.Object.hashCode()
2026-06-02T16:19:15.125-03:00 TRACE 53506 --- [rest-with-spring-boot-and-java] [           main] o.s.aop.framework.CglibAopProxy          : Unable to apply any optimizations to advised method: protected native java.lang.Object java.lang.Object.clone() throws java.lang.CloneNotSupportedException
2026-06-02T16:19:15.125-03:00 TRACE 53506 --- [rest-with-spring-boot-and-java] [           main] o.s.aop.framework.CglibAopProxy          : Unable to apply any optimizations to advised method: public abstract org.springframework.hateoas.server.core.MethodInvocation org.springframework.hateoas.server.core.LastInvocationAware.getLastInvocation()
2026-06-02T16:19:15.125-03:00 TRACE 53506 --- [rest-with-spring-boot-and-java] [           main] o.s.aop.framework.CglibAopProxy          : Unable to apply any optimizations to advised method: public abstract java.util.Iterator org.springframework.hateoas.server.core.LastInvocationAware.getObjectParameters()
2026-06-02T16:19:15.125-03:00 TRACE 53506 --- [rest-with-spring-boot-and-java] [           main] o.s.aop.framework.CglibAopProxy          : Method is declared on Advised interface: public abstract int org.springframework.aop.framework.Advised.indexOf(org.springframework.aop.Advisor)
2026-06-02T16:19:15.125-03:00 TRACE 53506 --- [rest-with-spring-boot-and-java] [           main] o.s.aop.framework.CglibAopProxy          : Method is declared on Advised interface: public abstract int org.springframework.aop.framework.Advised.indexOf(org.aopalliance.aop.Advice)
2026-06-02T16:19:15.125-03:00 TRACE 53506 --- [rest-with-spring-boot-and-java] [           main] o.s.aop.framework.CglibAopProxy          : Method is declared on Advised interface: public abstract boolean org.springframework.aop.framework.Advised.isFrozen()
2026-06-02T16:19:15.125-03:00 TRACE 53506 --- [rest-with-spring-boot-and-java] [           main] o.s.aop.framework.CglibAopProxy          : Method is declared on Advised interface: public abstract org.springframework.aop.TargetSource org.springframework.aop.framework.Advised.getTargetSource()
2026-06-02T16:19:15.126-03:00 TRACE 53506 --- [rest-with-spring-boot-and-java] [           main] o.s.aop.framework.CglibAopProxy          : Method is declared on Advised interface: public abstract java.lang.Class[] org.springframework.aop.framework.Advised.getProxiedInterfaces()
2026-06-02T16:19:15.126-03:00 TRACE 53506 --- [rest-with-spring-boot-and-java] [           main] o.s.aop.framework.CglibAopProxy          : Method is declared on Advised interface: public abstract boolean org.springframework.aop.framework.Advised.isInterfaceProxied(java.lang.Class)
2026-06-02T16:19:15.126-03:00 TRACE 53506 --- [rest-with-spring-boot-and-java] [           main] o.s.aop.framework.CglibAopProxy          : Method is declared on Advised interface: public default int org.springframework.aop.framework.Advised.getAdvisorCount()
2026-06-02T16:19:15.126-03:00 TRACE 53506 --- [rest-with-spring-boot-and-java] [           main] o.s.aop.framework.CglibAopProxy          : Method is declared on Advised interface: public abstract org.springframework.aop.Advisor[] org.springframework.aop.framework.Advised.getAdvisors()
2026-06-02T16:19:15.126-03:00 TRACE 53506 --- [rest-with-spring-boot-and-java] [           main] o.s.aop.framework.CglibAopProxy          : Method is declared on Advised interface: public abstract boolean org.springframework.aop.framework.Advised.isProxyTargetClass()
2026-06-02T16:19:15.126-03:00 TRACE 53506 --- [rest-with-spring-boot-and-java] [           main] o.s.aop.framework.CglibAopProxy          : Method is declared on Advised interface: public abstract void org.springframework.aop.framework.Advised.setTargetSource(org.springframework.aop.TargetSource)
2026-06-02T16:19:15.126-03:00 TRACE 53506 --- [rest-with-spring-boot-and-java] [           main] o.s.aop.framework.CglibAopProxy          : Method is declared on Advised interface: public abstract void org.springframework.aop.framework.Advised.setExposeProxy(boolean)
2026-06-02T16:19:15.126-03:00 TRACE 53506 --- [rest-with-spring-boot-and-java] [           main] o.s.aop.framework.CglibAopProxy          : Method is declared on Advised interface: public abstract boolean org.springframework.aop.framework.Advised.isExposeProxy()
2026-06-02T16:19:15.126-03:00 TRACE 53506 --- [rest-with-spring-boot-and-java] [           main] o.s.aop.framework.CglibAopProxy          : Method is declared on Advised interface: public abstract void org.springframework.aop.framework.Advised.setPreFiltered(boolean)
2026-06-02T16:19:15.126-03:00 TRACE 53506 --- [rest-with-spring-boot-and-java] [           main] o.s.aop.framework.CglibAopProxy          : Method is declared on Advised interface: public abstract boolean org.springframework.aop.framework.Advised.isPreFiltered()
2026-06-02T16:19:15.126-03:00 TRACE 53506 --- [rest-with-spring-boot-and-java] [           main] o.s.aop.framework.CglibAopProxy          : Method is declared on Advised interface: public abstract void org.springframework.aop.framework.Advised.addAdvisor(org.springframework.aop.Advisor) throws org.springframework.aop.framework.AopConfigException
2026-06-02T16:19:15.126-03:00 TRACE 53506 --- [rest-with-spring-boot-and-java] [           main] o.s.aop.framework.CglibAopProxy          : Method is declared on Advised interface: public abstract void org.springframework.aop.framework.Advised.addAdvisor(int,org.springframework.aop.Advisor) throws org.springframework.aop.framework.AopConfigException
2026-06-02T16:19:15.126-03:00 TRACE 53506 --- [rest-with-spring-boot-and-java] [           main] o.s.aop.framework.CglibAopProxy          : Method is declared on Advised interface: public abstract boolean org.springframework.aop.framework.Advised.removeAdvisor(org.springframework.aop.Advisor)
2026-06-02T16:19:15.126-03:00 TRACE 53506 --- [rest-with-spring-boot-and-java] [           main] o.s.aop.framework.CglibAopProxy          : Method is declared on Advised interface: public abstract void org.springframework.aop.framework.Advised.removeAdvisor(int) throws org.springframework.aop.framework.AopConfigException
2026-06-02T16:19:15.127-03:00 TRACE 53506 --- [rest-with-spring-boot-and-java] [           main] o.s.aop.framework.CglibAopProxy          : Method is declared on Advised interface: public abstract boolean org.springframework.aop.framework.Advised.replaceAdvisor(org.springframework.aop.Advisor,org.springframework.aop.Advisor) throws org.springframework.aop.framework.AopConfigException
2026-06-02T16:19:15.127-03:00 TRACE 53506 --- [rest-with-spring-boot-and-java] [           main] o.s.aop.framework.CglibAopProxy          : Method is declared on Advised interface: public abstract void org.springframework.aop.framework.Advised.addAdvice(int,org.aopalliance.aop.Advice) throws org.springframework.aop.framework.AopConfigException
2026-06-02T16:19:15.127-03:00 TRACE 53506 --- [rest-with-spring-boot-and-java] [           main] o.s.aop.framework.CglibAopProxy          : Method is declared on Advised interface: public abstract void org.springframework.aop.framework.Advised.addAdvice(org.aopalliance.aop.Advice) throws org.springframework.aop.framework.AopConfigException
2026-06-02T16:19:15.127-03:00 TRACE 53506 --- [rest-with-spring-boot-and-java] [           main] o.s.aop.framework.CglibAopProxy          : Method is declared on Advised interface: public abstract boolean org.springframework.aop.framework.Advised.removeAdvice(org.aopalliance.aop.Advice)
2026-06-02T16:19:15.127-03:00 TRACE 53506 --- [rest-with-spring-boot-and-java] [           main] o.s.aop.framework.CglibAopProxy          : Method is declared on Advised interface: public abstract java.lang.String org.springframework.aop.framework.Advised.toProxyConfigString()
2026-06-02T16:19:15.127-03:00 TRACE 53506 --- [rest-with-spring-boot-and-java] [           main] o.s.aop.framework.CglibAopProxy          : Method is declared on Advised interface: public abstract java.lang.Class org.springframework.aop.TargetClassAware.getTargetClass()
2026-06-02T16:19:15.173-03:00 TRACE 53506 --- [rest-with-spring-boot-and-java] [           main] o.s.aop.framework.CglibAopProxy          : Creating CGLIB proxy: EmptyTargetSource: target class [br.com.wfsystems.data.dto.v1.PersonDTO], static
2026-06-02T16:19:15.176-03:00 TRACE 53506 --- [rest-with-spring-boot-and-java] [           main] o.s.aop.framework.CglibAopProxy          : Unable to apply any optimizations to advised method: public java.lang.String br.com.wfsystems.data.dto.v1.PersonDTO.getName()
2026-06-02T16:19:15.176-03:00 TRACE 53506 --- [rest-with-spring-boot-and-java] [           main] o.s.aop.framework.CglibAopProxy          : Found 'equals' method: public boolean br.com.wfsystems.data.dto.v1.PersonDTO.equals(java.lang.Object)
2026-06-02T16:19:15.176-03:00 TRACE 53506 --- [rest-with-spring-boot-and-java] [           main] o.s.aop.framework.CglibAopProxy          : Found 'hashCode' method: public int br.com.wfsystems.data.dto.v1.PersonDTO.hashCode()
2026-06-02T16:19:15.176-03:00 TRACE 53506 --- [rest-with-spring-boot-and-java] [           main] o.s.aop.framework.CglibAopProxy          : Unable to apply any optimizations to advised method: public java.lang.Long br.com.wfsystems.data.dto.v1.PersonDTO.getId()
2026-06-02T16:19:15.176-03:00 TRACE 53506 --- [rest-with-spring-boot-and-java] [           main] o.s.aop.framework.CglibAopProxy          : Unable to apply any optimizations to advised method: public java.lang.String br.com.wfsystems.data.dto.v1.PersonDTO.getAddress()
2026-06-02T16:19:15.176-03:00 TRACE 53506 --- [rest-with-spring-boot-and-java] [           main] o.s.aop.framework.CglibAopProxy          : Unable to apply any optimizations to advised method: public java.lang.String br.com.wfsystems.data.dto.v1.PersonDTO.getFirstName()
2026-06-02T16:19:15.177-03:00 TRACE 53506 --- [rest-with-spring-boot-and-java] [           main] o.s.aop.framework.CglibAopProxy          : Unable to apply any optimizations to advised method: public java.lang.String br.com.wfsystems.data.dto.v1.PersonDTO.getLastName()
2026-06-02T16:19:15.177-03:00 TRACE 53506 --- [rest-with-spring-boot-and-java] [           main] o.s.aop.framework.CglibAopProxy          : Unable to apply any optimizations to advised method: public java.lang.String br.com.wfsystems.data.dto.v1.PersonDTO.getGender()
2026-06-02T16:19:15.177-03:00 TRACE 53506 --- [rest-with-spring-boot-and-java] [           main] o.s.aop.framework.CglibAopProxy          : Unable to apply any optimizations to advised method: public void br.com.wfsystems.data.dto.v1.PersonDTO.setFirstName(java.lang.String)
2026-06-02T16:19:15.177-03:00 TRACE 53506 --- [rest-with-spring-boot-and-java] [           main] o.s.aop.framework.CglibAopProxy          : Unable to apply any optimizations to advised method: public void br.com.wfsystems.data.dto.v1.PersonDTO.setLastName(java.lang.String)
2026-06-02T16:19:15.177-03:00 TRACE 53506 --- [rest-with-spring-boot-and-java] [           main] o.s.aop.framework.CglibAopProxy          : Unable to apply any optimizations to advised method: public void br.com.wfsystems.data.dto.v1.PersonDTO.setAddress(java.lang.String)
2026-06-02T16:19:15.177-03:00 TRACE 53506 --- [rest-with-spring-boot-and-java] [           main] o.s.aop.framework.CglibAopProxy          : Unable to apply any optimizations to advised method: public void br.com.wfsystems.data.dto.v1.PersonDTO.setGender(java.lang.String)
2026-06-02T16:19:15.177-03:00 TRACE 53506 --- [rest-with-spring-boot-and-java] [           main] o.s.aop.framework.CglibAopProxy          : Unable to apply any optimizations to advised method: public void br.com.wfsystems.data.dto.v1.PersonDTO.setEnabled(java.lang.Boolean)
2026-06-02T16:19:15.177-03:00 TRACE 53506 --- [rest-with-spring-boot-and-java] [           main] o.s.aop.framework.CglibAopProxy          : Unable to apply any optimizations to advised method: public void br.com.wfsystems.data.dto.v1.PersonDTO.setId(java.lang.Long)
2026-06-02T16:19:15.177-03:00 TRACE 53506 --- [rest-with-spring-boot-and-java] [           main] o.s.aop.framework.CglibAopProxy          : Unable to apply any optimizations to advised method: public java.util.List br.com.wfsystems.data.dto.v1.PersonDTO.getBooks()
2026-06-02T16:19:15.177-03:00 TRACE 53506 --- [rest-with-spring-boot-and-java] [           main] o.s.aop.framework.CglibAopProxy          : Unable to apply any optimizations to advised method: public java.lang.Boolean br.com.wfsystems.data.dto.v1.PersonDTO.getEnabled()
2026-06-02T16:19:15.177-03:00 TRACE 53506 --- [rest-with-spring-boot-and-java] [           main] o.s.aop.framework.CglibAopProxy          : Unable to apply any optimizations to advised method: public void br.com.wfsystems.data.dto.v1.PersonDTO.setBooks(java.util.List)
2026-06-02T16:19:15.177-03:00 TRACE 53506 --- [rest-with-spring-boot-and-java] [           main] o.s.aop.framework.CglibAopProxy          : Unable to apply any optimizations to advised method: public java.lang.String br.com.wfsystems.data.dto.v1.PersonDTO.getProfileUrl()
2026-06-02T16:19:15.177-03:00 TRACE 53506 --- [rest-with-spring-boot-and-java] [           main] o.s.aop.framework.CglibAopProxy          : Unable to apply any optimizations to advised method: public void br.com.wfsystems.data.dto.v1.PersonDTO.setProfileUrl(java.lang.String)
2026-06-02T16:19:15.177-03:00 TRACE 53506 --- [rest-with-spring-boot-and-java] [           main] o.s.aop.framework.CglibAopProxy          : Unable to apply any optimizations to advised method: public java.lang.String br.com.wfsystems.data.dto.v1.PersonDTO.getPhotoUrl()
2026-06-02T16:19:15.177-03:00 TRACE 53506 --- [rest-with-spring-boot-and-java] [           main] o.s.aop.framework.CglibAopProxy          : Unable to apply any optimizations to advised method: public void br.com.wfsystems.data.dto.v1.PersonDTO.setPhotoUrl(java.lang.String)
2026-06-02T16:19:15.177-03:00 TRACE 53506 --- [rest-with-spring-boot-and-java] [           main] o.s.aop.framework.CglibAopProxy          : Unable to apply any optimizations to advised method: public java.lang.String org.springframework.hateoas.RepresentationModel.toString()
2026-06-02T16:19:15.177-03:00 TRACE 53506 --- [rest-with-spring-boot-and-java] [           main] o.s.aop.framework.CglibAopProxy          : Unable to apply any optimizations to advised method: public org.springframework.hateoas.RepresentationModel org.springframework.hateoas.RepresentationModel.add(org.springframework.hateoas.Link)
2026-06-02T16:19:15.178-03:00 TRACE 53506 --- [rest-with-spring-boot-and-java] [           main] o.s.aop.framework.CglibAopProxy          : Unable to apply any optimizations to advised method: public org.springframework.hateoas.RepresentationModel org.springframework.hateoas.RepresentationModel.add(org.springframework.hateoas.Link[])
2026-06-02T16:19:15.178-03:00 TRACE 53506 --- [rest-with-spring-boot-and-java] [           main] o.s.aop.framework.CglibAopProxy          : Unable to apply any optimizations to advised method: public org.springframework.hateoas.RepresentationModel org.springframework.hateoas.RepresentationModel.add(java.lang.Iterable)
2026-06-02T16:19:15.178-03:00 TRACE 53506 --- [rest-with-spring-boot-and-java] [           main] o.s.aop.framework.CglibAopProxy          : Unable to apply any optimizations to advised method: public org.springframework.hateoas.Links org.springframework.hateoas.RepresentationModel.getLinks()
2026-06-02T16:19:15.178-03:00 TRACE 53506 --- [rest-with-spring-boot-and-java] [           main] o.s.aop.framework.CglibAopProxy          : Unable to apply any optimizations to advised method: public java.util.List org.springframework.hateoas.RepresentationModel.getLinks(java.lang.String)
2026-06-02T16:19:15.178-03:00 TRACE 53506 --- [rest-with-spring-boot-and-java] [           main] o.s.aop.framework.CglibAopProxy          : Unable to apply any optimizations to advised method: public java.util.List org.springframework.hateoas.RepresentationModel.getLinks(org.springframework.hateoas.LinkRelation)
2026-06-02T16:19:15.178-03:00 TRACE 53506 --- [rest-with-spring-boot-and-java] [           main] o.s.aop.framework.CglibAopProxy          : Unable to apply any optimizations to advised method: public java.util.Optional org.springframework.hateoas.RepresentationModel.getLink(org.springframework.hateoas.LinkRelation)
2026-06-02T16:19:15.178-03:00 TRACE 53506 --- [rest-with-spring-boot-and-java] [           main] o.s.aop.framework.CglibAopProxy          : Unable to apply any optimizations to advised method: public java.util.Optional org.springframework.hateoas.RepresentationModel.getLink(java.lang.String)
2026-06-02T16:19:15.178-03:00 TRACE 53506 --- [rest-with-spring-boot-and-java] [           main] o.s.aop.framework.CglibAopProxy          : Unable to apply any optimizations to advised method: public boolean org.springframework.hateoas.RepresentationModel.hasLink(org.springframework.hateoas.LinkRelation)
2026-06-02T16:19:15.178-03:00 TRACE 53506 --- [rest-with-spring-boot-and-java] [           main] o.s.aop.framework.CglibAopProxy          : Unable to apply any optimizations to advised method: public boolean org.springframework.hateoas.RepresentationModel.hasLink(java.lang.String)
2026-06-02T16:19:15.178-03:00 TRACE 53506 --- [rest-with-spring-boot-and-java] [           main] o.s.aop.framework.CglibAopProxy          : Unable to apply any optimizations to advised method: public org.springframework.hateoas.Link org.springframework.hateoas.RepresentationModel.getRequiredLink(java.lang.String)
2026-06-02T16:19:15.178-03:00 TRACE 53506 --- [rest-with-spring-boot-and-java] [           main] o.s.aop.framework.CglibAopProxy          : Unable to apply any optimizations to advised method: public org.springframework.hateoas.Link org.springframework.hateoas.RepresentationModel.getRequiredLink(org.springframework.hateoas.LinkRelation)
2026-06-02T16:19:15.179-03:00 TRACE 53506 --- [rest-with-spring-boot-and-java] [           main] o.s.aop.framework.CglibAopProxy          : Unable to apply any optimizations to advised method: public org.springframework.hateoas.RepresentationModel org.springframework.hateoas.RepresentationModel.mapLinkIf(boolean,org.springframework.hateoas.LinkRelation,java.util.function.Function)
2026-06-02T16:19:15.179-03:00 TRACE 53506 --- [rest-with-spring-boot-and-java] [           main] o.s.aop.framework.CglibAopProxy          : Unable to apply any optimizations to advised method: public org.springframework.hateoas.RepresentationModel org.springframework.hateoas.RepresentationModel.addIf(boolean,java.util.function.Supplier)
2026-06-02T16:19:15.179-03:00 TRACE 53506 --- [rest-with-spring-boot-and-java] [           main] o.s.aop.framework.CglibAopProxy          : Unable to apply any optimizations to advised method: public org.springframework.hateoas.RepresentationModel org.springframework.hateoas.RepresentationModel.addAllIf(boolean,java.util.function.Supplier)
2026-06-02T16:19:15.179-03:00 TRACE 53506 --- [rest-with-spring-boot-and-java] [           main] o.s.aop.framework.CglibAopProxy          : Unable to apply any optimizations to advised method: public boolean org.springframework.hateoas.RepresentationModel.hasLinks()
2026-06-02T16:19:15.179-03:00 TRACE 53506 --- [rest-with-spring-boot-and-java] [           main] o.s.aop.framework.CglibAopProxy          : Unable to apply any optimizations to advised method: public org.springframework.hateoas.RepresentationModel org.springframework.hateoas.RepresentationModel.removeLinks()
2026-06-02T16:19:15.179-03:00 TRACE 53506 --- [rest-with-spring-boot-and-java] [           main] o.s.aop.framework.CglibAopProxy          : Unable to apply any optimizations to advised method: public org.springframework.hateoas.RepresentationModel org.springframework.hateoas.RepresentationModel.mapLink(org.springframework.hateoas.LinkRelation,java.util.function.Function)
2026-06-02T16:19:15.179-03:00 TRACE 53506 --- [rest-with-spring-boot-and-java] [           main] o.s.aop.framework.CglibAopProxy          : Unable to apply any optimizations to advised method: protected native java.lang.Object java.lang.Object.clone() throws java.lang.CloneNotSupportedException
2026-06-02T16:19:15.179-03:00 TRACE 53506 --- [rest-with-spring-boot-and-java] [           main] o.s.aop.framework.CglibAopProxy          : Unable to apply any optimizations to advised method: public abstract org.springframework.hateoas.server.core.MethodInvocation org.springframework.hateoas.server.core.LastInvocationAware.getLastInvocation()
2026-06-02T16:19:15.179-03:00 TRACE 53506 --- [rest-with-spring-boot-and-java] [           main] o.s.aop.framework.CglibAopProxy          : Unable to apply any optimizations to advised method: public abstract java.util.Iterator org.springframework.hateoas.server.core.LastInvocationAware.getObjectParameters()
2026-06-02T16:19:15.179-03:00 TRACE 53506 --- [rest-with-spring-boot-and-java] [           main] o.s.aop.framework.CglibAopProxy          : Method is declared on Advised interface: public abstract int org.springframework.aop.framework.Advised.indexOf(org.springframework.aop.Advisor)
2026-06-02T16:19:15.180-03:00 TRACE 53506 --- [rest-with-spring-boot-and-java] [           main] o.s.aop.framework.CglibAopProxy          : Method is declared on Advised interface: public abstract int org.springframework.aop.framework.Advised.indexOf(org.aopalliance.aop.Advice)
2026-06-02T16:19:15.180-03:00 TRACE 53506 --- [rest-with-spring-boot-and-java] [           main] o.s.aop.framework.CglibAopProxy          : Method is declared on Advised interface: public abstract boolean org.springframework.aop.framework.Advised.isFrozen()
2026-06-02T16:19:15.180-03:00 TRACE 53506 --- [rest-with-spring-boot-and-java] [           main] o.s.aop.framework.CglibAopProxy          : Method is declared on Advised interface: public abstract org.springframework.aop.TargetSource org.springframework.aop.framework.Advised.getTargetSource()
2026-06-02T16:19:15.180-03:00 TRACE 53506 --- [rest-with-spring-boot-and-java] [           main] o.s.aop.framework.CglibAopProxy          : Method is declared on Advised interface: public abstract java.lang.Class[] org.springframework.aop.framework.Advised.getProxiedInterfaces()
2026-06-02T16:19:15.180-03:00 TRACE 53506 --- [rest-with-spring-boot-and-java] [           main] o.s.aop.framework.CglibAopProxy          : Method is declared on Advised interface: public abstract boolean org.springframework.aop.framework.Advised.isInterfaceProxied(java.lang.Class)
2026-06-02T16:19:15.180-03:00 TRACE 53506 --- [rest-with-spring-boot-and-java] [           main] o.s.aop.framework.CglibAopProxy          : Method is declared on Advised interface: public default int org.springframework.aop.framework.Advised.getAdvisorCount()
2026-06-02T16:19:15.180-03:00 TRACE 53506 --- [rest-with-spring-boot-and-java] [           main] o.s.aop.framework.CglibAopProxy          : Method is declared on Advised interface: public abstract org.springframework.aop.Advisor[] org.springframework.aop.framework.Advised.getAdvisors()
2026-06-02T16:19:15.181-03:00 TRACE 53506 --- [rest-with-spring-boot-and-java] [           main] o.s.aop.framework.CglibAopProxy          : Method is declared on Advised interface: public abstract boolean org.springframework.aop.framework.Advised.isProxyTargetClass()
2026-06-02T16:19:15.181-03:00 TRACE 53506 --- [rest-with-spring-boot-and-java] [           main] o.s.aop.framework.CglibAopProxy          : Method is declared on Advised interface: public abstract void org.springframework.aop.framework.Advised.setTargetSource(org.springframework.aop.TargetSource)
2026-06-02T16:19:15.181-03:00 TRACE 53506 --- [rest-with-spring-boot-and-java] [           main] o.s.aop.framework.CglibAopProxy          : Method is declared on Advised interface: public abstract void org.springframework.aop.framework.Advised.setExposeProxy(boolean)
2026-06-02T16:19:15.181-03:00 TRACE 53506 --- [rest-with-spring-boot-and-java] [           main] o.s.aop.framework.CglibAopProxy          : Method is declared on Advised interface: public abstract boolean org.springframework.aop.framework.Advised.isExposeProxy()
2026-06-02T16:19:15.181-03:00 TRACE 53506 --- [rest-with-spring-boot-and-java] [           main] o.s.aop.framework.CglibAopProxy          : Method is declared on Advised interface: public abstract void org.springframework.aop.framework.Advised.setPreFiltered(boolean)
2026-06-02T16:19:15.181-03:00 TRACE 53506 --- [rest-with-spring-boot-and-java] [           main] o.s.aop.framework.CglibAopProxy          : Method is declared on Advised interface: public abstract boolean org.springframework.aop.framework.Advised.isPreFiltered()
2026-06-02T16:19:15.181-03:00 TRACE 53506 --- [rest-with-spring-boot-and-java] [           main] o.s.aop.framework.CglibAopProxy          : Method is declared on Advised interface: public abstract void org.springframework.aop.framework.Advised.addAdvisor(org.springframework.aop.Advisor) throws org.springframework.aop.framework.AopConfigException
2026-06-02T16:19:15.181-03:00 TRACE 53506 --- [rest-with-spring-boot-and-java] [           main] o.s.aop.framework.CglibAopProxy          : Method is declared on Advised interface: public abstract void org.springframework.aop.framework.Advised.addAdvisor(int,org.springframework.aop.Advisor) throws org.springframework.aop.framework.AopConfigException
2026-06-02T16:19:15.181-03:00 TRACE 53506 --- [rest-with-spring-boot-and-java] [           main] o.s.aop.framework.CglibAopProxy          : Method is declared on Advised interface: public abstract boolean org.springframework.aop.framework.Advised.removeAdvisor(org.springframework.aop.Advisor)
2026-06-02T16:19:15.181-03:00 TRACE 53506 --- [rest-with-spring-boot-and-java] [           main] o.s.aop.framework.CglibAopProxy          : Method is declared on Advised interface: public abstract void org.springframework.aop.framework.Advised.removeAdvisor(int) throws org.springframework.aop.framework.AopConfigException
2026-06-02T16:19:15.181-03:00 TRACE 53506 --- [rest-with-spring-boot-and-java] [           main] o.s.aop.framework.CglibAopProxy          : Method is declared on Advised interface: public abstract boolean org.springframework.aop.framework.Advised.replaceAdvisor(org.springframework.aop.Advisor,org.springframework.aop.Advisor) throws org.springframework.aop.framework.AopConfigException
2026-06-02T16:19:15.182-03:00 TRACE 53506 --- [rest-with-spring-boot-and-java] [           main] o.s.aop.framework.CglibAopProxy          : Method is declared on Advised interface: public abstract void org.springframework.aop.framework.Advised.addAdvice(int,org.aopalliance.aop.Advice) throws org.springframework.aop.framework.AopConfigException
2026-06-02T16:19:15.182-03:00 TRACE 53506 --- [rest-with-spring-boot-and-java] [           main] o.s.aop.framework.CglibAopProxy          : Method is declared on Advised interface: public abstract void org.springframework.aop.framework.Advised.addAdvice(org.aopalliance.aop.Advice) throws org.springframework.aop.framework.AopConfigException
2026-06-02T16:19:15.182-03:00 TRACE 53506 --- [rest-with-spring-boot-and-java] [           main] o.s.aop.framework.CglibAopProxy          : Method is declared on Advised interface: public abstract boolean org.springframework.aop.framework.Advised.removeAdvice(org.aopalliance.aop.Advice)
2026-06-02T16:19:15.182-03:00 TRACE 53506 --- [rest-with-spring-boot-and-java] [           main] o.s.aop.framework.CglibAopProxy          : Method is declared on Advised interface: public abstract java.lang.String org.springframework.aop.framework.Advised.toProxyConfigString()
2026-06-02T16:19:15.182-03:00 TRACE 53506 --- [rest-with-spring-boot-and-java] [           main] o.s.aop.framework.CglibAopProxy          : Method is declared on Advised interface: public abstract java.lang.Class org.springframework.aop.TargetClassAware.getTargetClass()
2026-06-02T16:19:15.232-03:00 TRACE 53506 --- [rest-with-spring-boot-and-java] [           main] _.springframework.web.util.RfcUriParser  : START -> HOST_OR_PATH, index=0, componentIndex=0
2026-06-02T16:19:15.232-03:00 TRACE 53506 --- [rest-with-spring-boot-and-java] [           main] _.springframework.web.util.RfcUriParser  : HOST_OR_PATH -> PATH, index=1, componentIndex=0
2026-06-02T16:19:15.232-03:00 TRACE 53506 --- [rest-with-spring-boot-and-java] [           main] _.springframework.web.util.RfcUriParser  : path set to '/api/person/v1/{id}'
2026-06-02T16:19:15.262-03:00 TRACE 53506 --- [rest-with-spring-boot-and-java] [           main] o.s.c.io.support.SpringFactoriesLoader   : Loaded [org.springframework.hateoas.mediatype.AffordanceModelFactory] names: [org.springframework.hateoas.mediatype.collectionjson.CollectionJsonAffordanceModelFactory, org.springframework.hateoas.mediatype.hal.forms.HalFormsAffordanceModelFactory, org.springframework.hateoas.mediatype.uber.UberAffordanceModelFactory]
2026-06-02T16:19:15.271-03:00 TRACE 53506 --- [rest-with-spring-boot-and-java] [           main] o.s.c.io.support.SpringFactoriesLoader   : Loaded [org.springframework.beans.BeanInfoFactory] names: [org.springframework.data.util.KotlinBeanInfoFactory]
2026-06-02T16:19:15.273-03:00 TRACE 53506 --- [rest-with-spring-boot-and-java] [           main] o.s.beans.CachedIntrospectionResults     : Getting BeanInfo for class [br.com.wfsystems.data.dto.v1.PersonDTO]
2026-06-02T16:19:15.274-03:00 TRACE 53506 --- [rest-with-spring-boot-and-java] [           main] o.s.beans.CachedIntrospectionResults     : Caching PropertyDescriptors for class [br.com.wfsystems.data.dto.v1.PersonDTO]
2026-06-02T16:19:15.274-03:00 TRACE 53506 --- [rest-with-spring-boot-and-java] [           main] o.s.beans.CachedIntrospectionResults     : Found bean property 'address' of type [java.lang.String]
2026-06-02T16:19:15.275-03:00 TRACE 53506 --- [rest-with-spring-boot-and-java] [           main] o.s.beans.CachedIntrospectionResults     : Found bean property 'books' of type [java.util.List]
2026-06-02T16:19:15.275-03:00 TRACE 53506 --- [rest-with-spring-boot-and-java] [           main] o.s.beans.CachedIntrospectionResults     : Found bean property 'class' of type [java.lang.Class]
2026-06-02T16:19:15.275-03:00 TRACE 53506 --- [rest-with-spring-boot-and-java] [           main] o.s.beans.CachedIntrospectionResults     : Found bean property 'enabled' of type [java.lang.Boolean]
2026-06-02T16:19:15.275-03:00 TRACE 53506 --- [rest-with-spring-boot-and-java] [           main] o.s.beans.CachedIntrospectionResults     : Found bean property 'firstName' of type [java.lang.String]
2026-06-02T16:19:15.275-03:00 TRACE 53506 --- [rest-with-spring-boot-and-java] [           main] o.s.beans.CachedIntrospectionResults     : Found bean property 'gender' of type [java.lang.String]
2026-06-02T16:19:15.276-03:00 TRACE 53506 --- [rest-with-spring-boot-and-java] [           main] o.s.beans.CachedIntrospectionResults     : Found bean property 'id' of type [java.lang.Long]
2026-06-02T16:19:15.276-03:00 TRACE 53506 --- [rest-with-spring-boot-and-java] [           main] o.s.beans.CachedIntrospectionResults     : Found bean property 'lastName' of type [java.lang.String]
2026-06-02T16:19:15.276-03:00 TRACE 53506 --- [rest-with-spring-boot-and-java] [           main] o.s.beans.CachedIntrospectionResults     : Found bean property 'links' of type [org.springframework.hateoas.Links]
2026-06-02T16:19:15.276-03:00 TRACE 53506 --- [rest-with-spring-boot-and-java] [           main] o.s.beans.CachedIntrospectionResults     : Found bean property 'name' of type [java.lang.String]
2026-06-02T16:19:15.276-03:00 TRACE 53506 --- [rest-with-spring-boot-and-java] [           main] o.s.beans.CachedIntrospectionResults     : Found bean property 'photoUrl' of type [java.lang.String]
2026-06-02T16:19:15.276-03:00 TRACE 53506 --- [rest-with-spring-boot-and-java] [           main] o.s.beans.CachedIntrospectionResults     : Found bean property 'profileUrl' of type [java.lang.String]
2026-06-02T16:19:15.282-03:00 TRACE 53506 --- [rest-with-spring-boot-and-java] [           main] o.s.c.io.support.SpringFactoriesLoader   : Loaded [org.springframework.hateoas.mediatype.InputTypeFactory] names: [org.springframework.hateoas.mediatype.html.HtmlInputTypeFactory]
2026-06-02T16:19:15.294-03:00 TRACE 53506 --- [rest-with-spring-boot-and-java] [           main] o.s.aop.framework.CglibAopProxy          : Creating CGLIB proxy: EmptyTargetSource: target class [org.springframework.http.ResponseEntity], static
2026-06-02T16:19:15.298-03:00 TRACE 53506 --- [rest-with-spring-boot-and-java] [           main] o.s.aop.framework.CglibAopProxy          : Unable to apply any optimizations to advised method: public org.springframework.http.HttpStatusCode org.springframework.http.ResponseEntity.getStatusCode()
2026-06-02T16:19:15.298-03:00 TRACE 53506 --- [rest-with-spring-boot-and-java] [           main] o.s.aop.framework.CglibAopProxy          : Found 'equals' method: public boolean org.springframework.http.ResponseEntity.equals(java.lang.Object)
2026-06-02T16:19:15.298-03:00 TRACE 53506 --- [rest-with-spring-boot-and-java] [           main] o.s.aop.framework.CglibAopProxy          : Unable to apply any optimizations to advised method: public java.lang.String org.springframework.http.ResponseEntity.toString()
2026-06-02T16:19:15.298-03:00 TRACE 53506 --- [rest-with-spring-boot-and-java] [           main] o.s.aop.framework.CglibAopProxy          : Found 'hashCode' method: public int org.springframework.http.ResponseEntity.hashCode()
2026-06-02T16:19:15.298-03:00 TRACE 53506 --- [rest-with-spring-boot-and-java] [           main] o.s.aop.framework.CglibAopProxy          : Unable to apply any optimizations to advised method: public int org.springframework.http.ResponseEntity.getStatusCodeValue()
2026-06-02T16:19:15.298-03:00 TRACE 53506 --- [rest-with-spring-boot-and-java] [           main] o.s.aop.framework.CglibAopProxy          : Unable to apply any optimizations to advised method: public java.lang.Object org.springframework.http.HttpEntity.getBody()
2026-06-02T16:19:15.298-03:00 TRACE 53506 --- [rest-with-spring-boot-and-java] [           main] o.s.aop.framework.CglibAopProxy          : Unable to apply any optimizations to advised method: public boolean org.springframework.http.HttpEntity.hasBody()
2026-06-02T16:19:15.298-03:00 TRACE 53506 --- [rest-with-spring-boot-and-java] [           main] o.s.aop.framework.CglibAopProxy          : Unable to apply any optimizations to advised method: public org.springframework.http.HttpHeaders org.springframework.http.HttpEntity.getHeaders()
2026-06-02T16:19:15.298-03:00 TRACE 53506 --- [rest-with-spring-boot-and-java] [           main] o.s.aop.framework.CglibAopProxy          : Unable to apply any optimizations to advised method: protected native java.lang.Object java.lang.Object.clone() throws java.lang.CloneNotSupportedException
2026-06-02T16:19:15.298-03:00 TRACE 53506 --- [rest-with-spring-boot-and-java] [           main] o.s.aop.framework.CglibAopProxy          : Unable to apply any optimizations to advised method: public abstract org.springframework.hateoas.server.core.MethodInvocation org.springframework.hateoas.server.core.LastInvocationAware.getLastInvocation()
2026-06-02T16:19:15.298-03:00 TRACE 53506 --- [rest-with-spring-boot-and-java] [           main] o.s.aop.framework.CglibAopProxy          : Unable to apply any optimizations to advised method: public abstract java.util.Iterator org.springframework.hateoas.server.core.LastInvocationAware.getObjectParameters()
2026-06-02T16:19:15.299-03:00 TRACE 53506 --- [rest-with-spring-boot-and-java] [           main] o.s.aop.framework.CglibAopProxy          : Method is declared on Advised interface: public abstract int org.springframework.aop.framework.Advised.indexOf(org.springframework.aop.Advisor)
2026-06-02T16:19:15.299-03:00 TRACE 53506 --- [rest-with-spring-boot-and-java] [           main] o.s.aop.framework.CglibAopProxy          : Method is declared on Advised interface: public abstract int org.springframework.aop.framework.Advised.indexOf(org.aopalliance.aop.Advice)
2026-06-02T16:19:15.299-03:00 TRACE 53506 --- [rest-with-spring-boot-and-java] [           main] o.s.aop.framework.CglibAopProxy          : Method is declared on Advised interface: public abstract boolean org.springframework.aop.framework.Advised.isFrozen()
2026-06-02T16:19:15.299-03:00 TRACE 53506 --- [rest-with-spring-boot-and-java] [           main] o.s.aop.framework.CglibAopProxy          : Method is declared on Advised interface: public abstract org.springframework.aop.TargetSource org.springframework.aop.framework.Advised.getTargetSource()
2026-06-02T16:19:15.299-03:00 TRACE 53506 --- [rest-with-spring-boot-and-java] [           main] o.s.aop.framework.CglibAopProxy          : Method is declared on Advised interface: public abstract java.lang.Class[] org.springframework.aop.framework.Advised.getProxiedInterfaces()
2026-06-02T16:19:15.299-03:00 TRACE 53506 --- [rest-with-spring-boot-and-java] [           main] o.s.aop.framework.CglibAopProxy          : Method is declared on Advised interface: public abstract boolean org.springframework.aop.framework.Advised.isInterfaceProxied(java.lang.Class)
2026-06-02T16:19:15.299-03:00 TRACE 53506 --- [rest-with-spring-boot-and-java] [           main] o.s.aop.framework.CglibAopProxy          : Method is declared on Advised interface: public default int org.springframework.aop.framework.Advised.getAdvisorCount()
2026-06-02T16:19:15.299-03:00 TRACE 53506 --- [rest-with-spring-boot-and-java] [           main] o.s.aop.framework.CglibAopProxy          : Method is declared on Advised interface: public abstract org.springframework.aop.Advisor[] org.springframework.aop.framework.Advised.getAdvisors()
2026-06-02T16:19:15.299-03:00 TRACE 53506 --- [rest-with-spring-boot-and-java] [           main] o.s.aop.framework.CglibAopProxy          : Method is declared on Advised interface: public abstract boolean org.springframework.aop.framework.Advised.isProxyTargetClass()
2026-06-02T16:19:15.299-03:00 TRACE 53506 --- [rest-with-spring-boot-and-java] [           main] o.s.aop.framework.CglibAopProxy          : Method is declared on Advised interface: public abstract void org.springframework.aop.framework.Advised.setTargetSource(org.springframework.aop.TargetSource)
2026-06-02T16:19:15.299-03:00 TRACE 53506 --- [rest-with-spring-boot-and-java] [           main] o.s.aop.framework.CglibAopProxy          : Method is declared on Advised interface: public abstract void org.springframework.aop.framework.Advised.setExposeProxy(boolean)
2026-06-02T16:19:15.299-03:00 TRACE 53506 --- [rest-with-spring-boot-and-java] [           main] o.s.aop.framework.CglibAopProxy          : Method is declared on Advised interface: public abstract boolean org.springframework.aop.framework.Advised.isExposeProxy()
2026-06-02T16:19:15.299-03:00 TRACE 53506 --- [rest-with-spring-boot-and-java] [           main] o.s.aop.framework.CglibAopProxy          : Method is declared on Advised interface: public abstract void org.springframework.aop.framework.Advised.setPreFiltered(boolean)
2026-06-02T16:19:15.299-03:00 TRACE 53506 --- [rest-with-spring-boot-and-java] [           main] o.s.aop.framework.CglibAopProxy          : Method is declared on Advised interface: public abstract boolean org.springframework.aop.framework.Advised.isPreFiltered()
2026-06-02T16:19:15.299-03:00 TRACE 53506 --- [rest-with-spring-boot-and-java] [           main] o.s.aop.framework.CglibAopProxy          : Method is declared on Advised interface: public abstract void org.springframework.aop.framework.Advised.addAdvisor(org.springframework.aop.Advisor) throws org.springframework.aop.framework.AopConfigException
2026-06-02T16:19:15.299-03:00 TRACE 53506 --- [rest-with-spring-boot-and-java] [           main] o.s.aop.framework.CglibAopProxy          : Method is declared on Advised interface: public abstract void org.springframework.aop.framework.Advised.addAdvisor(int,org.springframework.aop.Advisor) throws org.springframework.aop.framework.AopConfigException
2026-06-02T16:19:15.299-03:00 TRACE 53506 --- [rest-with-spring-boot-and-java] [           main] o.s.aop.framework.CglibAopProxy          : Method is declared on Advised interface: public abstract boolean org.springframework.aop.framework.Advised.removeAdvisor(org.springframework.aop.Advisor)
2026-06-02T16:19:15.299-03:00 TRACE 53506 --- [rest-with-spring-boot-and-java] [           main] o.s.aop.framework.CglibAopProxy          : Method is declared on Advised interface: public abstract void org.springframework.aop.framework.Advised.removeAdvisor(int) throws org.springframework.aop.framework.AopConfigException
2026-06-02T16:19:15.299-03:00 TRACE 53506 --- [rest-with-spring-boot-and-java] [           main] o.s.aop.framework.CglibAopProxy          : Method is declared on Advised interface: public abstract boolean org.springframework.aop.framework.Advised.replaceAdvisor(org.springframework.aop.Advisor,org.springframework.aop.Advisor) throws org.springframework.aop.framework.AopConfigException
2026-06-02T16:19:15.299-03:00 TRACE 53506 --- [rest-with-spring-boot-and-java] [           main] o.s.aop.framework.CglibAopProxy          : Method is declared on Advised interface: public abstract void org.springframework.aop.framework.Advised.addAdvice(int,org.aopalliance.aop.Advice) throws org.springframework.aop.framework.AopConfigException
2026-06-02T16:19:15.299-03:00 TRACE 53506 --- [rest-with-spring-boot-and-java] [           main] o.s.aop.framework.CglibAopProxy          : Method is declared on Advised interface: public abstract void org.springframework.aop.framework.Advised.addAdvice(org.aopalliance.aop.Advice) throws org.springframework.aop.framework.AopConfigException
[...]
]]></system-out>
  </testcase>
  <testcase name="testCreateWithNullPerson" classname="br.com.wfsystems.services.PersonServicesTest" time="0.005"/>
  <testcase name="testCreate" classname="br.com.wfsystems.services.PersonServicesTest" time="0.022">
    <system-out><![CDATA[2026-06-02T16:19:15.392-03:00  INFO 53506 --- [rest-with-spring-boot-and-java] [           main] b.com.wfsystems.services.PersonService   : Creating one Person! 
2026-06-02T16:19:15.393-03:00 DEBUG 53506 --- [rest-with-spring-boot-and-java] [           main] c.g.dozermapper.core.fieldmap.FieldMap   : Getting ready to invoke write method on the destination object. Dest Obj: Person, Dest value: null
2026-06-02T16:19:15.394-03:00 DEBUG 53506 --- [rest-with-spring-boot-and-java] [           main] c.g.dozermapper.core.MappingProcessor    : MAPPED: PersonDTO.photoUrl --> Person.photoUrl    VALUES: NULL --> NULL    MAPID: 
2026-06-02T16:19:15.394-03:00 DEBUG 53506 --- [rest-with-spring-boot-and-java] [           main] o.a.c.b.converters.LongConverter         : Converting 'Long' value '1' to type 'Long'
2026-06-02T16:19:15.394-03:00 DEBUG 53506 --- [rest-with-spring-boot-and-java] [           main] o.a.c.b.converters.LongConverter         :     No conversion required, value is already a Long
2026-06-02T16:19:15.394-03:00 DEBUG 53506 --- [rest-with-spring-boot-and-java] [           main] c.g.dozermapper.core.fieldmap.FieldMap   : Getting ready to invoke write method on the destination object. Dest Obj: Person, Dest value: 1
2026-06-02T16:19:15.394-03:00 DEBUG 53506 --- [rest-with-spring-boot-and-java] [           main] c.g.dozermapper.core.MappingProcessor    : MAPPED: PersonDTO.id --> Person.id    VALUES: 1 --> 1    MAPID: 
2026-06-02T16:19:15.394-03:00 DEBUG 53506 --- [rest-with-spring-boot-and-java] [           main] c.g.dozermapper.core.fieldmap.FieldMap   : Getting ready to invoke write method on the destination object. Dest Obj: Person, Dest value: null
2026-06-02T16:19:15.394-03:00 DEBUG 53506 --- [rest-with-spring-boot-and-java] [           main] c.g.dozermapper.core.MappingProcessor    : MAPPED: PersonDTO.enabled --> Person.enabled    VALUES: NULL --> NULL    MAPID: 
2026-06-02T16:19:15.394-03:00 DEBUG 53506 --- [rest-with-spring-boot-and-java] [           main] c.g.dozermapper.core.fieldmap.FieldMap   : Getting ready to invoke write method on the destination object. Dest Obj: Person, Dest value: Address Test1
2026-06-02T16:19:15.394-03:00 DEBUG 53506 --- [rest-with-spring-boot-and-java] [           main] c.g.dozermapper.core.MappingProcessor    : MAPPED: PersonDTO.address --> Person.address    VALUES: Address Test1 --> Address Test1    MAPID: 
2026-06-02T16:19:15.394-03:00 DEBUG 53506 --- [rest-with-spring-boot-and-java] [           main] c.g.dozermapper.core.fieldmap.FieldMap   : Getting ready to invoke write method on the destination object. Dest Obj: Person, Dest value: null
2026-06-02T16:19:15.394-03:00 DEBUG 53506 --- [rest-with-spring-boot-and-java] [           main] c.g.dozermapper.core.MappingProcessor    : MAPPED: PersonDTO.books --> Person.books    VALUES: NULL --> NULL    MAPID: 
2026-06-02T16:19:15.394-03:00 DEBUG 53506 --- [rest-with-spring-boot-and-java] [           main] c.g.dozermapper.core.fieldmap.FieldMap   : Getting ready to invoke write method on the destination object. Dest Obj: Person, Dest value: Last Name Test1
2026-06-02T16:19:15.394-03:00 DEBUG 53506 --- [rest-with-spring-boot-and-java] [           main] c.g.dozermapper.core.MappingProcessor    : MAPPED: PersonDTO.lastName --> Person.lastName    VALUES: Last Name Test1 --> Last Name Test1    MAPID: 
2026-06-02T16:19:15.394-03:00 DEBUG 53506 --- [rest-with-spring-boot-and-java] [           main] c.g.dozermapper.core.fieldmap.FieldMap   : Getting ready to invoke write method on the destination object. Dest Obj: Person, Dest value: First Name Test1
2026-06-02T16:19:15.395-03:00 DEBUG 53506 --- [rest-with-spring-boot-and-java] [           main] c.g.dozermapper.core.MappingProcessor    : MAPPED: PersonDTO.firstName --> Person.firstName    VALUES: First Name Test1 --> First Name Test1    MAPID: 
2026-06-02T16:19:15.395-03:00 DEBUG 53506 --- [rest-with-spring-boot-and-java] [           main] c.g.dozermapper.core.fieldmap.FieldMap   : Getting ready to invoke write method on the destination object. Dest Obj: Person, Dest value: null
2026-06-02T16:19:15.395-03:00 DEBUG 53506 --- [rest-with-spring-boot-and-java] [           main] c.g.dozermapper.core.MappingProcessor    : MAPPED: PersonDTO.profileUrl --> Person.profileUrl    VALUES: NULL --> NULL    MAPID: 
2026-06-02T16:19:15.395-03:00 DEBUG 53506 --- [rest-with-spring-boot-and-java] [           main] c.g.dozermapper.core.fieldmap.FieldMap   : Getting ready to invoke write method on the destination object. Dest Obj: Person, Dest value: Female
2026-06-02T16:19:15.395-03:00 DEBUG 53506 --- [rest-with-spring-boot-and-java] [           main] c.g.dozermapper.core.MappingProcessor    : MAPPED: PersonDTO.gender --> Person.gender    VALUES: Female --> Female    MAPID: 
2026-06-02T16:19:15.395-03:00 DEBUG 53506 --- [rest-with-spring-boot-and-java] [           main] c.g.dozermapper.core.fieldmap.FieldMap   : Getting ready to invoke write method on the destination object. Dest Obj: PersonDTO, Dest value: null
2026-06-02T16:19:15.395-03:00 DEBUG 53506 --- [rest-with-spring-boot-and-java] [           main] c.g.dozermapper.core.MappingProcessor    : MAPPED: Person.photoUrl --> PersonDTO.photoUrl    VALUES: NULL --> NULL    MAPID: 
2026-06-02T16:19:15.395-03:00 DEBUG 53506 --- [rest-with-spring-boot-and-java] [           main] o.a.c.b.converters.LongConverter         : Converting 'Long' value '1' to type 'Long'
2026-06-02T16:19:15.395-03:00 DEBUG 53506 --- [rest-with-spring-boot-and-java] [           main] o.a.c.b.converters.LongConverter         :     No conversion required, value is already a Long
2026-06-02T16:19:15.395-03:00 DEBUG 53506 --- [rest-with-spring-boot-and-java] [           main] c.g.dozermapper.core.fieldmap.FieldMap   : Getting ready to invoke write method on the destination object. Dest Obj: PersonDTO, Dest value: 1
2026-06-02T16:19:15.395-03:00 DEBUG 53506 --- [rest-with-spring-boot-and-java] [           main] c.g.dozermapper.core.MappingProcessor    : MAPPED: Person.id --> PersonDTO.id    VALUES: 1 --> 1    MAPID: 
2026-06-02T16:19:15.395-03:00 DEBUG 53506 --- [rest-with-spring-boot-and-java] [           main] c.g.dozermapper.core.fieldmap.FieldMap   : Getting ready to invoke write method on the destination object. Dest Obj: PersonDTO, Dest value: null
2026-06-02T16:19:15.396-03:00 DEBUG 53506 --- [rest-with-spring-boot-and-java] [           main] c.g.dozermapper.core.MappingProcessor    : MAPPED: Person.enabled --> PersonDTO.enabled    VALUES: NULL --> NULL    MAPID: 
2026-06-02T16:19:15.396-03:00 DEBUG 53506 --- [rest-with-spring-boot-and-java] [           main] c.g.dozermapper.core.fieldmap.FieldMap   : Getting ready to invoke write method on the destination object. Dest Obj: PersonDTO, Dest value: Address Test1
2026-06-02T16:19:15.396-03:00 DEBUG 53506 --- [rest-with-spring-boot-and-java] [           main] c.g.dozermapper.core.MappingProcessor    : MAPPED: Person.address --> PersonDTO.address    VALUES: Address Test1 --> Address Test1    MAPID: 
2026-06-02T16:19:15.396-03:00 DEBUG 53506 --- [rest-with-spring-boot-and-java] [           main] c.g.dozermapper.core.fieldmap.FieldMap   : Getting ready to invoke write method on the destination object. Dest Obj: PersonDTO, Dest value: null
2026-06-02T16:19:15.396-03:00 DEBUG 53506 --- [rest-with-spring-boot-and-java] [           main] c.g.dozermapper.core.MappingProcessor    : MAPPED: Person.books --> PersonDTO.books    VALUES: NULL --> NULL    MAPID: 
2026-06-02T16:19:15.396-03:00 DEBUG 53506 --- [rest-with-spring-boot-and-java] [           main] c.g.dozermapper.core.fieldmap.FieldMap   : Getting ready to invoke write method on the destination object. Dest Obj: PersonDTO, Dest value: Last Name Test1
2026-06-02T16:19:15.396-03:00 DEBUG 53506 --- [rest-with-spring-boot-and-java] [           main] c.g.dozermapper.core.MappingProcessor    : MAPPED: Person.lastName --> PersonDTO.lastName    VALUES: Last Name Test1 --> Last Name Test1    MAPID: 
2026-06-02T16:19:15.396-03:00 DEBUG 53506 --- [rest-with-spring-boot-and-java] [           main] c.g.dozermapper.core.fieldmap.FieldMap   : Getting ready to invoke write method on the destination object. Dest Obj: PersonDTO, Dest value: First Name Test1
2026-06-02T16:19:15.396-03:00 DEBUG 53506 --- [rest-with-spring-boot-and-java] [           main] c.g.dozermapper.core.MappingProcessor    : MAPPED: Person.firstName --> PersonDTO.firstName    VALUES: First Name Test1 --> First Name Test1    MAPID: 
2026-06-02T16:19:15.396-03:00 DEBUG 53506 --- [rest-with-spring-boot-and-java] [           main] c.g.dozermapper.core.fieldmap.FieldMap   : Getting ready to invoke write method on the destination object. Dest Obj: PersonDTO, Dest value: null
2026-06-02T16:19:15.396-03:00 DEBUG 53506 --- [rest-with-spring-boot-and-java] [           main] c.g.dozermapper.core.MappingProcessor    : MAPPED: Person.profileUrl --> PersonDTO.profileUrl    VALUES: NULL --> NULL    MAPID: 
2026-06-02T16:19:15.396-03:00 DEBUG 53506 --- [rest-with-spring-boot-and-java] [           main] c.g.dozermapper.core.fieldmap.FieldMap   : Getting ready to invoke write method on the destination object. Dest Obj: PersonDTO, Dest value: Female
2026-06-02T16:19:15.396-03:00 DEBUG 53506 --- [rest-with-spring-boot-and-java] [           main] c.g.dozermapper.core.MappingProcessor    : MAPPED: Person.gender --> PersonDTO.gender    VALUES: Female --> Female    MAPID: 
2026-06-02T16:19:15.396-03:00 TRACE 53506 --- [rest-with-spring-boot-and-java] [           main] o.s.aop.framework.CglibAopProxy          : Creating CGLIB proxy: EmptyTargetSource: target class [br.com.wfsystems.data.dto.v1.PersonDTO], static
2026-06-02T16:19:15.397-03:00 TRACE 53506 --- [rest-with-spring-boot-and-java] [           main] o.s.aop.framework.CglibAopProxy          : Creating CGLIB proxy: EmptyTargetSource: target class [org.springframework.http.ResponseEntity], static
2026-06-02T16:19:15.397-03:00 TRACE 53506 --- [rest-with-spring-boot-and-java] [           main] o.s.aop.framework.CglibAopProxy          : Creating CGLIB proxy: EmptyTargetSource: target class [org.springframework.http.ResponseEntity], static
2026-06-02T16:19:15.398-03:00 TRACE 53506 --- [rest-with-spring-boot-and-java] [           main] o.s.aop.framework.CglibAopProxy          : Creating CGLIB proxy: EmptyTargetSource: target class [br.com.wfsystems.data.dto.v1.PersonDTO], static
2026-06-02T16:19:15.398-03:00 TRACE 53506 --- [rest-with-spring-boot-and-java] [           main] _.springframework.web.util.RfcUriParser  : START -> HOST_OR_PATH, index=0, componentIndex=0
2026-06-02T16:19:15.398-03:00 TRACE 53506 --- [rest-with-spring-boot-and-java] [           main] _.springframework.web.util.RfcUriParser  : HOST_OR_PATH -> PATH, index=1, componentIndex=0
2026-06-02T16:19:15.398-03:00 TRACE 53506 --- [rest-with-spring-boot-and-java] [           main] _.springframework.web.util.RfcUriParser  : path set to '/massCreation'
2026-06-02T16:19:15.399-03:00 TRACE 53506 --- [rest-with-spring-boot-and-java] [           main] o.s.aop.framework.CglibAopProxy          : Creating CGLIB proxy: EmptyTargetSource: target class [br.com.wfsystems.data.dto.v1.PersonDTO], static
2026-06-02T16:19:15.399-03:00 TRACE 53506 --- [rest-with-spring-boot-and-java] [           main] o.s.aop.framework.CglibAopProxy          : Creating CGLIB proxy: EmptyTargetSource: target class [br.com.wfsystems.data.dto.v1.PersonDTO], static
2026-06-02T16:19:15.401-03:00 TRACE 53506 --- [rest-with-spring-boot-and-java] [           main] o.s.aop.framework.CglibAopProxy          : Creating CGLIB proxy: EmptyTargetSource: target class [org.springframework.http.ResponseEntity], static
2026-06-02T16:19:15.404-03:00 TRACE 53506 --- [rest-with-spring-boot-and-java] [           main] o.s.aop.framework.CglibAopProxy          : Creating CGLIB proxy: EmptyTargetSource: target class [org.springframework.http.ResponseEntity], static
]]></system-out>
  </testcase>
  <testcase name="testDelete" classname="br.com.wfsystems.services.PersonServicesTest" time="0.034">
    <system-out><![CDATA[2026-06-02T16:19:15.414-03:00  INFO 53506 --- [rest-with-spring-boot-and-java] [           main] b.com.wfsystems.services.PersonService   : Deleting one Person!
]]></system-out>
  </testcase>
  <testcase name="testUpdate" classname="br.com.wfsystems.services.PersonServicesTest" time="0.013">
    <system-out><![CDATA[2026-06-02T16:19:15.448-03:00  INFO 53506 --- [rest-with-spring-boot-and-java] [           main] b.com.wfsystems.services.PersonService   : Updating one Person! 
2026-06-02T16:19:15.448-03:00 DEBUG 53506 --- [rest-with-spring-boot-and-java] [           main] c.g.dozermapper.core.fieldmap.FieldMap   : Getting ready to invoke write method on the destination object. Dest Obj: PersonDTO, Dest value: null
2026-06-02T16:19:15.448-03:00 DEBUG 53506 --- [rest-with-spring-boot-and-java] [           main] c.g.dozermapper.core.MappingProcessor    : MAPPED: Person.photoUrl --> PersonDTO.photoUrl    VALUES: NULL --> NULL    MAPID: 
2026-06-02T16:19:15.448-03:00 DEBUG 53506 --- [rest-with-spring-boot-and-java] [           main] o.a.c.b.converters.LongConverter         : Converting 'Long' value '1' to type 'Long'
2026-06-02T16:19:15.449-03:00 DEBUG 53506 --- [rest-with-spring-boot-and-java] [           main] o.a.c.b.converters.LongConverter         :     No conversion required, value is already a Long
2026-06-02T16:19:15.449-03:00 DEBUG 53506 --- [rest-with-spring-boot-and-java] [           main] c.g.dozermapper.core.fieldmap.FieldMap   : Getting ready to invoke write method on the destination object. Dest Obj: PersonDTO, Dest value: 1
2026-06-02T16:19:15.449-03:00 DEBUG 53506 --- [rest-with-spring-boot-and-java] [           main] c.g.dozermapper.core.MappingProcessor    : MAPPED: Person.id --> PersonDTO.id    VALUES: 1 --> 1    MAPID: 
2026-06-02T16:19:15.449-03:00 DEBUG 53506 --- [rest-with-spring-boot-and-java] [           main] c.g.dozermapper.core.fieldmap.FieldMap   : Getting ready to invoke write method on the destination object. Dest Obj: PersonDTO, Dest value: null
2026-06-02T16:19:15.449-03:00 DEBUG 53506 --- [rest-with-spring-boot-and-java] [           main] c.g.dozermapper.core.MappingProcessor    : MAPPED: Person.enabled --> PersonDTO.enabled    VALUES: NULL --> NULL    MAPID: 
2026-06-02T16:19:15.449-03:00 DEBUG 53506 --- [rest-with-spring-boot-and-java] [           main] c.g.dozermapper.core.fieldmap.FieldMap   : Getting ready to invoke write method on the destination object. Dest Obj: PersonDTO, Dest value: Address Test1
2026-06-02T16:19:15.449-03:00 DEBUG 53506 --- [rest-with-spring-boot-and-java] [           main] c.g.dozermapper.core.MappingProcessor    : MAPPED: Person.address --> PersonDTO.address    VALUES: Address Test1 --> Address Test1    MAPID: 
2026-06-02T16:19:15.449-03:00 DEBUG 53506 --- [rest-with-spring-boot-and-java] [           main] c.g.dozermapper.core.fieldmap.FieldMap   : Getting ready to invoke write method on the destination object. Dest Obj: PersonDTO, Dest value: null
2026-06-02T16:19:15.449-03:00 DEBUG 53506 --- [rest-with-spring-boot-and-java] [           main] c.g.dozermapper.core.MappingProcessor    : MAPPED: Person.books --> PersonDTO.books    VALUES: NULL --> NULL    MAPID: 
2026-06-02T16:19:15.449-03:00 DEBUG 53506 --- [rest-with-spring-boot-and-java] [           main] c.g.dozermapper.core.fieldmap.FieldMap   : Getting ready to invoke write method on the destination object. Dest Obj: PersonDTO, Dest value: Last Name Test1
2026-06-02T16:19:15.449-03:00 DEBUG 53506 --- [rest-with-spring-boot-and-java] [           main] c.g.dozermapper.core.MappingProcessor    : MAPPED: Person.lastName --> PersonDTO.lastName    VALUES: Last Name Test1 --> Last Name Test1    MAPID: 
2026-06-02T16:19:15.449-03:00 DEBUG 53506 --- [rest-with-spring-boot-and-java] [           main] c.g.dozermapper.core.fieldmap.FieldMap   : Getting ready to invoke write method on the destination object. Dest Obj: PersonDTO, Dest value: First Name Test1
2026-06-02T16:19:15.449-03:00 DEBUG 53506 --- [rest-with-spring-boot-and-java] [           main] c.g.dozermapper.core.MappingProcessor    : MAPPED: Person.firstName --> PersonDTO.firstName    VALUES: First Name Test1 --> First Name Test1    MAPID: 
2026-06-02T16:19:15.449-03:00 DEBUG 53506 --- [rest-with-spring-boot-and-java] [           main] c.g.dozermapper.core.fieldmap.FieldMap   : Getting ready to invoke write method on the destination object. Dest Obj: PersonDTO, Dest value: null
2026-06-02T16:19:15.449-03:00 DEBUG 53506 --- [rest-with-spring-boot-and-java] [           main] c.g.dozermapper.core.MappingProcessor    : MAPPED: Person.profileUrl --> PersonDTO.profileUrl    VALUES: NULL --> NULL    MAPID: 
2026-06-02T16:19:15.449-03:00 DEBUG 53506 --- [rest-with-spring-boot-and-java] [           main] c.g.dozermapper.core.fieldmap.FieldMap   : Getting ready to invoke write method on the destination object. Dest Obj: PersonDTO, Dest value: Female
2026-06-02T16:19:15.449-03:00 DEBUG 53506 --- [rest-with-spring-boot-and-java] [           main] c.g.dozermapper.core.MappingProcessor    : MAPPED: Person.gender --> PersonDTO.gender    VALUES: Female --> Female    MAPID: 
2026-06-02T16:19:15.449-03:00 TRACE 53506 --- [rest-with-spring-boot-and-java] [           main] o.s.aop.framework.CglibAopProxy          : Creating CGLIB proxy: EmptyTargetSource: target class [br.com.wfsystems.data.dto.v1.PersonDTO], static
2026-06-02T16:19:15.450-03:00 TRACE 53506 --- [rest-with-spring-boot-and-java] [           main] o.s.aop.framework.CglibAopProxy          : Creating CGLIB proxy: EmptyTargetSource: target class [org.springframework.http.ResponseEntity], static
2026-06-02T16:19:15.450-03:00 TRACE 53506 --- [rest-with-spring-boot-and-java] [           main] o.s.aop.framework.CglibAopProxy          : Creating CGLIB proxy: EmptyTargetSource: target class [org.springframework.http.ResponseEntity], static
2026-06-02T16:19:15.451-03:00 TRACE 53506 --- [rest-with-spring-boot-and-java] [           main] o.s.aop.framework.CglibAopProxy          : Creating CGLIB proxy: EmptyTargetSource: target class [br.com.wfsystems.data.dto.v1.PersonDTO], static
2026-06-02T16:19:15.452-03:00 TRACE 53506 --- [rest-with-spring-boot-and-java] [           main] _.springframework.web.util.RfcUriParser  : START -> HOST_OR_PATH, index=0, componentIndex=0
2026-06-02T16:19:15.452-03:00 TRACE 53506 --- [rest-with-spring-boot-and-java] [           main] _.springframework.web.util.RfcUriParser  : HOST_OR_PATH -> PATH, index=1, componentIndex=0
2026-06-02T16:19:15.452-03:00 TRACE 53506 --- [rest-with-spring-boot-and-java] [           main] _.springframework.web.util.RfcUriParser  : path set to '/massCreation'
2026-06-02T16:19:15.452-03:00 TRACE 53506 --- [rest-with-spring-boot-and-java] [           main] o.s.aop.framework.CglibAopProxy          : Creating CGLIB proxy: EmptyTargetSource: target class [br.com.wfsystems.data.dto.v1.PersonDTO], static
2026-06-02T16:19:15.454-03:00 TRACE 53506 --- [rest-with-spring-boot-and-java] [           main] o.s.aop.framework.CglibAopProxy          : Creating CGLIB proxy: EmptyTargetSource: target class [br.com.wfsystems.data.dto.v1.PersonDTO], static
2026-06-02T16:19:15.454-03:00 TRACE 53506 --- [rest-with-spring-boot-and-java] [           main] o.s.aop.framework.CglibAopProxy          : Creating CGLIB proxy: EmptyTargetSource: target class [org.springframework.http.ResponseEntity], static
2026-06-02T16:19:15.455-03:00 TRACE 53506 --- [rest-with-spring-boot-and-java] [           main] o.s.aop.framework.CglibAopProxy          : Creating CGLIB proxy: EmptyTargetSource: target class [org.springframework.http.ResponseEntity], static
]]></system-out>
  </testcase>
</testsuite>