<?xml version="1.0" encoding="UTF-8"?>
<testsuite xmlns:xsi="http://www.w3.org/2001/XMLSchema-instance" xsi:noNamespaceSchemaLocation="https://maven.apache.org/surefire/maven-surefire-plugin/xsd/surefire-test-report.xsd" version="3.0.2" name="br.com.wfsystems.services.BookServicesTest" time="0.509" tests="7" errors="0" skipped="0" failures="0">
  <properties>
[...]
</properties>
  <testcase name="testUpdateWithNullBook" classname="br.com.wfsystems.services.BookServicesTest" time="0.193"/>
  <testcase name="create" classname="br.com.wfsystems.services.BookServicesTest" time="0.082">
    <system-out><![CDATA[2026-06-02T16:19:15.671-03:00  INFO 53506 --- [rest-with-spring-boot-and-java] [           main] b.com.wfsystems.services.PersonService   : Creating one Book! 
2026-06-02T16:19:15.680-03:00 DEBUG 53506 --- [rest-with-spring-boot-and-java] [           main] o.a.c.b.converters.LongConverter         : Converting 'Long' value '1' to type 'Long'
2026-06-02T16:19:15.680-03:00 DEBUG 53506 --- [rest-with-spring-boot-and-java] [           main] o.a.c.b.converters.LongConverter         :     No conversion required, value is already a Long
2026-06-02T16:19:15.680-03:00 DEBUG 53506 --- [rest-with-spring-boot-and-java] [           main] c.g.dozermapper.core.fieldmap.FieldMap   : Getting ready to invoke write method on the destination object. Dest Obj: Book, Dest value: 1
2026-06-02T16:19:15.681-03:00 DEBUG 53506 --- [rest-with-spring-boot-and-java] [           main] c.g.dozermapper.core.MappingProcessor    : MAPPED: BookDTO.id --> Book.id    VALUES: 1 --> 1    MAPID: 
2026-06-02T16:19:15.681-03:00 DEBUG 53506 --- [rest-with-spring-boot-and-java] [           main] c.g.dozermapper.core.fieldmap.FieldMap   : Getting ready to invoke write method on the destination object. Dest Obj: Book, Dest value: Some Author1
2026-06-02T16:19:15.681-03:00 DEBUG 53506 --- [rest-with-spring-boot-and-java] [           main] c.g.dozermapper.core.MappingProcessor    : MAPPED: BookDTO.author --> Book.author    VALUES: Some Author1 --> Some Author1    MAPID: 
2026-06-02T16:19:15.682-03:00 DEBUG 53506 --- [rest-with-spring-boot-and-java] [           main] c.g.dozermapper.core.fieldmap.FieldMap   : Getting ready to invoke write method on the destination object. Dest Obj: Book, Dest value: Some Title1
2026-06-02T16:19:15.682-03:00 DEBUG 53506 --- [rest-with-spring-boot-and-java] [           main] c.g.dozermapper.core.MappingProcessor    : MAPPED: BookDTO.title --> Book.title    VALUES: Some Title1 --> Some Title1    MAPID: 
2026-06-02T16:19:15.682-03:00 DEBUG 53506 --- [rest-with-spring-boot-and-java] [           main] o.a.c.b.converters.DoubleConverter       : Converting 'Double' value '25.0' to type 'Double'
2026-06-02T16:19:15.682-03:00 DEBUG 53506 --- [rest-with-spring-boot-and-java] [           main] o.a.c.b.converters.DoubleConverter       :     No conversion required, value is already a Double
2026-06-02T16:19:15.682-03:00 DEBUG 53506 --- [rest-with-spring-boot-and-java] [           main] c.g.dozermapper.core.fieldmap.FieldMap   : Getting ready to invoke write method on the destination object. Dest Obj: Book, Dest value: 25.0
2026-06-02T16:19:15.682-03:00 DEBUG 53506 --- [rest-with-spring-boot-and-java] [           main] c.g.dozermapper.core.MappingProcessor    : MAPPED: BookDTO.price --> Book.price    VALUES: 25.0 --> 25.0    MAPID: 
2026-06-02T16:19:15.684-03:00 DEBUG 53506 --- [rest-with-spring-boot-and-java] [           main] c.g.dozermapper.core.fieldmap.FieldMap   : Getting ready to invoke write method on the destination object. Dest Obj: Book, Dest value: Tue Jun 02 16:19:15 BRT 2026
2026-06-02T16:19:15.685-03:00 DEBUG 53506 --- [rest-with-spring-boot-and-java] [           main] c.g.dozermapper.core.MappingProcessor    : MAPPED: BookDTO.launchDate --> Book.launchDate    VALUES: Tue Jun 02 16:19:15 BRT 2026 --> Tue Jun 02 16:19:15 BRT 2026    MAPID: 
2026-06-02T16:19:15.686-03:00 DEBUG 53506 --- [rest-with-spring-boot-and-java] [           main] o.a.c.b.converters.LongConverter         : Converting 'Long' value '1' to type 'Long'
2026-06-02T16:19:15.687-03:00 DEBUG 53506 --- [rest-with-spring-boot-and-java] [           main] o.a.c.b.converters.LongConverter         :     No conversion required, value is already a Long
2026-06-02T16:19:15.687-03:00 DEBUG 53506 --- [rest-with-spring-boot-and-java] [           main] c.g.dozermapper.core.fieldmap.FieldMap   : Getting ready to invoke write method on the destination object. Dest Obj: BookDTO, Dest value: 1
2026-06-02T16:19:15.687-03:00 DEBUG 53506 --- [rest-with-spring-boot-and-java] [           main] c.g.dozermapper.core.MappingProcessor    : MAPPED: Book.id --> BookDTO.id    VALUES: 1 --> 1    MAPID: 
2026-06-02T16:19:15.687-03:00 DEBUG 53506 --- [rest-with-spring-boot-and-java] [           main] c.g.dozermapper.core.fieldmap.FieldMap   : Getting ready to invoke write method on the destination object. Dest Obj: BookDTO, Dest value: Some Author1
2026-06-02T16:19:15.687-03:00 DEBUG 53506 --- [rest-with-spring-boot-and-java] [           main] c.g.dozermapper.core.MappingProcessor    : MAPPED: Book.author --> BookDTO.author    VALUES: Some Author1 --> Some Author1    MAPID: 
2026-06-02T16:19:15.687-03:00 DEBUG 53506 --- [rest-with-spring-boot-and-java] [           main] c.g.dozermapper.core.fieldmap.FieldMap   : Getting ready to invoke write method on the destination object. Dest Obj: BookDTO, Dest value: Some Title1
2026-06-02T16:19:15.687-03:00 DEBUG 53506 --- [rest-with-spring-boot-and-java] [           main] c.g.dozermapper.core.MappingProcessor    : MAPPED: Book.title --> BookDTO.title    VALUES: Some Title1 --> Some Title1    MAPID: 
2026-06-02T16:19:15.687-03:00 DEBUG 53506 --- [rest-with-spring-boot-and-java] [           main] o.a.c.b.converters.DoubleConverter       : Converting 'Double' value '25.0' to type 'Double'
2026-06-02T16:19:15.687-03:00 DEBUG 53506 --- [rest-with-spring-boot-and-java] [           main] o.a.c.b.converters.DoubleConverter       :     No conversion required, value is already a Double
2026-06-02T16:19:15.688-03:00 DEBUG 53506 --- [rest-with-spring-boot-and-java] [           main] c.g.dozermapper.core.fieldmap.FieldMap   : Getting ready to invoke write method on the destination object. Dest Obj: BookDTO, Dest value: 25.0
2026-06-02T16:19:15.688-03:00 DEBUG 53506 --- [rest-with-spring-boot-and-java] [           main] c.g.dozermapper.core.MappingProcessor    : MAPPED: Book.price --> BookDTO.price    VALUES: 25.0 --> 25.0    MAPID: 
2026-06-02T16:19:15.688-03:00 DEBUG 53506 --- [rest-with-spring-boot-and-java] [           main] c.g.dozermapper.core.fieldmap.FieldMap   : Getting ready to invoke write method on the destination object. Dest Obj: BookDTO, Dest value: Tue Jun 02 16:19:15 BRT 2026
2026-06-02T16:19:15.688-03:00 DEBUG 53506 --- [rest-with-spring-boot-and-java] [           main] c.g.dozermapper.core.MappingProcessor    : MAPPED: Book.launchDate --> BookDTO.launchDate    VALUES: Tue Jun 02 16:19:15 BRT 2026 --> Tue Jun 02 16:19:15 BRT 2026    MAPID: 
2026-06-02T16:19:15.689-03:00 TRACE 53506 --- [rest-with-spring-boot-and-java] [           main] o.s.aop.framework.CglibAopProxy          : Creating CGLIB proxy: EmptyTargetSource: target class [br.com.wfsystems.controllers.BookController], static
2026-06-02T16:19:15.691-03:00 TRACE 53506 --- [rest-with-spring-boot-and-java] [           main] o.s.aop.framework.CglibAopProxy          : Unable to apply any optimizations to advised method: public br.com.wfsystems.data.dto.v1.BookDTO br.com.wfsystems.controllers.BookController.update(br.com.wfsystems.data.dto.v1.BookDTO)
2026-06-02T16:19:15.692-03:00 TRACE 53506 --- [rest-with-spring-boot-and-java] [           main] o.s.aop.framework.CglibAopProxy          : Unable to apply any optimizations to advised method: public org.springframework.http.ResponseEntity br.com.wfsystems.controllers.BookController.delete(java.lang.Long)
2026-06-02T16:19:15.692-03:00 TRACE 53506 --- [rest-with-spring-boot-and-java] [           main] o.s.aop.framework.CglibAopProxy          : Unable to apply any optimizations to advised method: public br.com.wfsystems.data.dto.v1.BookDTO br.com.wfsystems.controllers.BookController.create(br.com.wfsystems.data.dto.v1.BookDTO)
2026-06-02T16:19:15.692-03:00 TRACE 53506 --- [rest-with-spring-boot-and-java] [           main] o.s.aop.framework.CglibAopProxy          : Unable to apply any optimizations to advised method: public org.springframework.http.ResponseEntity br.com.wfsystems.controllers.BookController.findAll(java.lang.Integer,java.lang.Integer,java.lang.String)
2026-06-02T16:19:15.692-03:00 TRACE 53506 --- [rest-with-spring-boot-and-java] [           main] o.s.aop.framework.CglibAopProxy          : Unable to apply any optimizations to advised method: public br.com.wfsystems.data.dto.v1.BookDTO br.com.wfsystems.controllers.BookController.findById(java.lang.Long)
2026-06-02T16:19:15.692-03:00 TRACE 53506 --- [rest-with-spring-boot-and-java] [           main] o.s.aop.framework.CglibAopProxy          : Found 'equals' method: public boolean java.lang.Object.equals(java.lang.Object)
2026-06-02T16:19:15.692-03:00 TRACE 53506 --- [rest-with-spring-boot-and-java] [           main] o.s.aop.framework.CglibAopProxy          : Unable to apply any optimizations to advised method: public java.lang.String java.lang.Object.toString()
2026-06-02T16:19:15.692-03:00 TRACE 53506 --- [rest-with-spring-boot-and-java] [           main] o.s.aop.framework.CglibAopProxy          : Found 'hashCode' method: public native int java.lang.Object.hashCode()
2026-06-02T16:19:15.692-03:00 TRACE 53506 --- [rest-with-spring-boot-and-java] [           main] o.s.aop.framework.CglibAopProxy          : Unable to apply any optimizations to advised method: protected native java.lang.Object java.lang.Object.clone() throws java.lang.CloneNotSupportedException
2026-06-02T16:19:15.692-03:00 TRACE 53506 --- [rest-with-spring-boot-and-java] [           main] o.s.aop.framework.CglibAopProxy          : Unable to apply any optimizations to advised method: public abstract org.springframework.hateoas.server.core.MethodInvocation org.springframework.hateoas.server.core.LastInvocationAware.getLastInvocation()
2026-06-02T16:19:15.692-03:00 TRACE 53506 --- [rest-with-spring-boot-and-java] [           main] o.s.aop.framework.CglibAopProxy          : Unable to apply any optimizations to advised method: public abstract java.util.Iterator org.springframework.hateoas.server.core.LastInvocationAware.getObjectParameters()
2026-06-02T16:19:15.692-03:00 TRACE 53506 --- [rest-with-spring-boot-and-java] [           main] o.s.aop.framework.CglibAopProxy          : Method is declared on Advised interface: public abstract int org.springframework.aop.framework.Advised.indexOf(org.springframework.aop.Advisor)
2026-06-02T16:19:15.692-03:00 TRACE 53506 --- [rest-with-spring-boot-and-java] [           main] o.s.aop.framework.CglibAopProxy          : Method is declared on Advised interface: public abstract int org.springframework.aop.framework.Advised.indexOf(org.aopalliance.aop.Advice)
2026-06-02T16:19:15.692-03:00 TRACE 53506 --- [rest-with-spring-boot-and-java] [           main] o.s.aop.framework.CglibAopProxy          : Method is declared on Advised interface: public abstract boolean org.springframework.aop.framework.Advised.isFrozen()
2026-06-02T16:19:15.692-03:00 TRACE 53506 --- [rest-with-spring-boot-and-java] [           main] o.s.aop.framework.CglibAopProxy          : Method is declared on Advised interface: public abstract org.springframework.aop.TargetSource org.springframework.aop.framework.Advised.getTargetSource()
2026-06-02T16:19:15.692-03:00 TRACE 53506 --- [rest-with-spring-boot-and-java] [           main] o.s.aop.framework.CglibAopProxy          : Method is declared on Advised interface: public abstract java.lang.Class[] org.springframework.aop.framework.Advised.getProxiedInterfaces()
2026-06-02T16:19:15.693-03:00 TRACE 53506 --- [rest-with-spring-boot-and-java] [           main] o.s.aop.framework.CglibAopProxy          : Method is declared on Advised interface: public abstract boolean org.springframework.aop.framework.Advised.isInterfaceProxied(java.lang.Class)
2026-06-02T16:19:15.693-03:00 TRACE 53506 --- [rest-with-spring-boot-and-java] [           main] o.s.aop.framework.CglibAopProxy          : Method is declared on Advised interface: public default int org.springframework.aop.framework.Advised.getAdvisorCount()
2026-06-02T16:19:15.693-03:00 TRACE 53506 --- [rest-with-spring-boot-and-java] [           main] o.s.aop.framework.CglibAopProxy          : Method is declared on Advised interface: public abstract org.springframework.aop.Advisor[] org.springframework.aop.framework.Advised.getAdvisors()
2026-06-02T16:19:15.693-03:00 TRACE 53506 --- [rest-with-spring-boot-and-java] [           main] o.s.aop.framework.CglibAopProxy          : Method is declared on Advised interface: public abstract boolean org.springframework.aop.framework.Advised.isProxyTargetClass()
2026-06-02T16:19:15.693-03:00 TRACE 53506 --- [rest-with-spring-boot-and-java] [           main] o.s.aop.framework.CglibAopProxy          : Method is declared on Advised interface: public abstract void org.springframework.aop.framework.Advised.setTargetSource(org.springframework.aop.TargetSource)
2026-06-02T16:19:15.693-03:00 TRACE 53506 --- [rest-with-spring-boot-and-java] [           main] o.s.aop.framework.CglibAopProxy          : Method is declared on Advised interface: public abstract void org.springframework.aop.framework.Advised.setExposeProxy(boolean)
2026-06-02T16:19:15.693-03:00 TRACE 53506 --- [rest-with-spring-boot-and-java] [           main] o.s.aop.framework.CglibAopProxy          : Method is declared on Advised interface: public abstract boolean org.springframework.aop.framework.Advised.isExposeProxy()
2026-06-02T16:19:15.693-03:00 TRACE 53506 --- [rest-with-spring-boot-and-java] [           main] o.s.aop.framework.CglibAopProxy          : Method is declared on Advised interface: public abstract void org.springframework.aop.framework.Advised.setPreFiltered(boolean)
2026-06-02T16:19:15.693-03:00 TRACE 53506 --- [rest-with-spring-boot-and-java] [           main] o.s.aop.framework.CglibAopProxy          : Method is declared on Advised interface: public abstract boolean org.springframework.aop.framework.Advised.isPreFiltered()
2026-06-02T16:19:15.693-03:00 TRACE 53506 --- [rest-with-spring-boot-and-java] [           main] o.s.aop.framework.CglibAopProxy          : Method is declared on Advised interface: public abstract void org.springframework.aop.framework.Advised.addAdvisor(org.springframework.aop.Advisor) throws org.springframework.aop.framework.AopConfigException
2026-06-02T16:19:15.693-03:00 TRACE 53506 --- [rest-with-spring-boot-and-java] [           main] o.s.aop.framework.CglibAopProxy          : Method is declared on Advised interface: public abstract void org.springframework.aop.framework.Advised.addAdvisor(int,org.springframework.aop.Advisor) throws org.springframework.aop.framework.AopConfigException
2026-06-02T16:19:15.693-03:00 TRACE 53506 --- [rest-with-spring-boot-and-java] [           main] o.s.aop.framework.CglibAopProxy          : Method is declared on Advised interface: public abstract boolean org.springframework.aop.framework.Advised.removeAdvisor(org.springframework.aop.Advisor)
2026-06-02T16:19:15.693-03:00 TRACE 53506 --- [rest-with-spring-boot-and-java] [           main] o.s.aop.framework.CglibAopProxy          : Method is declared on Advised interface: public abstract void org.springframework.aop.framework.Advised.removeAdvisor(int) throws org.springframework.aop.framework.AopConfigException
2026-06-02T16:19:15.693-03:00 TRACE 53506 --- [rest-with-spring-boot-and-java] [           main] o.s.aop.framework.CglibAopProxy          : Method is declared on Advised interface: public abstract boolean org.springframework.aop.framework.Advised.replaceAdvisor(org.springframework.aop.Advisor,org.springframework.aop.Advisor) throws org.springframework.aop.framework.AopConfigException
2026-06-02T16:19:15.693-03:00 TRACE 53506 --- [rest-with-spring-boot-and-java] [           main] o.s.aop.framework.CglibAopProxy          : Method is declared on Advised interface: public abstract void org.springframework.aop.framework.Advised.addAdvice(int,org.aopalliance.aop.Advice) throws org.springframework.aop.framework.AopConfigException
2026-06-02T16:19:15.693-03:00 TRACE 53506 --- [rest-with-spring-boot-and-java] [           main] o.s.aop.framework.CglibAopProxy          : Method is declared on Advised interface: public abstract void org.springframework.aop.framework.Advised.addAdvice(org.aopalliance.aop.Advice) throws org.springframework.aop.framework.AopConfigException
2026-06-02T16:19:15.693-03:00 TRACE 53506 --- [rest-with-spring-boot-and-java] [           main] o.s.aop.framework.CglibAopProxy          : Method is declared on Advised interface: public abstract boolean org.springframework.aop.framework.Advised.removeAdvice(org.aopalliance.aop.Advice)
2026-06-02T16:19:15.693-03:00 TRACE 53506 --- [rest-with-spring-boot-and-java] [           main] o.s.aop.framework.CglibAopProxy          : Method is declared on Advised interface: public abstract java.lang.String org.springframework.aop.framework.Advised.toProxyConfigString()
2026-06-02T16:19:15.693-03:00 TRACE 53506 --- [rest-with-spring-boot-and-java] [           main] o.s.aop.framework.CglibAopProxy          : Method is declared on Advised interface: public abstract java.lang.Class org.springframework.aop.TargetClassAware.getTargetClass()
2026-06-02T16:19:15.703-03:00 TRACE 53506 --- [rest-with-spring-boot-and-java] [           main] o.s.aop.framework.CglibAopProxy          : Creating CGLIB proxy: EmptyTargetSource: target class [br.com.wfsystems.data.dto.v1.BookDTO], static
2026-06-02T16:19:15.705-03:00 TRACE 53506 --- [rest-with-spring-boot-and-java] [           main] o.s.aop.framework.CglibAopProxy          : Found 'equals' method: public boolean br.com.wfsystems.data.dto.v1.BookDTO.equals(java.lang.Object)
2026-06-02T16:19:15.705-03:00 TRACE 53506 --- [rest-with-spring-boot-and-java] [           main] o.s.aop.framework.CglibAopProxy          : Found 'hashCode' method: public int br.com.wfsystems.data.dto.v1.BookDTO.hashCode()
2026-06-02T16:19:15.705-03:00 TRACE 53506 --- [rest-with-spring-boot-and-java] [           main] o.s.aop.framework.CglibAopProxy          : Unable to apply any optimizations to advised method: public java.lang.Long br.com.wfsystems.data.dto.v1.BookDTO.getId()
2026-06-02T16:19:15.705-03:00 TRACE 53506 --- [rest-with-spring-boot-and-java] [           main] o.s.aop.framework.CglibAopProxy          : Unable to apply any optimizations to advised method: public java.lang.String br.com.wfsystems.data.dto.v1.BookDTO.getTitle()
2026-06-02T16:19:15.705-03:00 TRACE 53506 --- [rest-with-spring-boot-and-java] [           main] o.s.aop.framework.CglibAopProxy          : Unable to apply any optimizations to advised method: public java.lang.String br.com.wfsystems.data.dto.v1.BookDTO.getAuthor()
2026-06-02T16:19:15.705-03:00 TRACE 53506 --- [rest-with-spring-boot-and-java] [           main] o.s.aop.framework.CglibAopProxy          : Unable to apply any optimizations to advised method: public java.lang.Double br.com.wfsystems.data.dto.v1.BookDTO.getPrice()
2026-06-02T16:19:15.705-03:00 TRACE 53506 --- [rest-with-spring-boot-and-java] [           main] o.s.aop.framework.CglibAopProxy          : Unable to apply any optimizations to advised method: public void br.com.wfsystems.data.dto.v1.BookDTO.setTitle(java.lang.String)
2026-06-02T16:19:15.705-03:00 TRACE 53506 --- [rest-with-spring-boot-and-java] [           main] o.s.aop.framework.CglibAopProxy          : Unable to apply any optimizations to advised method: public void br.com.wfsystems.data.dto.v1.BookDTO.setId(java.lang.Long)
2026-06-02T16:19:15.705-03:00 TRACE 53506 --- [rest-with-spring-boot-and-java] [           main] o.s.aop.framework.CglibAopProxy          : Unable to apply any optimizations to advised method: public void br.com.wfsystems.data.dto.v1.BookDTO.setAuthor(java.lang.String)
2026-06-02T16:19:15.706-03:00 TRACE 53506 --- [rest-with-spring-boot-and-java] [           main] o.s.aop.framework.CglibAopProxy          : Unable to apply any optimizations to advised method: public void br.com.wfsystems.data.dto.v1.BookDTO.setPrice(java.lang.Double)
2026-06-02T16:19:15.706-03:00 TRACE 53506 --- [rest-with-spring-boot-and-java] [           main] o.s.aop.framework.CglibAopProxy          : Unable to apply any optimizations to advised method: public void br.com.wfsystems.data.dto.v1.BookDTO.setLaunchDate(java.util.Date)
2026-06-02T16:19:15.706-03:00 TRACE 53506 --- [rest-with-spring-boot-and-java] [           main] o.s.aop.framework.CglibAopProxy          : Unable to apply any optimizations to advised method: public java.util.Date br.com.wfsystems.data.dto.v1.BookDTO.getLaunchDate()
2026-06-02T16:19:15.706-03:00 TRACE 53506 --- [rest-with-spring-boot-and-java] [           main] o.s.aop.framework.CglibAopProxy          : Unable to apply any optimizations to advised method: public java.lang.String org.springframework.hateoas.RepresentationModel.toString()
2026-06-02T16:19:15.706-03:00 TRACE 53506 --- [rest-with-spring-boot-and-java] [           main] o.s.aop.framework.CglibAopProxy          : Unable to apply any optimizations to advised method: public org.springframework.hateoas.RepresentationModel org.springframework.hateoas.RepresentationModel.add(org.springframework.hateoas.Link)
2026-06-02T16:19:15.706-03:00 TRACE 53506 --- [rest-with-spring-boot-and-java] [           main] o.s.aop.framework.CglibAopProxy          : Unable to apply any optimizations to advised method: public org.springframework.hateoas.RepresentationModel org.springframework.hateoas.RepresentationModel.add(org.springframework.hateoas.Link[])
2026-06-02T16:19:15.706-03:00 TRACE 53506 --- [rest-with-spring-boot-and-java] [           main] o.s.aop.framework.CglibAopProxy          : Unable to apply any optimizations to advised method: public org.springframework.hateoas.RepresentationModel org.springframework.hateoas.RepresentationModel.add(java.lang.Iterable)
2026-06-02T16:19:15.706-03:00 TRACE 53506 --- [rest-with-spring-boot-and-java] [           main] o.s.aop.framework.CglibAopProxy          : Unable to apply any optimizations to advised method: public org.springframework.hateoas.Links org.springframework.hateoas.RepresentationModel.getLinks()
2026-06-02T16:19:15.706-03:00 TRACE 53506 --- [rest-with-spring-boot-and-java] [           main] o.s.aop.framework.CglibAopProxy          : Unable to apply any optimizations to advised method: public java.util.List org.springframework.hateoas.RepresentationModel.getLinks(java.lang.String)
2026-06-02T16:19:15.706-03:00 TRACE 53506 --- [rest-with-spring-boot-and-java] [           main] o.s.aop.framework.CglibAopProxy          : Unable to apply any optimizations to advised method: public java.util.List org.springframework.hateoas.RepresentationModel.getLinks(org.springframework.hateoas.LinkRelation)
2026-06-02T16:19:15.706-03:00 TRACE 53506 --- [rest-with-spring-boot-and-java] [           main] o.s.aop.framework.CglibAopProxy          : Unable to apply any optimizations to advised method: public java.util.Optional org.springframework.hateoas.RepresentationModel.getLink(org.springframework.hateoas.LinkRelation)
2026-06-02T16:19:15.706-03:00 TRACE 53506 --- [rest-with-spring-boot-and-java] [           main] o.s.aop.framework.CglibAopProxy          : Unable to apply any optimizations to advised method: public java.util.Optional org.springframework.hateoas.RepresentationModel.getLink(java.lang.String)
2026-06-02T16:19:15.706-03:00 TRACE 53506 --- [rest-with-spring-boot-and-java] [           main] o.s.aop.framework.CglibAopProxy          : Unable to apply any optimizations to advised method: public boolean org.springframework.hateoas.RepresentationModel.hasLink(org.springframework.hateoas.LinkRelation)
2026-06-02T16:19:15.706-03:00 TRACE 53506 --- [rest-with-spring-boot-and-java] [           main] o.s.aop.framework.CglibAopProxy          : Unable to apply any optimizations to advised method: public boolean org.springframework.hateoas.RepresentationModel.hasLink(java.lang.String)
2026-06-02T16:19:15.706-03:00 TRACE 53506 --- [rest-with-spring-boot-and-java] [           main] o.s.aop.framework.CglibAopProxy          : Unable to apply any optimizations to advised method: public org.springframework.hateoas.Link org.springframework.hateoas.RepresentationModel.getRequiredLink(java.lang.String)
2026-06-02T16:19:15.706-03:00 TRACE 53506 --- [rest-with-spring-boot-and-java] [           main] o.s.aop.framework.CglibAopProxy          : Unable to apply any optimizations to advised method: public org.springframework.hateoas.Link org.springframework.hateoas.RepresentationModel.getRequiredLink(org.springframework.hateoas.LinkRelation)
2026-06-02T16:19:15.707-03:00 TRACE 53506 --- [rest-with-spring-boot-and-java] [           main] o.s.aop.framework.CglibAopProxy          : Unable to apply any optimizations to advised method: public org.springframework.hateoas.RepresentationModel org.springframework.hateoas.RepresentationModel.mapLinkIf(boolean,org.springframework.hateoas.LinkRelation,java.util.function.Function)
2026-06-02T16:19:15.707-03:00 TRACE 53506 --- [rest-with-spring-boot-and-java] [           main] o.s.aop.framework.CglibAopProxy          : Unable to apply any optimizations to advised method: public org.springframework.hateoas.RepresentationModel org.springframework.hateoas.RepresentationModel.addIf(boolean,java.util.function.Supplier)
2026-06-02T16:19:15.707-03:00 TRACE 53506 --- [rest-with-spring-boot-and-java] [           main] o.s.aop.framework.CglibAopProxy          : Unable to apply any optimizations to advised method: public org.springframework.hateoas.RepresentationModel org.springframework.hateoas.RepresentationModel.addAllIf(boolean,java.util.function.Supplier)
2026-06-02T16:19:15.707-03:00 TRACE 53506 --- [rest-with-spring-boot-and-java] [           main] o.s.aop.framework.CglibAopProxy          : Unable to apply any optimizations to advised method: public boolean org.springframework.hateoas.RepresentationModel.hasLinks()
2026-06-02T16:19:15.707-03:00 TRACE 53506 --- [rest-with-spring-boot-and-java] [           main] o.s.aop.framework.CglibAopProxy          : Unable to apply any optimizations to advised method: public org.springframework.hateoas.RepresentationModel org.springframework.hateoas.RepresentationModel.removeLinks()
2026-06-02T16:19:15.707-03:00 TRACE 53506 --- [rest-with-spring-boot-and-java] [           main] o.s.aop.framework.CglibAopProxy          : Unable to apply any optimizations to advised method: public org.springframework.hateoas.RepresentationModel org.springframework.hateoas.RepresentationModel.mapLink(org.springframework.hateoas.LinkRelation,java.util.function.Function)
2026-06-02T16:19:15.707-03:00 TRACE 53506 --- [rest-with-spring-boot-and-java] [           main] o.s.aop.framework.CglibAopProxy          : Unable to apply any optimizations to advised method: protected native java.lang.Object java.lang.Object.clone() throws java.lang.CloneNotSupportedException
2026-06-02T16:19:15.707-03:00 TRACE 53506 --- [rest-with-spring-boot-and-java] [           main] o.s.aop.framework.CglibAopProxy          : Unable to apply any optimizations to advised method: public abstract org.springframework.hateoas.server.core.MethodInvocation org.springframework.hateoas.server.core.LastInvocationAware.getLastInvocation()
2026-06-02T16:19:15.707-03:00 TRACE 53506 --- [rest-with-spring-boot-and-java] [           main] o.s.aop.framework.CglibAopProxy          : Unable to apply any optimizations to advised method: public abstract java.util.Iterator org.springframework.hateoas.server.core.LastInvocationAware.getObjectParameters()
2026-06-02T16:19:15.707-03:00 TRACE 53506 --- [rest-with-spring-boot-and-java] [           main] o.s.aop.framework.CglibAopProxy          : Method is declared on Advised interface: public abstract int org.springframework.aop.framework.Advised.indexOf(org.springframework.aop.Advisor)
2026-06-02T16:19:15.707-03:00 TRACE 53506 --- [rest-with-spring-boot-and-java] [           main] o.s.aop.framework.CglibAopProxy          : Method is declared on Advised interface: public abstract int org.springframework.aop.framework.Advised.indexOf(org.aopalliance.aop.Advice)
2026-06-02T16:19:15.707-03:00 TRACE 53506 --- [rest-with-spring-boot-and-java] [           main] o.s.aop.framework.CglibAopProxy          : Method is declared on Advised interface: public abstract boolean org.springframework.aop.framework.Advised.isFrozen()
2026-06-02T16:19:15.707-03:00 TRACE 53506 --- [rest-with-spring-boot-and-java] [           main] o.s.aop.framework.CglibAopProxy          : Method is declared on Advised interface: public abstract org.springframework.aop.TargetSource org.springframework.aop.framework.Advised.getTargetSource()
2026-06-02T16:19:15.707-03:00 TRACE 53506 --- [rest-with-spring-boot-and-java] [           main] o.s.aop.framework.CglibAopProxy          : Method is declared on Advised interface: public abstract java.lang.Class[] org.springframework.aop.framework.Advised.getProxiedInterfaces()
2026-06-02T16:19:15.707-03:00 TRACE 53506 --- [rest-with-spring-boot-and-java] [           main] o.s.aop.framework.CglibAopProxy          : Method is declared on Advised interface: public abstract boolean org.springframework.aop.framework.Advised.isInterfaceProxied(java.lang.Class)
2026-06-02T16:19:15.707-03:00 TRACE 53506 --- [rest-with-spring-boot-and-java] [           main] o.s.aop.framework.CglibAopProxy          : Method is declared on Advised interface: public default int org.springframework.aop.framework.Advised.getAdvisorCount()
2026-06-02T16:19:15.707-03:00 TRACE 53506 --- [rest-with-spring-boot-and-java] [           main] o.s.aop.framework.CglibAopProxy          : Method is declared on Advised interface: public abstract org.springframework.aop.Advisor[] org.springframework.aop.framework.Advised.getAdvisors()
2026-06-02T16:19:15.707-03:00 TRACE 53506 --- [rest-with-spring-boot-and-java] [           main] o.s.aop.framework.CglibAopProxy          : Method is declared on Advised interface: public abstract boolean org.springframework.aop.framework.Advised.isProxyTargetClass()
2026-06-02T16:19:15.708-03:00 TRACE 53506 --- [rest-with-spring-boot-and-java] [           main] o.s.aop.framework.CglibAopProxy          : Method is declared on Advised interface: public abstract void org.springframework.aop.framework.Advised.setTargetSource(org.springframework.aop.TargetSource)
2026-06-02T16:19:15.708-03:00 TRACE 53506 --- [rest-with-spring-boot-and-java] [           main] o.s.aop.framework.CglibAopProxy          : Method is declared on Advised interface: public abstract void org.springframework.aop.framework.Advised.setExposeProxy(boolean)
2026-06-02T16:19:15.708-03:00 TRACE 53506 --- [rest-with-spring-boot-and-java] [           main] o.s.aop.framework.CglibAopProxy          : Method is declared on Advised interface: public abstract boolean org.springframework.aop.framework.Advised.isExposeProxy()
2026-06-02T16:19:15.708-03:00 TRACE 53506 --- [rest-with-spring-boot-and-java] [           main] o.s.aop.framework.CglibAopProxy          : Method is declared on Advised interface: public abstract void org.springframework.aop.framework.Advised.setPreFiltered(boolean)
2026-06-02T16:19:15.708-03:00 TRACE 53506 --- [rest-with-spring-boot-and-java] [           main] o.s.aop.framework.CglibAopProxy          : Method is declared on Advised interface: public abstract boolean org.springframework.aop.framework.Advised.isPreFiltered()
2026-06-02T16:19:15.708-03:00 TRACE 53506 --- [rest-with-spring-boot-and-java] [           main] o.s.aop.framework.CglibAopProxy          : Method is declared on Advised interface: public abstract void org.springframework.aop.framework.Advised.addAdvisor(org.springframework.aop.Advisor) throws org.springframework.aop.framework.AopConfigException
2026-06-02T16:19:15.708-03:00 TRACE 53506 --- [rest-with-spring-boot-and-java] [           main] o.s.aop.framework.CglibAopProxy          : Method is declared on Advised interface: public abstract void org.springframework.aop.framework.Advised.addAdvisor(int,org.springframework.aop.Advisor) throws org.springframework.aop.framework.AopConfigException
2026-06-02T16:19:15.708-03:00 TRACE 53506 --- [rest-with-spring-boot-and-java] [           main] o.s.aop.framework.CglibAopProxy          : Method is declared on Advised interface: public abstract boolean org.springframework.aop.framework.Advised.removeAdvisor(org.springframework.aop.Advisor)
2026-06-02T16:19:15.708-03:00 TRACE 53506 --- [rest-with-spring-boot-and-java] [           main] o.s.aop.framework.CglibAopProxy          : Method is declared on Advised interface: public abstract void org.springframework.aop.framework.Advised.removeAdvisor(int) throws org.springframework.aop.framework.AopConfigException
2026-06-02T16:19:15.708-03:00 TRACE 53506 --- [rest-with-spring-boot-and-java] [           main] o.s.aop.framework.CglibAopProxy          : Method is declared on Advised interface: public abstract boolean org.springframework.aop.framework.Advised.replaceAdvisor(org.springframework.aop.Advisor,org.springframework.aop.Advisor) throws org.springframework.aop.framework.AopConfigException
2026-06-02T16:19:15.708-03:00 TRACE 53506 --- [rest-with-spring-boot-and-java] [           main] o.s.aop.framework.CglibAopProxy          : Method is declared on Advised interface: public abstract void org.springframework.aop.framework.Advised.addAdvice(int,org.aopalliance.aop.Advice) throws org.springframework.aop.framework.AopConfigException
2026-06-02T16:19:15.708-03:00 TRACE 53506 --- [rest-with-spring-boot-and-java] [           main] o.s.aop.framework.CglibAopProxy          : Method is declared on Advised interface: public abstract void org.springframework.aop.framework.Advised.addAdvice(org.aopalliance.aop.Advice) throws org.springframework.aop.framework.AopConfigException
2026-06-02T16:19:15.708-03:00 TRACE 53506 --- [rest-with-spring-boot-and-java] [           main] o.s.aop.framework.CglibAopProxy          : Method is declared on Advised interface: public abstract boolean org.springframework.aop.framework.Advised.removeAdvice(org.aopalliance.aop.Advice)
2026-06-02T16:19:15.708-03:00 TRACE 53506 --- [rest-with-spring-boot-and-java] [           main] o.s.aop.framework.CglibAopProxy          : Method is declared on Advised interface: public abstract java.lang.String org.springframework.aop.framework.Advised.toProxyConfigString()
2026-06-02T16:19:15.708-03:00 TRACE 53506 --- [rest-with-spring-boot-and-java] [           main] o.s.aop.framework.CglibAopProxy          : Method is declared on Advised interface: public abstract java.lang.Class org.springframework.aop.TargetClassAware.getTargetClass()
2026-06-02T16:19:15.726-03:00 TRACE 53506 --- [rest-with-spring-boot-and-java] [           main] _.springframework.web.util.RfcUriParser  : START -> HOST_OR_PATH, index=0, componentIndex=0
2026-06-02T16:19:15.726-03:00 TRACE 53506 --- [rest-with-spring-boot-and-java] [           main] _.springframework.web.util.RfcUriParser  : HOST_OR_PATH -> PATH, index=1, componentIndex=0
2026-06-02T16:19:15.727-03:00 TRACE 53506 --- [rest-with-spring-boot-and-java] [           main] _.springframework.web.util.RfcUriParser  : path set to '/api/book/v1/{id}'
2026-06-02T16:19:15.729-03:00 TRACE 53506 --- [rest-with-spring-boot-and-java] [           main] o.s.beans.CachedIntrospectionResults     : Getting BeanInfo for class [br.com.wfsystems.data.dto.v1.BookDTO]
2026-06-02T16:19:15.729-03:00 TRACE 53506 --- [rest-with-spring-boot-and-java] [           main] o.s.beans.CachedIntrospectionResults     : Caching PropertyDescriptors for class [br.com.wfsystems.data.dto.v1.BookDTO]
2026-06-02T16:19:15.729-03:00 TRACE 53506 --- [rest-with-spring-boot-and-java] [           main] o.s.beans.CachedIntrospectionResults     : Found bean property 'author' of type [java.lang.String]
2026-06-02T16:19:15.729-03:00 TRACE 53506 --- [rest-with-spring-boot-and-java] [           main] o.s.beans.CachedIntrospectionResults     : Found bean property 'class' of type [java.lang.Class]
2026-06-02T16:19:15.729-03:00 TRACE 53506 --- [rest-with-spring-boot-and-java] [           main] o.s.beans.CachedIntrospectionResults     : Found bean property 'id' of type [java.lang.Long]
2026-06-02T16:19:15.729-03:00 TRACE 53506 --- [rest-with-spring-boot-and-java] [           main] o.s.beans.CachedIntrospectionResults     : Found bean property 'launchDate' of type [java.util.Date]
2026-06-02T16:19:15.729-03:00 TRACE 53506 --- [rest-with-spring-boot-and-java] [           main] o.s.beans.CachedIntrospectionResults     : Found bean property 'links' of type [org.springframework.hateoas.Links]
2026-06-02T16:19:15.729-03:00 TRACE 53506 --- [rest-with-spring-boot-and-java] [           main] o.s.beans.CachedIntrospectionResults     : Found bean property 'price' of type [java.lang.Double]
2026-06-02T16:19:15.729-03:00 TRACE 53506 --- [rest-with-spring-boot-and-java] [           main] o.s.beans.CachedIntrospectionResults     : Found bean property 'title' of type [java.lang.String]
2026-06-02T16:19:15.731-03:00 TRACE 53506 --- [rest-with-spring-boot-and-java] [           main] o.s.aop.framework.CglibAopProxy          : Creating CGLIB proxy: EmptyTargetSource: target class [org.springframework.http.ResponseEntity], static
2026-06-02T16:19:15.731-03:00 TRACE 53506 --- [rest-with-spring-boot-and-java] [           main] _.springframework.web.util.RfcUriParser  : START -> HOST_OR_PATH, index=0, componentIndex=0
2026-06-02T16:19:15.732-03:00 TRACE 53506 --- [rest-with-spring-boot-and-java] [           main] _.springframework.web.util.RfcUriParser  : HOST_OR_PATH -> PATH, index=1, componentIndex=0
2026-06-02T16:19:15.732-03:00 TRACE 53506 --- [rest-with-spring-boot-and-java] [           main] _.springframework.web.util.RfcUriParser  : path set to '/api/book/v1'
2026-06-02T16:19:15.736-03:00 TRACE 53506 --- [rest-with-spring-boot-and-java] [           main] o.s.aop.framework.CglibAopProxy          : Creating CGLIB proxy: EmptyTargetSource: target class [br.com.wfsystems.data.dto.v1.BookDTO], static
2026-06-02T16:19:15.738-03:00 TRACE 53506 --- [rest-with-spring-boot-and-java] [           main] o.s.aop.framework.CglibAopProxy          : Creating CGLIB proxy: EmptyTargetSource: target class [br.com.wfsystems.data.dto.v1.BookDTO], static
2026-06-02T16:19:15.739-03:00 TRACE 53506 --- [rest-with-spring-boot-and-java] [           main] o.s.aop.framework.CglibAopProxy          : Creating CGLIB proxy: EmptyTargetSource: target class [org.springframework.http.ResponseEntity], static
]]></system-out>
  </testcase>
  <testcase name="delete" classname="br.com.wfsystems.services.BookServicesTest" time="0.01">
    <system-out><![CDATA[2026-06-02T16:19:15.748-03:00  INFO 53506 --- [rest-with-spring-boot-and-java] [           main] b.com.wfsystems.services.PersonService   : Deleting one Book! 
]]></system-out>
  </testcase>
  <testcase name="findAll" classname="br.com.wfsystems.services.BookServicesTest" time="0.156">
    <system-out><![CDATA[2026-06-02T16:19:15.776-03:00  INFO 53506 --- [rest-with-spring-boot-and-java] [           main] b.com.wfsystems.services.PersonService   : Finding all Books!
2026-06-02T16:19:15.777-03:00 DEBUG 53506 --- [rest-with-spring-boot-and-java] [           main] o.a.c.b.converters.LongConverter         : Converting 'Long' value '0' to type 'Long'
2026-06-02T16:19:15.777-03:00 DEBUG 53506 --- [rest-with-spring-boot-and-java] [           main] o.a.c.b.converters.LongConverter         :     No conversion required, value is already a Long
2026-06-02T16:19:15.777-03:00 DEBUG 53506 --- [rest-with-spring-boot-and-java] [           main] c.g.dozermapper.core.fieldmap.FieldMap   : Getting ready to invoke write method on the destination object. Dest Obj: BookDTO, Dest value: 0
2026-06-02T16:19:15.777-03:00 DEBUG 53506 --- [rest-with-spring-boot-and-java] [           main] c.g.dozermapper.core.MappingProcessor    : MAPPED: Book.id --> BookDTO.id    VALUES: 0 --> 0    MAPID: 
2026-06-02T16:19:15.777-03:00 DEBUG 53506 --- [rest-with-spring-boot-and-java] [           main] c.g.dozermapper.core.fieldmap.FieldMap   : Getting ready to invoke write method on the destination object. Dest Obj: BookDTO, Dest value: Some Author0
2026-06-02T16:19:15.777-03:00 DEBUG 53506 --- [rest-with-spring-boot-and-java] [           main] c.g.dozermapper.core.MappingProcessor    : MAPPED: Book.author --> BookDTO.author    VALUES: Some Author0 --> Some Author0    MAPID: 
2026-06-02T16:19:15.777-03:00 DEBUG 53506 --- [rest-with-spring-boot-and-java] [           main] c.g.dozermapper.core.fieldmap.FieldMap   : Getting ready to invoke write method on the destination object. Dest Obj: BookDTO, Dest value: Some Title0
2026-06-02T16:19:15.777-03:00 DEBUG 53506 --- [rest-with-spring-boot-and-java] [           main] c.g.dozermapper.core.MappingProcessor    : MAPPED: Book.title --> BookDTO.title    VALUES: Some Title0 --> Some Title0    MAPID: 
2026-06-02T16:19:15.778-03:00 DEBUG 53506 --- [rest-with-spring-boot-and-java] [           main] o.a.c.b.converters.DoubleConverter       : Converting 'Double' value '25.0' to type 'Double'
2026-06-02T16:19:15.778-03:00 DEBUG 53506 --- [rest-with-spring-boot-and-java] [           main] o.a.c.b.converters.DoubleConverter       :     No conversion required, value is already a Double
2026-06-02T16:19:15.778-03:00 DEBUG 53506 --- [rest-with-spring-boot-and-java] [           main] c.g.dozermapper.core.fieldmap.FieldMap   : Getting ready to invoke write method on the destination object. Dest Obj: BookDTO, Dest value: 25.0
2026-06-02T16:19:15.778-03:00 DEBUG 53506 --- [rest-with-spring-boot-and-java] [           main] c.g.dozermapper.core.MappingProcessor    : MAPPED: Book.price --> BookDTO.price    VALUES: 25.0 --> 25.0    MAPID: 
2026-06-02T16:19:15.778-03:00 DEBUG 53506 --- [rest-with-spring-boot-and-java] [           main] c.g.dozermapper.core.fieldmap.FieldMap   : Getting ready to invoke write method on the destination object. Dest Obj: BookDTO, Dest value: Tue Jun 02 16:19:15 BRT 2026
2026-06-02T16:19:15.778-03:00 DEBUG 53506 --- [rest-with-spring-boot-and-java] [           main] c.g.dozermapper.core.MappingProcessor    : MAPPED: Book.launchDate --> BookDTO.launchDate    VALUES: Tue Jun 02 16:19:15 BRT 2026 --> Tue Jun 02 16:19:15 BRT 2026    MAPID: 
2026-06-02T16:19:15.778-03:00 TRACE 53506 --- [rest-with-spring-boot-and-java] [           main] o.s.aop.framework.CglibAopProxy          : Creating CGLIB proxy: EmptyTargetSource: target class [br.com.wfsystems.data.dto.v1.BookDTO], static
2026-06-02T16:19:15.779-03:00 TRACE 53506 --- [rest-with-spring-boot-and-java] [           main] o.s.aop.framework.CglibAopProxy          : Creating CGLIB proxy: EmptyTargetSource: target class [org.springframework.http.ResponseEntity], static
2026-06-02T16:19:15.780-03:00 TRACE 53506 --- [rest-with-spring-boot-and-java] [           main] o.s.aop.framework.CglibAopProxy          : Creating CGLIB proxy: EmptyTargetSource: target class [br.com.wfsystems.data.dto.v1.BookDTO], static
2026-06-02T16:19:15.781-03:00 TRACE 53506 --- [rest-with-spring-boot-and-java] [           main] o.s.aop.framework.CglibAopProxy          : Creating CGLIB proxy: EmptyTargetSource: target class [br.com.wfsystems.data.dto.v1.BookDTO], static
2026-06-02T16:19:15.782-03:00 TRACE 53506 --- [rest-with-spring-boot-and-java] [           main] o.s.aop.framework.CglibAopProxy          : Creating CGLIB proxy: EmptyTargetSource: target class [org.springframework.http.ResponseEntity], static
2026-06-02T16:19:15.793-03:00 DEBUG 53506 --- [rest-with-spring-boot-and-java] [           main] o.a.c.b.converters.LongConverter         : Converting 'Long' value '1' to type 'Long'
2026-06-02T16:19:15.794-03:00 DEBUG 53506 --- [rest-with-spring-boot-and-java] [           main] o.a.c.b.converters.LongConverter         :     No conversion required, value is already a Long
2026-06-02T16:19:15.794-03:00 DEBUG 53506 --- [rest-with-spring-boot-and-java] [           main] c.g.dozermapper.core.fieldmap.FieldMap   : Getting ready to invoke write method on the destination object. Dest Obj: BookDTO, Dest value: 1
2026-06-02T16:19:15.794-03:00 DEBUG 53506 --- [rest-with-spring-boot-and-java] [           main] c.g.dozermapper.core.MappingProcessor    : MAPPED: Book.id --> BookDTO.id    VALUES: 1 --> 1    MAPID: 
2026-06-02T16:19:15.794-03:00 DEBUG 53506 --- [rest-with-spring-boot-and-java] [           main] c.g.dozermapper.core.fieldmap.FieldMap   : Getting ready to invoke write method on the destination object. Dest Obj: BookDTO, Dest value: Some Author1
2026-06-02T16:19:15.794-03:00 DEBUG 53506 --- [rest-with-spring-boot-and-java] [           main] c.g.dozermapper.core.MappingProcessor    : MAPPED: Book.author --> BookDTO.author    VALUES: Some Author1 --> Some Author1    MAPID: 
2026-06-02T16:19:15.794-03:00 DEBUG 53506 --- [rest-with-spring-boot-and-java] [           main] c.g.dozermapper.core.fieldmap.FieldMap   : Getting ready to invoke write method on the destination object. Dest Obj: BookDTO, Dest value: Some Title1
2026-06-02T16:19:15.794-03:00 DEBUG 53506 --- [rest-with-spring-boot-and-java] [           main] c.g.dozermapper.core.MappingProcessor    : MAPPED: Book.title --> BookDTO.title    VALUES: Some Title1 --> Some Title1    MAPID: 
2026-06-02T16:19:15.794-03:00 DEBUG 53506 --- [rest-with-spring-boot-and-java] [           main] o.a.c.b.converters.DoubleConverter       : Converting 'Double' value '25.0' to type 'Double'
2026-06-02T16:19:15.794-03:00 DEBUG 53506 --- [rest-with-spring-boot-and-java] [           main] o.a.c.b.converters.DoubleConverter       :     No conversion required, value is already a Double
2026-06-02T16:19:15.794-03:00 DEBUG 53506 --- [rest-with-spring-boot-and-java] [           main] c.g.dozermapper.core.fieldmap.FieldMap   : Getting ready to invoke write method on the destination object. Dest Obj: BookDTO, Dest value: 25.0
2026-06-02T16:19:15.794-03:00 DEBUG 53506 --- [rest-with-spring-boot-and-java] [           main] c.g.dozermapper.core.MappingProcessor    : MAPPED: Book.price --> BookDTO.price    VALUES: 25.0 --> 25.0    MAPID: 
2026-06-02T16:19:15.794-03:00 DEBUG 53506 --- [rest-with-spring-boot-and-java] [           main] c.g.dozermapper.core.fieldmap.FieldMap   : Getting ready to invoke write method on the destination object. Dest Obj: BookDTO, Dest value: Tue Jun 02 16:19:15 BRT 2026
2026-06-02T16:19:15.795-03:00 DEBUG 53506 --- [rest-with-spring-boot-and-java] [           main] c.g.dozermapper.core.MappingProcessor    : MAPPED: Book.launchDate --> BookDTO.launchDate    VALUES: Tue Jun 02 16:19:15 BRT 2026 --> Tue Jun 02 16:19:15 BRT 2026    MAPID: 
2026-06-02T16:19:15.795-03:00 TRACE 53506 --- [rest-with-spring-boot-and-java] [           main] o.s.aop.framework.CglibAopProxy          : Creating CGLIB proxy: EmptyTargetSource: target class [br.com.wfsystems.data.dto.v1.BookDTO], static
2026-06-02T16:19:15.824-03:00 TRACE 53506 --- [rest-with-spring-boot-and-java] [           main] o.s.aop.framework.CglibAopProxy          : Creating CGLIB proxy: EmptyTargetSource: target class [org.springframework.http.ResponseEntity], static
2026-06-02T16:19:15.826-03:00 TRACE 53506 --- [rest-with-spring-boot-and-java] [           main] o.s.aop.framework.CglibAopProxy          : Creating CGLIB proxy: EmptyTargetSource: target class [br.com.wfsystems.data.dto.v1.BookDTO], static
2026-06-02T16:19:15.826-03:00 TRACE 53506 --- [rest-with-spring-boot-and-java] [           main] o.s.aop.framework.CglibAopProxy          : Creating CGLIB proxy: EmptyTargetSource: target class [br.com.wfsystems.data.dto.v1.BookDTO], static
2026-06-02T16:19:15.827-03:00 TRACE 53506 --- [rest-with-spring-boot-and-java] [           main] o.s.aop.framework.CglibAopProxy          : Creating CGLIB proxy: EmptyTargetSource: target class [org.springframework.http.ResponseEntity], static
2026-06-02T16:19:15.828-03:00 DEBUG 53506 --- [rest-with-spring-boot-and-java] [           main] o.a.c.b.converters.LongConverter         : Converting 'Long' value '2' to type 'Long'
2026-06-02T16:19:15.828-03:00 DEBUG 53506 --- [rest-with-spring-boot-and-java] [           main] o.a.c.b.converters.LongConverter         :     No conversion required, value is already a Long
2026-06-02T16:19:15.828-03:00 DEBUG 53506 --- [rest-with-spring-boot-and-java] [           main] c.g.dozermapper.core.fieldmap.FieldMap   : Getting ready to invoke write method on the destination object. Dest Obj: BookDTO, Dest value: 2
2026-06-02T16:19:15.828-03:00 DEBUG 53506 --- [rest-with-spring-boot-and-java] [           main] c.g.dozermapper.core.MappingProcessor    : MAPPED: Book.id --> BookDTO.id    VALUES: 2 --> 2    MAPID: 
2026-06-02T16:19:15.828-03:00 DEBUG 53506 --- [rest-with-spring-boot-and-java] [           main] c.g.dozermapper.core.fieldmap.FieldMap   : Getting ready to invoke write method on the destination object. Dest Obj: BookDTO, Dest value: Some Author2
2026-06-02T16:19:15.828-03:00 DEBUG 53506 --- [rest-with-spring-boot-and-java] [           main] c.g.dozermapper.core.MappingProcessor    : MAPPED: Book.author --> BookDTO.author    VALUES: Some Author2 --> Some Author2    MAPID: 
2026-06-02T16:19:15.828-03:00 DEBUG 53506 --- [rest-with-spring-boot-and-java] [           main] c.g.dozermapper.core.fieldmap.FieldMap   : Getting ready to invoke write method on the destination object. Dest Obj: BookDTO, Dest value: Some Title2
2026-06-02T16:19:15.828-03:00 DEBUG 53506 --- [rest-with-spring-boot-and-java] [           main] c.g.dozermapper.core.MappingProcessor    : MAPPED: Book.title --> BookDTO.title    VALUES: Some Title2 --> Some Title2    MAPID: 
2026-06-02T16:19:15.828-03:00 DEBUG 53506 --- [rest-with-spring-boot-and-java] [           main] o.a.c.b.converters.DoubleConverter       : Converting 'Double' value '25.0' to type 'Double'
2026-06-02T16:19:15.828-03:00 DEBUG 53506 --- [rest-with-spring-boot-and-java] [           main] o.a.c.b.converters.DoubleConverter       :     No conversion required, value is already a Double
2026-06-02T16:19:15.828-03:00 DEBUG 53506 --- [rest-with-spring-boot-and-java] [           main] c.g.dozermapper.core.fieldmap.FieldMap   : Getting ready to invoke write method on the destination object. Dest Obj: BookDTO, Dest value: 25.0
2026-06-02T16:19:15.828-03:00 DEBUG 53506 --- [rest-with-spring-boot-and-java] [           main] c.g.dozermapper.core.MappingProcessor    : MAPPED: Book.price --> BookDTO.price    VALUES: 25.0 --> 25.0    MAPID: 
2026-06-02T16:19:15.828-03:00 DEBUG 53506 --- [rest-with-spring-boot-and-java] [           main] c.g.dozermapper.core.fieldmap.FieldMap   : Getting ready to invoke write method on the destination object. Dest Obj: BookDTO, Dest value: Tue Jun 02 16:19:15 BRT 2026
2026-06-02T16:19:15.829-03:00 DEBUG 53506 --- [rest-with-spring-boot-and-java] [           main] c.g.dozermapper.core.MappingProcessor    : MAPPED: Book.launchDate --> BookDTO.launchDate    VALUES: Tue Jun 02 16:19:15 BRT 2026 --> Tue Jun 02 16:19:15 BRT 2026    MAPID: 
2026-06-02T16:19:15.829-03:00 TRACE 53506 --- [rest-with-spring-boot-and-java] [           main] o.s.aop.framework.CglibAopProxy          : Creating CGLIB proxy: EmptyTargetSource: target class [br.com.wfsystems.data.dto.v1.BookDTO], static
2026-06-02T16:19:15.830-03:00 TRACE 53506 --- [rest-with-spring-boot-and-java] [           main] o.s.aop.framework.CglibAopProxy          : Creating CGLIB proxy: EmptyTargetSource: target class [org.springframework.http.ResponseEntity], static
2026-06-02T16:19:15.830-03:00 TRACE 53506 --- [rest-with-spring-boot-and-java] [           main] o.s.aop.framework.CglibAopProxy          : Creating CGLIB proxy: EmptyTargetSource: target class [br.com.wfsystems.data.dto.v1.BookDTO], static
2026-06-02T16:19:15.831-03:00 TRACE 53506 --- [rest-with-spring-boot-and-java] [           main] o.s.aop.framework.CglibAopProxy          : Creating CGLIB proxy: EmptyTargetSource: target class [br.com.wfsystems.data.dto.v1.BookDTO], static
2026-06-02T16:19:15.842-03:00 TRACE 53506 --- [rest-with-spring-boot-and-java] [           main] o.s.aop.framework.CglibAopProxy          : Creating CGLIB proxy: EmptyTargetSource: target class [org.springframework.http.ResponseEntity], static
2026-06-02T16:19:15.843-03:00 DEBUG 53506 --- [rest-with-spring-boot-and-java] [           main] o.a.c.b.converters.LongConverter         : Converting 'Long' value '3' to type 'Long'
2026-06-02T16:19:15.843-03:00 DEBUG 53506 --- [rest-with-spring-boot-and-java] [           main] o.a.c.b.converters.LongConverter         :     No conversion required, value is already a Long
2026-06-02T16:19:15.843-03:00 DEBUG 53506 --- [rest-with-spring-boot-and-java] [           main] c.g.dozermapper.core.fieldmap.FieldMap   : Getting ready to invoke write method on the destination object. Dest Obj: BookDTO, Dest value: 3
2026-06-02T16:19:15.843-03:00 DEBUG 53506 --- [rest-with-spring-boot-and-java] [           main] c.g.dozermapper.core.MappingProcessor    : MAPPED: Book.id --> BookDTO.id    VALUES: 3 --> 3    MAPID: 
2026-06-02T16:19:15.843-03:00 DEBUG 53506 --- [rest-with-spring-boot-and-java] [           main] c.g.dozermapper.core.fieldmap.FieldMap   : Getting ready to invoke write method on the destination object. Dest Obj: BookDTO, Dest value: Some Author3
2026-06-02T16:19:15.843-03:00 DEBUG 53506 --- [rest-with-spring-boot-and-java] [           main] c.g.dozermapper.core.MappingProcessor    : MAPPED: Book.author --> BookDTO.author    VALUES: Some Author3 --> Some Author3    MAPID: 
2026-06-02T16:19:15.843-03:00 DEBUG 53506 --- [rest-with-spring-boot-and-java] [           main] c.g.dozermapper.core.fieldmap.FieldMap   : Getting ready to invoke write method on the destination object. Dest Obj: BookDTO, Dest value: Some Title3
2026-06-02T16:19:15.843-03:00 DEBUG 53506 --- [rest-with-spring-boot-and-java] [           main] c.g.dozermapper.core.MappingProcessor    : MAPPED: Book.title --> BookDTO.title    VALUES: Some Title3 --> Some Title3    MAPID: 
2026-06-02T16:19:15.843-03:00 DEBUG 53506 --- [rest-with-spring-boot-and-java] [           main] o.a.c.b.converters.DoubleConverter       : Converting 'Double' value '25.0' to type 'Double'
2026-06-02T16:19:15.843-03:00 DEBUG 53506 --- [rest-with-spring-boot-and-java] [           main] o.a.c.b.converters.DoubleConverter       :     No conversion required, value is already a Double
2026-06-02T16:19:15.843-03:00 DEBUG 53506 --- [rest-with-spring-boot-and-java] [           main] c.g.dozermapper.core.fieldmap.FieldMap   : Getting ready to invoke write method on the destination object. Dest Obj: BookDTO, Dest value: 25.0
2026-06-02T16:19:15.844-03:00 DEBUG 53506 --- [rest-with-spring-boot-and-java] [           main] c.g.dozermapper.core.MappingProcessor    : MAPPED: Book.price --> BookDTO.price    VALUES: 25.0 --> 25.0    MAPID: 
2026-06-02T16:19:15.844-03:00 DEBUG 53506 --- [rest-with-spring-boot-and-java] [           main] c.g.dozermapper.core.fieldmap.FieldMap   : Getting ready to invoke write method on the destination object. Dest Obj: BookDTO, Dest value: Tue Jun 02 16:19:15 BRT 2026
2026-06-02T16:19:15.844-03:00 DEBUG 53506 --- [rest-with-spring-boot-and-java] [           main] c.g.dozermapper.core.MappingProcessor    : MAPPED: Book.launchDate --> BookDTO.launchDate    VALUES: Tue Jun 02 16:19:15 BRT 2026 --> Tue Jun 02 16:19:15 BRT 2026    MAPID: 
2026-06-02T16:19:15.844-03:00 TRACE 53506 --- [rest-with-spring-boot-and-java] [           main] o.s.aop.framework.CglibAopProxy          : Creating CGLIB proxy: EmptyTargetSource: target class [br.com.wfsystems.data.dto.v1.BookDTO], static
2026-06-02T16:19:15.845-03:00 TRACE 53506 --- [rest-with-spring-boot-and-java] [           main] o.s.aop.framework.CglibAopProxy          : Creating CGLIB proxy: EmptyTargetSource: target class [org.springframework.http.ResponseEntity], static
2026-06-02T16:19:15.846-03:00 TRACE 53506 --- [rest-with-spring-boot-and-java] [           main] o.s.aop.framework.CglibAopProxy          : Creating CGLIB proxy: EmptyTargetSource: target class [br.com.wfsystems.data.dto.v1.BookDTO], static
2026-06-02T16:19:15.846-03:00 TRACE 53506 --- [rest-with-spring-boot-and-java] [           main] o.s.aop.framework.CglibAopProxy          : Creating CGLIB proxy: EmptyTargetSource: target class [br.com.wfsystems.data.dto.v1.BookDTO], static
2026-06-02T16:19:15.846-03:00 TRACE 53506 --- [rest-with-spring-boot-and-java] [           main] o.s.aop.framework.CglibAopProxy          : Creating CGLIB proxy: EmptyTargetSource: target class [org.springframework.http.ResponseEntity], static
2026-06-02T16:19:15.852-03:00 DEBUG 53506 --- [rest-with-spring-boot-and-java] [           main] o.a.c.b.converters.LongConverter         : Converting 'Long' value '4' to type 'Long'
2026-06-02T16:19:15.852-03:00 DEBUG 53506 --- [rest-with-spring-boot-and-java] [           main] o.a.c.b.converters.LongConverter         :     No conversion required, value is already a Long
2026-06-02T16:19:15.853-03:00 DEBUG 53506 --- [rest-with-spring-boot-and-java] [           main] c.g.dozermapper.core.fieldmap.FieldMap   : Getting ready to invoke write method on the destination object. Dest Obj: BookDTO, Dest value: 4
2026-06-02T16:19:15.853-03:00 DEBUG 53506 --- [rest-with-spring-boot-and-java] [           main] c.g.dozermapper.core.MappingProcessor    : MAPPED: Book.id --> BookDTO.id    VALUES: 4 --> 4    MAPID: 
2026-06-02T16:19:15.853-03:00 DEBUG 53506 --- [rest-with-spring-boot-and-java] [           main] c.g.dozermapper.core.fieldmap.FieldMap   : Getting ready to invoke write method on the destination object. Dest Obj: BookDTO, Dest value: Some Author4
2026-06-02T16:19:15.853-03:00 DEBUG 53506 --- [rest-with-spring-boot-and-java] [           main] c.g.dozermapper.core.MappingProcessor    : MAPPED: Book.author --> BookDTO.author    VALUES: Some Author4 --> Some Author4    MAPID: 
2026-06-02T16:19:15.853-03:00 DEBUG 53506 --- [rest-with-spring-boot-and-java] [           main] c.g.dozermapper.core.fieldmap.FieldMap   : Getting ready to invoke write method on the destination object. Dest Obj: BookDTO, Dest value: Some Title4
2026-06-02T16:19:15.853-03:00 DEBUG 53506 --- [rest-with-spring-boot-and-java] [           main] c.g.dozermapper.core.MappingProcessor    : MAPPED: Book.title --> BookDTO.title    VALUES: Some Title4 --> Some Title4    MAPID: 
2026-06-02T16:19:15.853-03:00 DEBUG 53506 --- [rest-with-spring-boot-and-java] [           main] o.a.c.b.converters.DoubleConverter       : Converting 'Double' value '25.0' to type 'Double'
2026-06-02T16:19:15.853-03:00 DEBUG 53506 --- [rest-with-spring-boot-and-java] [           main] o.a.c.b.converters.DoubleConverter       :     No conversion required, value is already a Double
2026-06-02T16:19:15.853-03:00 DEBUG 53506 --- [rest-with-spring-boot-and-java] [           main] c.g.dozermapper.core.fieldmap.FieldMap   : Getting ready to invoke write method on the destination object. Dest Obj: BookDTO, Dest value: 25.0
2026-06-02T16:19:15.853-03:00 DEBUG 53506 --- [rest-with-spring-boot-and-java] [           main] c.g.dozermapper.core.MappingProcessor    : MAPPED: Book.price --> BookDTO.price    VALUES: 25.0 --> 25.0    MAPID: 
2026-06-02T16:19:15.853-03:00 DEBUG 53506 --- [rest-with-spring-boot-and-java] [           main] c.g.dozermapper.core.fieldmap.FieldMap   : Getting ready to invoke write method on the destination object. Dest Obj: BookDTO, Dest value: Tue Jun 02 16:19:15 BRT 2026
2026-06-02T16:19:15.853-03:00 DEBUG 53506 --- [rest-with-spring-boot-and-java] [           main] c.g.dozermapper.core.MappingProcessor    : MAPPED: Book.launchDate --> BookDTO.launchDate    VALUES: Tue Jun 02 16:19:15 BRT 2026 --> Tue Jun 02 16:19:15 BRT 2026    MAPID: 
2026-06-02T16:19:15.854-03:00 TRACE 53506 --- [rest-with-spring-boot-and-java] [           main] o.s.aop.framework.CglibAopProxy          : Creating CGLIB proxy: EmptyTargetSource: target class [br.com.wfsystems.data.dto.v1.BookDTO], static
2026-06-02T16:19:15.855-03:00 TRACE 53506 --- [rest-with-spring-boot-and-java] [           main] o.s.aop.framework.CglibAopProxy          : Creating CGLIB proxy: EmptyTargetSource: target class [org.springframework.http.ResponseEntity], static
2026-06-02T16:19:15.856-03:00 TRACE 53506 --- [rest-with-spring-boot-and-java] [           main] o.s.aop.framework.CglibAopProxy          : Creating CGLIB proxy: EmptyTargetSource: target class [br.com.wfsystems.data.dto.v1.BookDTO], static
2026-06-02T16:19:15.857-03:00 TRACE 53506 --- [rest-with-spring-boot-and-java] [           main] o.s.aop.framework.CglibAopProxy          : Creating CGLIB proxy: EmptyTargetSource: target class [br.com.wfsystems.data.dto.v1.BookDTO], static
2026-06-02T16:19:15.857-03:00 TRACE 53506 --- [rest-with-spring-boot-and-java] [           main] o.s.aop.framework.CglibAopProxy          : Creating CGLIB proxy: EmptyTargetSource: target class [org.springframework.http.ResponseEntity], static
2026-06-02T16:19:15.858-03:00 DEBUG 53506 --- [rest-with-spring-boot-and-java] [           main] o.a.c.b.converters.LongConverter         : Converting 'Long' value '5' to type 'Long'
2026-06-02T16:19:15.858-03:00 DEBUG 53506 --- [rest-with-spring-boot-and-java] [           main] o.a.c.b.converters.LongConverter         :     No conversion required, value is already a Long
2026-06-02T16:19:15.858-03:00 DEBUG 53506 --- [rest-with-spring-boot-and-java] [           main] c.g.dozermapper.core.fieldmap.FieldMap   : Getting ready to invoke write method on the destination object. Dest Obj: BookDTO, Dest value: 5
2026-06-02T16:19:15.858-03:00 DEBUG 53506 --- [rest-with-spring-boot-and-java] [           main] c.g.dozermapper.core.MappingProcessor    : MAPPED: Book.id --> BookDTO.id    VALUES: 5 --> 5    MAPID: 
2026-06-02T16:19:15.858-03:00 DEBUG 53506 --- [rest-with-spring-boot-and-java] [           main] c.g.dozermapper.core.fieldmap.FieldMap   : Getting ready to invoke write method on the destination object. Dest Obj: BookDTO, Dest value: Some Author5
2026-06-02T16:19:15.858-03:00 DEBUG 53506 --- [rest-with-spring-boot-and-java] [           main] c.g.dozermapper.core.MappingProcessor    : MAPPED: Book.author --> BookDTO.author    VALUES: Some Author5 --> Some Author5    MAPID: 
2026-06-02T16:19:15.858-03:00 DEBUG 53506 --- [rest-with-spring-boot-and-java] [           main] c.g.dozermapper.core.fieldmap.FieldMap   : Getting ready to invoke write method on the destination object. Dest Obj: BookDTO, Dest value: Some Title5
2026-06-02T16:19:15.858-03:00 DEBUG 53506 --- [rest-with-spring-boot-and-java] [           main] c.g.dozermapper.core.MappingProcessor    : MAPPED: Book.title --> BookDTO.title    VALUES: Some Title5 --> Some Title5    MAPID: 
2026-06-02T16:19:15.858-03:00 DEBUG 53506 --- [rest-with-spring-boot-and-java] [           main] o.a.c.b.converters.DoubleConverter       : Converting 'Double' value '25.0' to type 'Double'
2026-06-02T16:19:15.858-03:00 DEBUG 53506 --- [rest-with-spring-boot-and-java] [           main] o.a.c.b.converters.DoubleConverter       :     No conversion required, value is already a Double
2026-06-02T16:19:15.858-03:00 DEBUG 53506 --- [rest-with-spring-boot-and-java] [           main] c.g.dozermapper.core.fieldmap.FieldMap   : Getting ready to invoke write method on the destination object. Dest Obj: BookDTO, Dest value: 25.0
2026-06-02T16:19:15.858-03:00 DEBUG 53506 --- [rest-with-spring-boot-and-java] [           main] c.g.dozermapper.core.MappingProcessor    : MAPPED: Book.price --> BookDTO.price    VALUES: 25.0 --> 25.0    MAPID: 
2026-06-02T16:19:15.858-03:00 DEBUG 53506 --- [rest-with-spring-boot-and-java] [           main] c.g.dozermapper.core.fieldmap.FieldMap   : Getting ready to invoke write method on the destination object. Dest Obj: BookDTO, Dest value: Tue Jun 02 16:19:15 BRT 2026
2026-06-02T16:19:15.859-03:00 DEBUG 53506 --- [rest-with-spring-boot-and-java] [           main] c.g.dozermapper.core.MappingProcessor    : MAPPED: Book.launchDate --> BookDTO.launchDate    VALUES: Tue Jun 02 16:19:15 BRT 2026 --> Tue Jun 02 16:19:15 BRT 2026    MAPID: 
2026-06-02T16:19:15.859-03:00 TRACE 53506 --- [rest-with-spring-boot-and-java] [           main] o.s.aop.framework.CglibAopProxy          : Creating CGLIB proxy: EmptyTargetSource: target class [br.com.wfsystems.data.dto.v1.BookDTO], static
2026-06-02T16:19:15.859-03:00 TRACE 53506 --- [rest-with-spring-boot-and-java] [           main] o.s.aop.framework.CglibAopProxy          : Creating CGLIB proxy: EmptyTargetSource: target class [org.springframework.http.ResponseEntity], static
2026-06-02T16:19:15.860-03:00 TRACE 53506 --- [rest-with-spring-boot-and-java] [           main] o.s.aop.framework.CglibAopProxy          : Creating CGLIB proxy: EmptyTargetSource: target class [br.com.wfsystems.data.dto.v1.BookDTO], static
2026-06-02T16:19:15.861-03:00 TRACE 53506 --- [rest-with-spring-boot-and-java] [           main] o.s.aop.framework.CglibAopProxy          : Creating CGLIB proxy: EmptyTargetSource: target class [br.com.wfsystems.data.dto.v1.BookDTO], static
2026-06-02T16:19:15.861-03:00 TRACE 53506 --- [rest-with-spring-boot-and-java] [           main] o.s.aop.framework.CglibAopProxy          : Creating CGLIB proxy: EmptyTargetSource: target class [org.springframework.http.ResponseEntity], static
2026-06-02T16:19:15.862-03:00 DEBUG 53506 --- [rest-with-spring-boot-and-java] [           main] o.a.c.b.converters.LongConverter         : Converting 'Long' value '6' to type 'Long'
2026-06-02T16:19:15.862-03:00 DEBUG 53506 --- [rest-with-spring-boot-and-java] [           main] o.a.c.b.converters.LongConverter         :     No conversion required, value is already a Long
2026-06-02T16:19:15.862-03:00 DEBUG 53506 --- [rest-with-spring-boot-and-java] [           main] c.g.dozermapper.core.fieldmap.FieldMap   : Getting ready to invoke write method on the destination object. Dest Obj: BookDTO, Dest value: 6
2026-06-02T16:19:15.862-03:00 DEBUG 53506 --- [rest-with-spring-boot-and-java] [           main] c.g.dozermapper.core.MappingProcessor    : MAPPED: Book.id --> BookDTO.id    VALUES: 6 --> 6    MAPID: 
2026-06-02T16:19:15.862-03:00 DEBUG 53506 --- [rest-with-spring-boot-and-java] [           main] c.g.dozermapper.core.fieldmap.FieldMap   : Getting ready to invoke write method on the destination object. Dest Obj: BookDTO, Dest value: Some Author6
2026-06-02T16:19:15.862-03:00 DEBUG 53506 --- [rest-with-spring-boot-and-java] [           main] c.g.dozermapper.core.MappingProcessor    : MAPPED: Book.author --> BookDTO.author    VALUES: Some Author6 --> Some Author6    MAPID: 
2026-06-02T16:19:15.862-03:00 DEBUG 53506 --- [rest-with-spring-boot-and-java] [           main] c.g.dozermapper.core.fieldmap.FieldMap   : Getting ready to invoke write method on the destination object. Dest Obj: BookDTO, Dest value: Some Title6
2026-06-02T16:19:15.862-03:00 DEBUG 53506 --- [rest-with-spring-boot-and-java] [           main] c.g.dozermapper.core.MappingProcessor    : MAPPED: Book.title --> BookDTO.title    VALUES: Some Title6 --> Some Title6    MAPID: 
2026-06-02T16:19:15.862-03:00 DEBUG 53506 --- [rest-with-spring-boot-and-java] [           main] o.a.c.b.converters.DoubleConverter       : Converting 'Double' value '25.0' to type 'Double'
2026-06-02T16:19:15.862-03:00 DEBUG 53506 --- [rest-with-spring-boot-and-java] [           main] o.a.c.b.converters.DoubleConverter       :     No conversion required, value is already a Double
2026-06-02T16:19:15.862-03:00 DEBUG 53506 --- [rest-with-spring-boot-and-java] [           main] c.g.dozermapper.core.fieldmap.FieldMap   : Getting ready to invoke write method on the destination object. Dest Obj: BookDTO, Dest value: 25.0
2026-06-02T16:19:15.862-03:00 DEBUG 53506 --- [rest-with-spring-boot-and-java] [           main] c.g.dozermapper.core.MappingProcessor    : MAPPED: Book.price --> BookDTO.price    VALUES: 25.0 --> 25.0    MAPID: 
2026-06-02T16:19:15.862-03:00 DEBUG 53506 --- [rest-with-spring-boot-and-java] [           main] c.g.dozermapper.core.fieldmap.FieldMap   : Getting ready to invoke write method on the destination object. Dest Obj: BookDTO, Dest value: Tue Jun 02 16:19:15 BRT 2026
2026-06-02T16:19:15.862-03:00 DEBUG 53506 --- [rest-with-spring-boot-and-java] [           main] c.g.dozermapper.core.MappingProcessor    : MAPPED: Book.launchDate --> BookDTO.launchDate    VALUES: Tue Jun 02 16:19:15 BRT 2026 --> Tue Jun 02 16:19:15 BRT 2026    MAPID: 
2026-06-02T16:19:15.862-03:00 TRACE 53506 --- [rest-with-spring-boot-and-java] [           main] o.s.aop.framework.CglibAopProxy          : Creating CGLIB proxy: EmptyTargetSource: target class [br.com.wfsystems.data.dto.v1.BookDTO], static
2026-06-02T16:19:15.863-03:00 TRACE 53506 --- [rest-with-spring-boot-and-java] [           main] o.s.aop.framework.CglibAopProxy          : Creating CGLIB proxy: EmptyTargetSource: target class [org.springframework.http.ResponseEntity], static
2026-06-02T16:19:15.864-03:00 TRACE 53506 --- [rest-with-spring-boot-and-java] [           main] o.s.aop.framework.CglibAopProxy          : Creating CGLIB proxy: EmptyTargetSource: target class [br.com.wfsystems.data.dto.v1.BookDTO], static
2026-06-02T16:19:15.864-03:00 TRACE 53506 --- [rest-with-spring-boot-and-java] [           main] o.s.aop.framework.CglibAopProxy          : Creating CGLIB proxy: EmptyTargetSource: target class [br.com.wfsystems.data.dto.v1.BookDTO], static
2026-06-02T16:19:15.865-03:00 TRACE 53506 --- [rest-with-spring-boot-and-java] [           main] o.s.aop.framework.CglibAopProxy          : Creating CGLIB proxy: EmptyTargetSource: target class [org.springframework.http.ResponseEntity], static
2026-06-02T16:19:15.865-03:00 DEBUG 53506 --- [rest-with-spring-boot-and-java] [           main] o.a.c.b.converters.LongConverter         : Converting 'Long' value '7' to type 'Long'
2026-06-02T16:19:15.865-03:00 DEBUG 53506 --- [rest-with-spring-boot-and-java] [           main] o.a.c.b.converters.LongConverter         :     No conversion required, value is already a Long
2026-06-02T16:19:15.865-03:00 DEBUG 53506 --- [rest-with-spring-boot-and-java] [           main] c.g.dozermapper.core.fieldmap.FieldMap   : Getting ready to invoke write method on the destination object. Dest Obj: BookDTO, Dest value: 7
2026-06-02T16:19:15.866-03:00 DEBUG 53506 --- [rest-with-spring-boot-and-java] [           main] c.g.dozermapper.core.MappingProcessor    : MAPPED: Book.id --> BookDTO.id    VALUES: 7 --> 7    MAPID: 
2026-06-02T16:19:15.866-03:00 DEBUG 53506 --- [rest-with-spring-boot-and-java] [           main] c.g.dozermapper.core.fieldmap.FieldMap   : Getting ready to invoke write method on the destination object. Dest Obj: BookDTO, Dest value: Some Author7
2026-06-02T16:19:15.866-03:00 DEBUG 53506 --- [rest-with-spring-boot-and-java] [           main] c.g.dozermapper.core.MappingProcessor    : MAPPED: Book.author --> BookDTO.author    VALUES: Some Author7 --> Some Author7    MAPID: 
2026-06-02T16:19:15.866-03:00 DEBUG 53506 --- [rest-with-spring-boot-and-java] [           main] c.g.dozermapper.core.fieldmap.FieldMap   : Getting ready to invoke write method on the destination object. Dest Obj: BookDTO, Dest value: Some Title7
2026-06-02T16:19:15.866-03:00 DEBUG 53506 --- [rest-with-spring-boot-and-java] [           main] c.g.dozermapper.core.MappingProcessor    : MAPPED: Book.title --> BookDTO.title    VALUES: Some Title7 --> Some Title7    MAPID: 
2026-06-02T16:19:15.866-03:00 DEBUG 53506 --- [rest-with-spring-boot-and-java] [           main] o.a.c.b.converters.DoubleConverter       : Converting 'Double' value '25.0' to type 'Double'
2026-06-02T16:19:15.866-03:00 DEBUG 53506 --- [rest-with-spring-boot-and-java] [           main] o.a.c.b.converters.DoubleConverter       :     No conversion required, value is already a Double
2026-06-02T16:19:15.866-03:00 DEBUG 53506 --- [rest-with-spring-boot-and-java] [           main] c.g.dozermapper.core.fieldmap.FieldMap   : Getting ready to invoke write method on the destination object. Dest Obj: BookDTO, Dest value: 25.0
2026-06-02T16:19:15.866-03:00 DEBUG 53506 --- [rest-with-spring-boot-and-java] [           main] c.g.dozermapper.core.MappingProcessor    : MAPPED: Book.price --> BookDTO.price    VALUES: 25.0 --> 25.0    MAPID: 
2026-06-02T16:19:15.866-03:00 DEBUG 53506 --- [rest-with-spring-boot-and-java] [           main] c.g.dozermapper.core.fieldmap.FieldMap   : Getting ready to invoke write method on the destination object. Dest Obj: BookDTO, Dest value: Tue Jun 02 16:19:15 BRT 2026
2026-06-02T16:19:15.866-03:00 DEBUG 53506 --- [rest-with-spring-boot-and-java] [           main] c.g.dozermapper.core.MappingProcessor    : MAPPED: Book.launchDate --> BookDTO.launchDate    VALUES: Tue Jun 02 16:19:15 BRT 2026 --> Tue Jun 02 16:19:15 BRT 2026    MAPID: 
2026-06-02T16:19:15.867-03:00 TRACE 53506 --- [rest-with-spring-boot-and-java] [           main] o.s.aop.framework.CglibAopProxy          : Creating CGLIB proxy: EmptyTargetSource: target class [br.com.wfsystems.data.dto.v1.BookDTO], static
2026-06-02T16:19:15.876-03:00 TRACE 53506 --- [rest-with-spring-boot-and-java] [           main] o.s.aop.framework.CglibAopProxy          : Creating CGLIB proxy: EmptyTargetSource: target class [org.springframework.http.ResponseEntity], static
2026-06-02T16:19:15.877-03:00 TRACE 53506 --- [rest-with-spring-boot-and-java] [           main] o.s.aop.framework.CglibAopProxy          : Creating CGLIB proxy: EmptyTargetSource: target class [br.com.wfsystems.data.dto.v1.BookDTO], static
2026-06-02T16:19:15.878-03:00 TRACE 53506 --- [rest-with-spring-boot-and-java] [           main] o.s.aop.framework.CglibAopProxy          : Creating CGLIB proxy: EmptyTargetSource: target class [br.com.wfsystems.data.dto.v1.BookDTO], static
2026-06-02T16:19:15.878-03:00 TRACE 53506 --- [rest-with-spring-boot-and-java] [           main] o.s.aop.framework.CglibAopProxy          : Creating CGLIB proxy: EmptyTargetSource: target class [org.springframework.http.ResponseEntity], static
2026-06-02T16:19:15.879-03:00 DEBUG 53506 --- [rest-with-spring-boot-and-java] [           main] o.a.c.b.converters.LongConverter         : Converting 'Long' value '8' to type 'Long'
2026-06-02T16:19:15.879-03:00 DEBUG 53506 --- [rest-with-spring-boot-and-java] [           main] o.a.c.b.converters.LongConverter         :     No conversion required, value is already a Long
2026-06-02T16:19:15.879-03:00 DEBUG 53506 --- [rest-with-spring-boot-and-java] [           main] c.g.dozermapper.core.fieldmap.FieldMap   : Getting ready to invoke write method on the destination object. Dest Obj: BookDTO, Dest value: 8
2026-06-02T16:19:15.879-03:00 DEBUG 53506 --- [rest-with-spring-boot-and-java] [           main] c.g.dozermapper.core.MappingProcessor    : MAPPED: Book.id --> BookDTO.id    VALUES: 8 --> 8    MAPID: 
2026-06-02T16:19:15.879-03:00 DEBUG 53506 --- [rest-with-spring-boot-and-java] [           main] c.g.dozermapper.core.fieldmap.FieldMap   : Getting ready to invoke write method on the destination object. Dest Obj: BookDTO, Dest value: Some Author8
2026-06-02T16:19:15.879-03:00 DEBUG 53506 --- [rest-with-spring-boot-and-java] [           main] c.g.dozermapper.core.MappingProcessor    : MAPPED: Book.author --> BookDTO.author    VALUES: Some Author8 --> Some Author8    MAPID: 
2026-06-02T16:19:15.879-03:00 DEBUG 53506 --- [rest-with-spring-boot-and-java] [           main] c.g.dozermapper.core.fieldmap.FieldMap   : Getting ready to invoke write method on the destination object. Dest Obj: BookDTO, Dest value: Some Title8
2026-06-02T16:19:15.879-03:00 DEBUG 53506 --- [rest-with-spring-boot-and-java] [           main] c.g.dozermapper.core.MappingProcessor    : MAPPED: Book.title --> BookDTO.title    VALUES: Some Title8 --> Some Title8    MAPID: 
2026-06-02T16:19:15.879-03:00 DEBUG 53506 --- [rest-with-spring-boot-and-java] [           main] o.a.c.b.converters.DoubleConverter       : Converting 'Double' value '25.0' to type 'Double'
2026-06-02T16:19:15.879-03:00 DEBUG 53506 --- [rest-with-spring-boot-and-java] [           main] o.a.c.b.converters.DoubleConverter       :     No conversion required, value is already a Double
2026-06-02T16:19:15.879-03:00 DEBUG 53506 --- [rest-with-spring-boot-and-java] [           main] c.g.dozermapper.core.fieldmap.FieldMap   : Getting ready to invoke write method on the destination object. Dest Obj: BookDTO, Dest value: 25.0
2026-06-02T16:19:15.880-03:00 DEBUG 53506 --- [rest-with-spring-boot-and-java] [           main] c.g.dozermapper.core.MappingProcessor    : MAPPED: Book.price --> BookDTO.price    VALUES: 25.0 --> 25.0    MAPID: 
2026-06-02T16:19:15.880-03:00 DEBUG 53506 --- [rest-with-spring-boot-and-java] [           main] c.g.dozermapper.core.fieldmap.FieldMap   : Getting ready to invoke write method on the destination object. Dest Obj: BookDTO, Dest value: Tue Jun 02 16:19:15 BRT 2026
2026-06-02T16:19:15.880-03:00 DEBUG 53506 --- [rest-with-spring-boot-and-java] [           main] c.g.dozermapper.core.MappingProcessor    : MAPPED: Book.launchDate --> BookDTO.launchDate    VALUES: Tue Jun 02 16:19:15 BRT 2026 --> Tue Jun 02 16:19:15 BRT 2026    MAPID: 
2026-06-02T16:19:15.880-03:00 TRACE 53506 --- [rest-with-spring-boot-and-java] [           main] o.s.aop.framework.CglibAopProxy          : Creating CGLIB proxy: EmptyTargetSource: target class [br.com.wfsystems.data.dto.v1.BookDTO], static
2026-06-02T16:19:15.880-03:00 TRACE 53506 --- [rest-with-spring-boot-and-java] [           main] o.s.aop.framework.CglibAopProxy          : Creating CGLIB proxy: EmptyTargetSource: target class [org.springframework.http.ResponseEntity], static
2026-06-02T16:19:15.881-03:00 TRACE 53506 --- [rest-with-spring-boot-and-java] [           main] o.s.aop.framework.CglibAopProxy          : Creating CGLIB proxy: EmptyTargetSource: target class [br.com.wfsystems.data.dto.v1.BookDTO], static
2026-06-02T16:19:15.882-03:00 TRACE 53506 --- [rest-with-spring-boot-and-java] [           main] o.s.aop.framework.CglibAopProxy          : Creating CGLIB proxy: EmptyTargetSource: target class [br.com.wfsystems.data.dto.v1.BookDTO], static
2026-06-02T16:19:15.882-03:00 TRACE 53506 --- [rest-with-spring-boot-and-java] [           main] o.s.aop.framework.CglibAopProxy          : Creating CGLIB proxy: EmptyTargetSource: target class [org.springframework.http.ResponseEntity], static
2026-06-02T16:19:15.884-03:00 DEBUG 53506 --- [rest-with-spring-boot-and-java] [           main] o.a.c.b.converters.LongConverter         : Converting 'Long' value '9' to type 'Long'
2026-06-02T16:19:15.884-03:00 DEBUG 53506 --- [rest-with-spring-boot-and-java] [           main] o.a.c.b.converters.LongConverter         :     No conversion required, value is already a Long
2026-06-02T16:19:15.884-03:00 DEBUG 53506 --- [rest-with-spring-boot-and-java] [           main] c.g.dozermapper.core.fieldmap.FieldMap   : Getting ready to invoke write method on the destination object. Dest Obj: BookDTO, Dest value: 9
2026-06-02T16:19:15.884-03:00 DEBUG 53506 --- [rest-with-spring-boot-and-java] [           main] c.g.dozermapper.core.MappingProcessor    : MAPPED: Book.id --> BookDTO.id    VALUES: 9 --> 9    MAPID: 
2026-06-02T16:19:15.884-03:00 DEBUG 53506 --- [rest-with-spring-boot-and-java] [           main] c.g.dozermapper.core.fieldmap.FieldMap   : Getting ready to invoke write method on the destination object. Dest Obj: BookDTO, Dest value: Some Author9
2026-06-02T16:19:15.884-03:00 DEBUG 53506 --- [rest-with-spring-boot-and-java] [           main] c.g.dozermapper.core.MappingProcessor    : MAPPED: Book.author --> BookDTO.author    VALUES: Some Author9 --> Some Author9    MAPID: 
[...]
2026-06-02T16:19:15.893-03:00 DEBUG 53506 --- [rest-with-spring-boot-and-java] [           main] c.g.dozermapper.core.MappingProcessor    : MAPPED: Book.launchDate --> BookDTO.launchDate    VALUES: Tue Jun 02 16:19:15 BRT 2026 --> Tue Jun 02 16:19:15 BRT 2026    MAPID: 
2026-06-02T16:19:15.893-03:00 TRACE 53506 --- [rest-with-spring-boot-and-java] [           main] o.s.aop.framework.CglibAopProxy          : Creating CGLIB proxy: EmptyTargetSource: target class [br.com.wfsystems.data.dto.v1.BookDTO], static
2026-06-02T16:19:15.894-03:00 TRACE 53506 --- [rest-with-spring-boot-and-java] [           main] o.s.aop.framework.CglibAopProxy          : Creating CGLIB proxy: EmptyTargetSource: target class [org.springframework.http.ResponseEntity], static
2026-06-02T16:19:15.895-03:00 TRACE 53506 --- [rest-with-spring-boot-and-java] [           main] o.s.aop.framework.CglibAopProxy          : Creating CGLIB proxy: EmptyTargetSource: target class [br.com.wfsystems.data.dto.v1.BookDTO], static
2026-06-02T16:19:15.895-03:00 TRACE 53506 --- [rest-with-spring-boot-and-java] [           main] o.s.aop.framework.CglibAopProxy          : Creating CGLIB proxy: EmptyTargetSource: target class [br.com.wfsystems.data.dto.v1.BookDTO], static
2026-06-02T16:19:15.895-03:00 TRACE 53506 --- [rest-with-spring-boot-and-java] [           main] o.s.aop.framework.CglibAopProxy          : Creating CGLIB proxy: EmptyTargetSource: target class [org.springframework.http.ResponseEntity], static
2026-06-02T16:19:15.896-03:00 DEBUG 53506 --- [rest-with-spring-boot-and-java] [           main] o.a.c.b.converters.LongConverter         : Converting 'Long' value '12' to type 'Long'
2026-06-02T16:19:15.896-03:00 DEBUG 53506 --- [rest-with-spring-boot-and-java] [           main] o.a.c.b.converters.LongConverter         :     No conversion required, value is already a Long
2026-06-02T16:19:15.896-03:00 DEBUG 53506 --- [rest-with-spring-boot-and-java] [           main] c.g.dozermapper.core.fieldmap.FieldMap   : Getting ready to invoke write method on the destination object. Dest Obj: BookDTO, Dest value: 12
2026-06-02T16:19:15.896-03:00 DEBUG 53506 --- [rest-with-spring-boot-and-java] [           main] c.g.dozermapper.core.MappingProcessor    : MAPPED: Book.id --> BookDTO.id    VALUES: 12 --> 12    MAPID: 
2026-06-02T16:19:15.896-03:00 DEBUG 53506 --- [rest-with-spring-boot-and-java] [           main] c.g.dozermapper.core.fieldmap.FieldMap   : Getting ready to invoke write method on the destination object. Dest Obj: BookDTO, Dest value: Some Author12
2026-06-02T16:19:15.896-03:00 DEBUG 53506 --- [rest-with-spring-boot-and-java] [           main] c.g.dozermapper.core.MappingProcessor    : MAPPED: Book.author --> BookDTO.author    VALUES: Some Author12 --> Some Author12    MAPID: 
2026-06-02T16:19:15.896-03:00 DEBUG 53506 --- [rest-with-spring-boot-and-java] [           main] c.g.dozermapper.core.fieldmap.FieldMap   : Getting ready to invoke write method on the destination object. Dest Obj: BookDTO, Dest value: Some Title12
2026-06-02T16:19:15.896-03:00 DEBUG 53506 --- [rest-with-spring-boot-and-java] [           main] c.g.dozermapper.core.MappingProcessor    : MAPPED: Book.title --> BookDTO.title    VALUES: Some Title12 --> Some Title12    MAPID: 
2026-06-02T16:19:15.896-03:00 DEBUG 53506 --- [rest-with-spring-boot-and-java] [           main] o.a.c.b.converters.DoubleConverter       : Converting 'Double' value '25.0' to type 'Double'
2026-06-02T16:19:15.896-03:00 DEBUG 53506 --- [rest-with-spring-boot-and-java] [           main] o.a.c.b.converters.DoubleConverter       :     No conversion required, value is already a Double
2026-06-02T16:19:15.896-03:00 DEBUG 53506 --- [rest-with-spring-boot-and-java] [           main] c.g.dozermapper.core.fieldmap.FieldMap   : Getting ready to invoke write method on the destination object. Dest Obj: BookDTO, Dest value: 25.0
2026-06-02T16:19:15.897-03:00 DEBUG 53506 --- [rest-with-spring-boot-and-java] [           main] c.g.dozermapper.core.MappingProcessor    : MAPPED: Book.price --> BookDTO.price    VALUES: 25.0 --> 25.0    MAPID: 
2026-06-02T16:19:15.897-03:00 DEBUG 53506 --- [rest-with-spring-boot-and-java] [           main] c.g.dozermapper.core.fieldmap.FieldMap   : Getting ready to invoke write method on the destination object. Dest Obj: BookDTO, Dest value: Tue Jun 02 16:19:15 BRT 2026
2026-06-02T16:19:15.897-03:00 DEBUG 53506 --- [rest-with-spring-boot-and-java] [           main] c.g.dozermapper.core.MappingProcessor    : MAPPED: Book.launchDate --> BookDTO.launchDate    VALUES: Tue Jun 02 16:19:15 BRT 2026 --> Tue Jun 02 16:19:15 BRT 2026    MAPID: 
2026-06-02T16:19:15.897-03:00 TRACE 53506 --- [rest-with-spring-boot-and-java] [           main] o.s.aop.framework.CglibAopProxy          : Creating CGLIB proxy: EmptyTargetSource: target class [br.com.wfsystems.data.dto.v1.BookDTO], static
2026-06-02T16:19:15.898-03:00 TRACE 53506 --- [rest-with-spring-boot-and-java] [           main] o.s.aop.framework.CglibAopProxy          : Creating CGLIB proxy: EmptyTargetSource: target class [org.springframework.http.ResponseEntity], static
2026-06-02T16:19:15.899-03:00 TRACE 53506 --- [rest-with-spring-boot-and-java] [           main] o.s.aop.framework.CglibAopProxy          : Creating CGLIB proxy: EmptyTargetSource: target class [br.com.wfsystems.data.dto.v1.BookDTO], static
2026-06-02T16:19:15.899-03:00 TRACE 53506 --- [rest-with-spring-boot-and-java] [           main] o.s.aop.framework.CglibAopProxy          : Creating CGLIB proxy: EmptyTargetSource: target class [br.com.wfsystems.data.dto.v1.BookDTO], static
2026-06-02T16:19:15.900-03:00 TRACE 53506 --- [rest-with-spring-boot-and-java] [           main] o.s.aop.framework.CglibAopProxy          : Creating CGLIB proxy: EmptyTargetSource: target class [org.springframework.http.ResponseEntity], static
2026-06-02T16:19:15.900-03:00 DEBUG 53506 --- [rest-with-spring-boot-and-java] [           main] o.a.c.b.converters.LongConverter         : Converting 'Long' value '13' to type 'Long'
2026-06-02T16:19:15.900-03:00 DEBUG 53506 --- [rest-with-spring-boot-and-java] [           main] o.a.c.b.converters.LongConverter         :     No conversion required, value is already a Long
2026-06-02T16:19:15.900-03:00 DEBUG 53506 --- [rest-with-spring-boot-and-java] [           main] c.g.dozermapper.core.fieldmap.FieldMap   : Getting ready to invoke write method on the destination object. Dest Obj: BookDTO, Dest value: 13
2026-06-02T16:19:15.900-03:00 DEBUG 53506 --- [rest-with-spring-boot-and-java] [           main] c.g.dozermapper.core.MappingProcessor    : MAPPED: Book.id --> BookDTO.id    VALUES: 13 --> 13    MAPID: 
2026-06-02T16:19:15.900-03:00 DEBUG 53506 --- [rest-with-spring-boot-and-java] [           main] c.g.dozermapper.core.fieldmap.FieldMap   : Getting ready to invoke write method on the destination object. Dest Obj: BookDTO, Dest value: Some Author13
2026-06-02T16:19:15.900-03:00 DEBUG 53506 --- [rest-with-spring-boot-and-java] [           main] c.g.dozermapper.core.MappingProcessor    : MAPPED: Book.author --> BookDTO.author    VALUES: Some Author13 --> Some Author13    MAPID: 
2026-06-02T16:19:15.901-03:00 DEBUG 53506 --- [rest-with-spring-boot-and-java] [           main] c.g.dozermapper.core.fieldmap.FieldMap   : Getting ready to invoke write method on the destination object. Dest Obj: BookDTO, Dest value: Some Title13
2026-06-02T16:19:15.901-03:00 DEBUG 53506 --- [rest-with-spring-boot-and-java] [           main] c.g.dozermapper.core.MappingProcessor    : MAPPED: Book.title --> BookDTO.title    VALUES: Some Title13 --> Some Title13    MAPID: 
2026-06-02T16:19:15.901-03:00 DEBUG 53506 --- [rest-with-spring-boot-and-java] [           main] o.a.c.b.converters.DoubleConverter       : Converting 'Double' value '25.0' to type 'Double'
2026-06-02T16:19:15.901-03:00 DEBUG 53506 --- [rest-with-spring-boot-and-java] [           main] o.a.c.b.converters.DoubleConverter       :     No conversion required, value is already a Double
2026-06-02T16:19:15.901-03:00 DEBUG 53506 --- [rest-with-spring-boot-and-java] [           main] c.g.dozermapper.core.fieldmap.FieldMap   : Getting ready to invoke write method on the destination object. Dest Obj: BookDTO, Dest value: 25.0
2026-06-02T16:19:15.901-03:00 DEBUG 53506 --- [rest-with-spring-boot-and-java] [           main] c.g.dozermapper.core.MappingProcessor    : MAPPED: Book.price --> BookDTO.price    VALUES: 25.0 --> 25.0    MAPID: 
2026-06-02T16:19:15.901-03:00 DEBUG 53506 --- [rest-with-spring-boot-and-java] [           main] c.g.dozermapper.core.fieldmap.FieldMap   : Getting ready to invoke write method on the destination object. Dest Obj: BookDTO, Dest value: Tue Jun 02 16:19:15 BRT 2026
2026-06-02T16:19:15.901-03:00 DEBUG 53506 --- [rest-with-spring-boot-and-java] [           main] c.g.dozermapper.core.MappingProcessor    : MAPPED: Book.launchDate --> BookDTO.launchDate    VALUES: Tue Jun 02 16:19:15 BRT 2026 --> Tue Jun 02 16:19:15 BRT 2026    MAPID: 
2026-06-02T16:19:15.901-03:00 TRACE 53506 --- [rest-with-spring-boot-and-java] [           main] o.s.aop.framework.CglibAopProxy          : Creating CGLIB proxy: EmptyTargetSource: target class [br.com.wfsystems.data.dto.v1.BookDTO], static
2026-06-02T16:19:15.902-03:00 TRACE 53506 --- [rest-with-spring-boot-and-java] [           main] o.s.aop.framework.CglibAopProxy          : Creating CGLIB proxy: EmptyTargetSource: target class [org.springframework.http.ResponseEntity], static
2026-06-02T16:19:15.903-03:00 TRACE 53506 --- [rest-with-spring-boot-and-java] [           main] o.s.aop.framework.CglibAopProxy          : Creating CGLIB proxy: EmptyTargetSource: target class [br.com.wfsystems.data.dto.v1.BookDTO], static
2026-06-02T16:19:15.904-03:00 TRACE 53506 --- [rest-with-spring-boot-and-java] [           main] o.s.aop.framework.CglibAopProxy          : Creating CGLIB proxy: EmptyTargetSource: target class [br.com.wfsystems.data.dto.v1.BookDTO], static
2026-06-02T16:19:15.904-03:00 TRACE 53506 --- [rest-with-spring-boot-and-java] [           main] o.s.aop.framework.CglibAopProxy          : Creating CGLIB proxy: EmptyTargetSource: target class [org.springframework.http.ResponseEntity], static
2026-06-02T16:19:15.905-03:00 TRACE 53506 --- [rest-with-spring-boot-and-java] [           main] o.s.aop.framework.CglibAopProxy          : Creating CGLIB proxy: EmptyTargetSource: target class [org.springframework.http.ResponseEntity], static
]]></system-out>
  </testcase>
  <testcase name="update" classname="br.com.wfsystems.services.BookServicesTest" time="0.025">
    <system-out><![CDATA[2026-06-02T16:19:15.917-03:00  INFO 53506 --- [rest-with-spring-boot-and-java] [           main] b.com.wfsystems.services.PersonService   : Updating one Book! 
2026-06-02T16:19:15.918-03:00 DEBUG 53506 --- [rest-with-spring-boot-and-java] [           main] o.a.c.b.converters.LongConverter         : Converting 'Long' value '1' to type 'Long'
2026-06-02T16:19:15.919-03:00 DEBUG 53506 --- [rest-with-spring-boot-and-java] [           main] o.a.c.b.converters.LongConverter         :     No conversion required, value is already a Long
2026-06-02T16:19:15.919-03:00 DEBUG 53506 --- [rest-with-spring-boot-and-java] [           main] c.g.dozermapper.core.fieldmap.FieldMap   : Getting ready to invoke write method on the destination object. Dest Obj: BookDTO, Dest value: 1
2026-06-02T16:19:15.919-03:00 DEBUG 53506 --- [rest-with-spring-boot-and-java] [           main] c.g.dozermapper.core.MappingProcessor    : MAPPED: Book.id --> BookDTO.id    VALUES: 1 --> 1    MAPID: 
2026-06-02T16:19:15.919-03:00 DEBUG 53506 --- [rest-with-spring-boot-and-java] [           main] c.g.dozermapper.core.fieldmap.FieldMap   : Getting ready to invoke write method on the destination object. Dest Obj: BookDTO, Dest value: Some Author1
2026-06-02T16:19:15.919-03:00 DEBUG 53506 --- [rest-with-spring-boot-and-java] [           main] c.g.dozermapper.core.MappingProcessor    : MAPPED: Book.author --> BookDTO.author    VALUES: Some Author1 --> Some Author1    MAPID: 
2026-06-02T16:19:15.919-03:00 DEBUG 53506 --- [rest-with-spring-boot-and-java] [           main] c.g.dozermapper.core.fieldmap.FieldMap   : Getting ready to invoke write method on the destination object. Dest Obj: BookDTO, Dest value: Some Title1
2026-06-02T16:19:15.919-03:00 DEBUG 53506 --- [rest-with-spring-boot-and-java] [           main] c.g.dozermapper.core.MappingProcessor    : MAPPED: Book.title --> BookDTO.title    VALUES: Some Title1 --> Some Title1    MAPID: 
2026-06-02T16:19:15.919-03:00 DEBUG 53506 --- [rest-with-spring-boot-and-java] [           main] o.a.c.b.converters.DoubleConverter       : Converting 'Double' value '25.0' to type 'Double'
2026-06-02T16:19:15.919-03:00 DEBUG 53506 --- [rest-with-spring-boot-and-java] [           main] o.a.c.b.converters.DoubleConverter       :     No conversion required, value is already a Double
2026-06-02T16:19:15.919-03:00 DEBUG 53506 --- [rest-with-spring-boot-and-java] [           main] c.g.dozermapper.core.fieldmap.FieldMap   : Getting ready to invoke write method on the destination object. Dest Obj: BookDTO, Dest value: 25.0
2026-06-02T16:19:15.920-03:00 DEBUG 53506 --- [rest-with-spring-boot-and-java] [           main] c.g.dozermapper.core.MappingProcessor    : MAPPED: Book.price --> BookDTO.price    VALUES: 25.0 --> 25.0    MAPID: 
2026-06-02T16:19:15.920-03:00 DEBUG 53506 --- [rest-with-spring-boot-and-java] [           main] c.g.dozermapper.core.fieldmap.FieldMap   : Getting ready to invoke write method on the destination object. Dest Obj: BookDTO, Dest value: Tue Jun 02 16:19:15 BRT 2026
2026-06-02T16:19:15.920-03:00 DEBUG 53506 --- [rest-with-spring-boot-and-java] [           main] c.g.dozermapper.core.MappingProcessor    : MAPPED: Book.launchDate --> BookDTO.launchDate    VALUES: Tue Jun 02 16:19:15 BRT 2026 --> Tue Jun 02 16:19:15 BRT 2026    MAPID: 
2026-06-02T16:19:15.920-03:00 TRACE 53506 --- [rest-with-spring-boot-and-java] [           main] o.s.aop.framework.CglibAopProxy          : Creating CGLIB proxy: EmptyTargetSource: target class [br.com.wfsystems.data.dto.v1.BookDTO], static
2026-06-02T16:19:15.921-03:00 TRACE 53506 --- [rest-with-spring-boot-and-java] [           main] o.s.aop.framework.CglibAopProxy          : Creating CGLIB proxy: EmptyTargetSource: target class [org.springframework.http.ResponseEntity], static
2026-06-02T16:19:15.924-03:00 TRACE 53506 --- [rest-with-spring-boot-and-java] [           main] o.s.aop.framework.CglibAopProxy          : Creating CGLIB proxy: EmptyTargetSource: target class [br.com.wfsystems.data.dto.v1.BookDTO], static
2026-06-02T16:19:15.929-03:00 TRACE 53506 --- [rest-with-spring-boot-and-java] [           main] o.s.aop.framework.CglibAopProxy          : Creating CGLIB proxy: EmptyTargetSource: target class [br.com.wfsystems.data.dto.v1.BookDTO], static
2026-06-02T16:19:15.931-03:00 TRACE 53506 --- [rest-with-spring-boot-and-java] [           main] o.s.aop.framework.CglibAopProxy          : Creating CGLIB proxy: EmptyTargetSource: target class [org.springframework.http.ResponseEntity], static
]]></system-out>
  </testcase>
  <testcase name="findById" classname="br.com.wfsystems.services.BookServicesTest" time="0.021">
    <system-out><![CDATA[2026-06-02T16:19:15.943-03:00  INFO 53506 --- [rest-with-spring-boot-and-java] [           main] b.com.wfsystems.services.PersonService   : Finding one Book!
2026-06-02T16:19:15.944-03:00 DEBUG 53506 --- [rest-with-spring-boot-and-java] [           main] o.a.c.b.converters.LongConverter         : Converting 'Long' value '1' to type 'Long'
2026-06-02T16:19:15.944-03:00 DEBUG 53506 --- [rest-with-spring-boot-and-java] [           main] o.a.c.b.converters.LongConverter         :     No conversion required, value is already a Long
2026-06-02T16:19:15.944-03:00 DEBUG 53506 --- [rest-with-spring-boot-and-java] [           main] c.g.dozermapper.core.fieldmap.FieldMap   : Getting ready to invoke write method on the destination object. Dest Obj: BookDTO, Dest value: 1
2026-06-02T16:19:15.944-03:00 DEBUG 53506 --- [rest-with-spring-boot-and-java] [           main] c.g.dozermapper.core.MappingProcessor    : MAPPED: Book.id --> BookDTO.id    VALUES: 1 --> 1    MAPID: 
2026-06-02T16:19:15.944-03:00 DEBUG 53506 --- [rest-with-spring-boot-and-java] [           main] c.g.dozermapper.core.fieldmap.FieldMap   : Getting ready to invoke write method on the destination object. Dest Obj: BookDTO, Dest value: Some Author1
2026-06-02T16:19:15.944-03:00 DEBUG 53506 --- [rest-with-spring-boot-and-java] [           main] c.g.dozermapper.core.MappingProcessor    : MAPPED: Book.author --> BookDTO.author    VALUES: Some Author1 --> Some Author1    MAPID: 
2026-06-02T16:19:15.944-03:00 DEBUG 53506 --- [rest-with-spring-boot-and-java] [           main] c.g.dozermapper.core.fieldmap.FieldMap   : Getting ready to invoke write method on the destination object. Dest Obj: BookDTO, Dest value: Some Title1
2026-06-02T16:19:15.944-03:00 DEBUG 53506 --- [rest-with-spring-boot-and-java] [           main] c.g.dozermapper.core.MappingProcessor    : MAPPED: Book.title --> BookDTO.title    VALUES: Some Title1 --> Some Title1    MAPID: 
2026-06-02T16:19:15.944-03:00 DEBUG 53506 --- [rest-with-spring-boot-and-java] [           main] o.a.c.b.converters.DoubleConverter       : Converting 'Double' value '25.0' to type 'Double'
2026-06-02T16:19:15.945-03:00 DEBUG 53506 --- [rest-with-spring-boot-and-java] [           main] o.a.c.b.converters.DoubleConverter       :     No conversion required, value is already a Double
2026-06-02T16:19:15.945-03:00 DEBUG 53506 --- [rest-with-spring-boot-and-java] [           main] c.g.dozermapper.core.fieldmap.FieldMap   : Getting ready to invoke write method on the destination object. Dest Obj: BookDTO, Dest value: 25.0
2026-06-02T16:19:15.945-03:00 DEBUG 53506 --- [rest-with-spring-boot-and-java] [           main] c.g.dozermapper.core.MappingProcessor    : MAPPED: Book.price --> BookDTO.price    VALUES: 25.0 --> 25.0    MAPID: 
2026-06-02T16:19:15.945-03:00 DEBUG 53506 --- [rest-with-spring-boot-and-java] [           main] c.g.dozermapper.core.fieldmap.FieldMap   : Getting ready to invoke write method on the destination object. Dest Obj: BookDTO, Dest value: Tue Jun 02 16:19:15 BRT 2026
2026-06-02T16:19:15.945-03:00 DEBUG 53506 --- [rest-with-spring-boot-and-java] [           main] c.g.dozermapper.core.MappingProcessor    : MAPPED: Book.launchDate --> BookDTO.launchDate    VALUES: Tue Jun 02 16:19:15 BRT 2026 --> Tue Jun 02 16:19:15 BRT 2026    MAPID: 
2026-06-02T16:19:15.945-03:00 TRACE 53506 --- [rest-with-spring-boot-and-java] [           main] o.s.aop.framework.CglibAopProxy          : Creating CGLIB proxy: EmptyTargetSource: target class [br.com.wfsystems.data.dto.v1.BookDTO], static
2026-06-02T16:19:15.946-03:00 TRACE 53506 --- [rest-with-spring-boot-and-java] [           main] o.s.aop.framework.CglibAopProxy          : Creating CGLIB proxy: EmptyTargetSource: target class [org.springframework.http.ResponseEntity], static
2026-06-02T16:19:15.948-03:00 TRACE 53506 --- [rest-with-spring-boot-and-java] [           main] o.s.aop.framework.CglibAopProxy          : Creating CGLIB proxy: EmptyTargetSource: target class [br.com.wfsystems.data.dto.v1.BookDTO], static
2026-06-02T16:19:15.949-03:00 TRACE 53506 --- [rest-with-spring-boot-and-java] [           main] o.s.aop.framework.CglibAopProxy          : Creating CGLIB proxy: EmptyTargetSource: target class [br.com.wfsystems.data.dto.v1.BookDTO], static
2026-06-02T16:19:15.950-03:00 TRACE 53506 --- [rest-with-spring-boot-and-java] [           main] o.s.aop.framework.CglibAopProxy          : Creating CGLIB proxy: EmptyTargetSource: target class [org.springframework.http.ResponseEntity], static
]]></system-out>
  </testcase>
  <testcase name="testCreateWithNullBook" classname="br.com.wfsystems.services.BookServicesTest" time="0.006"/>
</testsuite>