<?xml version="1.0" encoding="UTF-8"?>
<testsuite xmlns:xsi="http://www.w3.org/2001/XMLSchema-instance" xsi:noNamespaceSchemaLocation="https://maven.apache.org/surefire/maven-surefire-plugin/xsd/surefire-test-report.xsd" version="3.0.2" name="br.com.wfsystems.integrationtests.controllers.cors.withxml.PersonControllerXmlTest" time="40.771" tests="6" errors="1" skipped="0" failures="3">
  <properties>
[...]
</properties>
  <testcase name="testCreate" classname="br.com.wfsystems.integrationtests.controllers.cors.withxml.PersonControllerXmlTest" time="3.342">
    <system-out><![CDATA[18:06:36.519 [main] INFO org.springframework.test.context.support.AnnotationConfigContextLoaderUtils -- Could not detect default configuration classes for test class [br.com.wfsystems.integrationtests.testcontainers.AbstractIntegrationTest]: AbstractIntegrationTest does not declare any static, non-private, non-final, nested classes annotated with @Configuration.
18:06:36.818 [main] INFO org.springframework.boot.test.context.SpringBootTestContextBootstrapper -- Found @SpringBootConfiguration br.com.wfsystems.Startup for test class br.com.wfsystems.integrationtests.controllers.cors.withxml.PersonControllerXmlTest
18:06:37.748 [main] INFO org.testcontainers.images.PullPolicy -- Image pull policy will be performed by: DefaultPullPolicy()
18:06:37.753 [main] INFO org.testcontainers.utility.ImageNameSubstitutor -- Image name substitution will be performed by: DefaultImageNameSubstitutor (composite of 'ConfigurationFileImageNameSubstitutor' and 'PrefixingImageNameSubstitutor')
18:06:37.891 [main] INFO org.springframework.boot.devtools.restart.RestartApplicationListener -- Restart disabled due to context in which it is running

  .   ____          _            __ _ _
 /\\ / ___'_ __ _ _(_)_ __  __ _ \ \ \ \
( ( )\___ | '_ | '_| | '_ \/ _` | \ \ \ \
 \\/  ___)| |_)| | | | | || (_| |  ) ) ) )
  '  |____| .__|_| |_|_| |_\__, | / / / /
 =========|_|==============|___/=/_/_/_/

 :: Spring Boot ::                (v3.4.0)

2025-08-25T18:06:38.575-03:00  INFO 66873 --- [rest-with-spring-boot-and-java] [ers-lifecycle-0] org.testcontainers.DockerClientFactory   : Testcontainers version: 1.20.4
2025-08-25T18:06:39.019-03:00  INFO 66873 --- [rest-with-spring-boot-and-java] [ers-lifecycle-0] o.t.d.DockerClientProviderStrategy       : Loaded org.testcontainers.dockerclient.UnixSocketClientProviderStrategy from ~/.testcontainers.properties, will try it first
2025-08-25T18:06:39.494-03:00  INFO 66873 --- [rest-with-spring-boot-and-java] [ers-lifecycle-0] o.t.d.DockerClientProviderStrategy       : Found Docker environment with local Unix socket (unix:///var/run/docker.sock)
2025-08-25T18:06:39.497-03:00  INFO 66873 --- [rest-with-spring-boot-and-java] [ers-lifecycle-0] org.testcontainers.DockerClientFactory   : Docker host IP address is localhost
2025-08-25T18:06:39.527-03:00  INFO 66873 --- [rest-with-spring-boot-and-java] [ers-lifecycle-0] org.testcontainers.DockerClientFactory   : Connected to docker: 
  Server Version: 28.2.2
  API Version: 1.50
  Operating System: Ubuntu 22.04.5 LTS
  Total Memory: 7646 MB
2025-08-25T18:06:39.570-03:00  INFO 66873 --- [rest-with-spring-boot-and-java] [ers-lifecycle-0] tc.testcontainers/ryuk:0.11.0            : Creating container for image: testcontainers/ryuk:0.11.0
2025-08-25T18:06:39.853-03:00  INFO 66873 --- [rest-with-spring-boot-and-java] [ers-lifecycle-0] tc.testcontainers/ryuk:0.11.0            : Container testcontainers/ryuk:0.11.0 is starting: 2a2f9f6e79555ffe8ee2d456fdad60a4614a4ef772b8733135fd836a33c596fd
2025-08-25T18:06:40.502-03:00  INFO 66873 --- [rest-with-spring-boot-and-java] [ers-lifecycle-0] tc.testcontainers/ryuk:0.11.0            : Container testcontainers/ryuk:0.11.0 started in PT0.931504377S
2025-08-25T18:06:40.511-03:00  INFO 66873 --- [rest-with-spring-boot-and-java] [ers-lifecycle-0] o.t.utility.RyukResourceReaper           : Ryuk started - will monitor and terminate Testcontainers containers on JVM exit
2025-08-25T18:06:40.512-03:00  INFO 66873 --- [rest-with-spring-boot-and-java] [ers-lifecycle-0] org.testcontainers.DockerClientFactory   : Checking the system...
2025-08-25T18:06:40.513-03:00  INFO 66873 --- [rest-with-spring-boot-and-java] [ers-lifecycle-0] org.testcontainers.DockerClientFactory   : ✔︎ Docker server version should be at least 1.6.0
2025-08-25T18:06:40.517-03:00  INFO 66873 --- [rest-with-spring-boot-and-java] [ers-lifecycle-0] tc.mysql:9.1.0                           : Creating container for image: mysql:9.1.0
2025-08-25T18:06:40.664-03:00  INFO 66873 --- [rest-with-spring-boot-and-java] [ers-lifecycle-0] tc.mysql:9.1.0                           : Container mysql:9.1.0 is starting: 7aa454e8fe42db8576ae9d68fd4cfdab6d085f203b0c95cd45a1070a942e62e9
2025-08-25T18:06:41.144-03:00  INFO 66873 --- [rest-with-spring-boot-and-java] [ers-lifecycle-0] tc.mysql:9.1.0                           : Waiting for database connection to become available at jdbc:mysql://localhost:32797/test using query 'SELECT 1'
2025-08-25T18:07:02.761-03:00  INFO 66873 --- [rest-with-spring-boot-and-java] [ers-lifecycle-0] tc.mysql:9.1.0                           : Container mysql:9.1.0 started in PT22.244180101S
2025-08-25T18:07:02.763-03:00  INFO 66873 --- [rest-with-spring-boot-and-java] [ers-lifecycle-0] tc.mysql:9.1.0                           : Container is started (JDBC URL: jdbc:mysql://localhost:32797/test)
2025-08-25T18:07:02.780-03:00  INFO 66873 --- [rest-with-spring-boot-and-java] [           main] b.c.w.i.c.c.w.PersonControllerXmlTest    : Starting PersonControllerXmlTest using Java 21.0.4 with PID 66873 (started by willyan in /home/willyan/workspace/cursos/rest-with-spring-boot-and-java/19_PATCH)
2025-08-25T18:07:02.782-03:00 DEBUG 66873 --- [rest-with-spring-boot-and-java] [           main] b.c.w.i.c.c.w.PersonControllerXmlTest    : Running with Spring Boot v3.4.0, Spring v6.2.0
2025-08-25T18:07:02.785-03:00  INFO 66873 --- [rest-with-spring-boot-and-java] [           main] b.c.w.i.c.c.w.PersonControllerXmlTest    : No active profile set, falling back to 1 default profile: "default"
2025-08-25T18:07:04.187-03:00  INFO 66873 --- [rest-with-spring-boot-and-java] [           main] .s.d.r.c.RepositoryConfigurationDelegate : Bootstrapping Spring Data JPA repositories in DEFAULT mode.
2025-08-25T18:07:04.314-03:00  INFO 66873 --- [rest-with-spring-boot-and-java] [           main] .s.d.r.c.RepositoryConfigurationDelegate : Finished Spring Data repository scanning in 114 ms. Found 2 JPA repository interfaces.
2025-08-25T18:07:05.172-03:00  INFO 66873 --- [rest-with-spring-boot-and-java] [           main] o.s.b.w.embedded.tomcat.TomcatWebServer  : Tomcat initialized with port 8888 (http)
2025-08-25T18:07:05.192-03:00  INFO 66873 --- [rest-with-spring-boot-and-java] [           main] o.apache.catalina.core.StandardService   : Starting service [Tomcat]
2025-08-25T18:07:05.193-03:00  INFO 66873 --- [rest-with-spring-boot-and-java] [           main] o.apache.catalina.core.StandardEngine    : Starting Servlet engine: [Apache Tomcat/10.1.33]
2025-08-25T18:07:05.273-03:00  INFO 66873 --- [rest-with-spring-boot-and-java] [           main] o.a.c.c.C.[Tomcat].[localhost].[/]       : Initializing Spring embedded WebApplicationContext
2025-08-25T18:07:05.275-03:00  INFO 66873 --- [rest-with-spring-boot-and-java] [           main] w.s.c.ServletWebServerApplicationContext : Root WebApplicationContext: initialization completed in 2188 ms
2025-08-25T18:07:05.616-03:00  INFO 66873 --- [rest-with-spring-boot-and-java] [           main] com.zaxxer.hikari.HikariDataSource       : HikariPool-1 - Starting...
2025-08-25T18:07:05.893-03:00  INFO 66873 --- [rest-with-spring-boot-and-java] [           main] com.zaxxer.hikari.pool.HikariPool        : HikariPool-1 - Added connection com.mysql.cj.jdbc.ConnectionImpl@549d14fe
2025-08-25T18:07:05.895-03:00  INFO 66873 --- [rest-with-spring-boot-and-java] [           main] com.zaxxer.hikari.HikariDataSource       : HikariPool-1 - Start completed.
2025-08-25T18:07:05.960-03:00  INFO 66873 --- [rest-with-spring-boot-and-java] [           main] org.flywaydb.core.FlywayExecutor         : Database: jdbc:mysql://localhost:32797/test (MySQL 9.1)
2025-08-25T18:07:06.293-03:00  WARN 66873 --- [rest-with-spring-boot-and-java] [           main] o.f.c.internal.database.base.Database    : Flyway upgrade recommended: MySQL 9.1 is newer than this version of Flyway and support has not been tested. The latest supported version of MySQL is 8.1.
2025-08-25T18:07:06.336-03:00  INFO 66873 --- [rest-with-spring-boot-and-java] [           main] o.f.c.i.s.JdbcTableSchemaHistory         : Schema history table `test`.`flyway_schema_history` does not exist yet
2025-08-25T18:07:06.344-03:00  INFO 66873 --- [rest-with-spring-boot-and-java] [           main] o.f.core.internal.command.DbValidate     : Successfully validated 5 migrations (execution time 00:00.035s)
2025-08-25T18:07:06.405-03:00  INFO 66873 --- [rest-with-spring-boot-and-java] [           main] o.f.c.i.s.JdbcTableSchemaHistory         : Creating Schema History table `test`.`flyway_schema_history` ...
2025-08-25T18:07:06.558-03:00  INFO 66873 --- [rest-with-spring-boot-and-java] [           main] o.f.core.internal.command.DbMigrate      : Current version of schema `test`: << Empty Schema >>
2025-08-25T18:07:06.568-03:00  INFO 66873 --- [rest-with-spring-boot-and-java] [           main] o.f.core.internal.command.DbMigrate      : Migrating schema `test` to version "1 - Create Table Person"
2025-08-25T18:07:06.674-03:00  INFO 66873 --- [rest-with-spring-boot-and-java] [           main] o.f.core.internal.command.DbMigrate      : Migrating schema `test` to version "2 - Populate Table Person"
2025-08-25T18:07:06.758-03:00  INFO 66873 --- [rest-with-spring-boot-and-java] [           main] o.f.core.internal.command.DbMigrate      : Migrating schema `test` to version "3 - Create Table Books"
2025-08-25T18:07:06.809-03:00  WARN 66873 --- [rest-with-spring-boot-and-java] [           main] o.f.c.i.s.DefaultSqlScriptExecutor       : DB: Integer display width is deprecated and will be removed in a future release. (SQL State: HY000 - Error Code: 1681)
2025-08-25T18:07:06.864-03:00  INFO 66873 --- [rest-with-spring-boot-and-java] [           main] o.f.core.internal.command.DbMigrate      : Migrating schema `test` to version "4 - Insert Data In Books"
2025-08-25T18:07:06.941-03:00  INFO 66873 --- [rest-with-spring-boot-and-java] [           main] o.f.core.internal.command.DbMigrate      : Migrating schema `test` to version "5 - Alter Table Person"
2025-08-25T18:07:07.079-03:00  INFO 66873 --- [rest-with-spring-boot-and-java] [           main] o.f.core.internal.command.DbMigrate      : Successfully applied 5 migrations to schema `test`, now at version v5 (execution time 00:00.205s)
2025-08-25T18:07:07.249-03:00  INFO 66873 --- [rest-with-spring-boot-and-java] [           main] o.hibernate.jpa.internal.util.LogHelper  : HHH000204: Processing PersistenceUnitInfo [name: default]
2025-08-25T18:07:07.386-03:00  INFO 66873 --- [rest-with-spring-boot-and-java] [           main] org.hibernate.Version                    : HHH000412: Hibernate ORM core version 6.6.2.Final
2025-08-25T18:07:07.445-03:00  INFO 66873 --- [rest-with-spring-boot-and-java] [           main] o.h.c.internal.RegionFactoryInitiator    : HHH000026: Second-level cache disabled
2025-08-25T18:07:08.062-03:00  INFO 66873 --- [rest-with-spring-boot-and-java] [           main] o.s.o.j.p.SpringPersistenceUnitInfo      : No LoadTimeWeaver setup: ignoring JPA class transformer
2025-08-25T18:07:08.181-03:00  INFO 66873 --- [rest-with-spring-boot-and-java] [           main] org.hibernate.orm.connections.pooling    : HHH10001005: Database info:
	Database JDBC URL [Connecting through datasource 'HikariDataSource (HikariPool-1)']
	Database driver: undefined/unknown
	Database version: 9.1
	Autocommit mode: undefined/unknown
	Isolation level: undefined/unknown
	Minimum pool size: undefined/unknown
	Maximum pool size: undefined/unknown
2025-08-25T18:07:10.243-03:00  INFO 66873 --- [rest-with-spring-boot-and-java] [           main] o.h.e.t.j.p.i.JtaPlatformInitiator       : HHH000489: No JTA platform available (set 'hibernate.transaction.jta.platform' to enable JTA platform integration)
2025-08-25T18:07:10.247-03:00  INFO 66873 --- [rest-with-spring-boot-and-java] [           main] j.LocalContainerEntityManagerFactoryBean : Initialized JPA EntityManagerFactory for persistence unit 'default'
2025-08-25T18:07:10.856-03:00  INFO 66873 --- [rest-with-spring-boot-and-java] [           main] o.s.d.j.r.query.QueryEnhancerFactory     : Hibernate is in classpath; If applicable, HQL parser will be used.
2025-08-25T18:07:12.820-03:00  INFO 66873 --- [rest-with-spring-boot-and-java] [           main] o.s.b.w.embedded.tomcat.TomcatWebServer  : Tomcat started on port 8888 (http) with context path '/'
2025-08-25T18:07:12.852-03:00  INFO 66873 --- [rest-with-spring-boot-and-java] [           main] b.c.w.i.c.c.w.PersonControllerXmlTest    : Started PersonControllerXmlTest in 34.989 seconds (process running for 37.694)
Request method:	POST
Request URI:	http://localhost:8888/api/person/v1
Proxy:			<none>
Request params:	<none>
Query params:	<none>
Form params:	<none>
Path params:	<none>
Headers:		Origin=https://willyanferdinando.dev.br
				Accept=*/*
				Content-Type=application/json
Cookies:		<none>
Multiparts:		<none>
Body:
{
    "id": null,
    "firstName": "Linus",
    "lastName": "Torvalds",
    "address": "Helsinki - Finland",
    "gender": "Male",
    "enabled": true
}
2025-08-25T18:07:15.381-03:00  INFO 66873 --- [rest-with-spring-boot-and-java] [nio-8888-exec-1] o.a.c.c.C.[Tomcat].[localhost].[/]       : Initializing Spring DispatcherServlet 'dispatcherServlet'
2025-08-25T18:07:15.382-03:00  INFO 66873 --- [rest-with-spring-boot-and-java] [nio-8888-exec-1] o.s.web.servlet.DispatcherServlet        : Initializing Servlet 'dispatcherServlet'
2025-08-25T18:07:15.385-03:00  INFO 66873 --- [rest-with-spring-boot-and-java] [nio-8888-exec-1] o.s.web.servlet.DispatcherServlet        : Completed initialization in 3 ms
2025-08-25T18:07:15.580-03:00  INFO 66873 --- [rest-with-spring-boot-and-java] [nio-8888-exec-1] b.com.wfsystems.services.PersonServices  : Creating one Person! 
2025-08-25T18:07:15.584-03:00  INFO 66873 --- [rest-with-spring-boot-and-java] [nio-8888-exec-1] c.g.dozermapper.core.util.RuntimeUtils   : OSGi support is false
2025-08-25T18:07:15.585-03:00  INFO 66873 --- [rest-with-spring-boot-and-java] [nio-8888-exec-1] c.g.d.core.DozerBeanMapperBuilder        : Initializing Dozer. Version: 7.0.0, Thread Name: http-nio-8888-exec-1
2025-08-25T18:07:15.589-03:00  INFO 66873 --- [rest-with-spring-boot-and-java] [nio-8888-exec-1] d.c.c.r.LegacyPropertiesSettingsResolver : Trying to find Dozer configuration file: dozer.properties
2025-08-25T18:07:15.590-03:00  INFO 66873 --- [rest-with-spring-boot-and-java] [nio-8888-exec-1] d.c.c.r.LegacyPropertiesSettingsResolver : Failed to find dozer.properties via com.github.dozermapper.core.config.resolvers.LegacyPropertiesSettingsResolver.
2025-08-25T18:07:15.594-03:00  INFO 66873 --- [rest-with-spring-boot-and-java] [nio-8888-exec-1] c.g.d.core.el.ELExpressionFactory        : jakarta.el is not supported; Failed to resolve ExpressionFactory, com.sun.el.ExpressionFactoryImpl
HTTP/1.1 200 
Vary: Origin
Vary: Access-Control-Request-Method
Vary: Access-Control-Request-Headers
Access-Control-Allow-Origin: https://willyanferdinando.dev.br
Access-Control-Allow-Credentials: true
Content-Type: application/json
Transfer-Encoding: chunked
Date: Mon, 25 Aug 2025 21:07:15 GMT
Keep-Alive: timeout=60
Connection: keep-alive

{
    "id": 12,
    "firstName": "Linus",
    "lastName": "Torvalds",
    "address": "Helsinki - Finland",
    "gender": "Male",
    "enabled": true,
    "_links": {
        "self": {
            "href": "http://localhost:8888/api/person/v1/12",
            "type": "GET"
        },
        "findAll": {
            "href": "http://localhost:8888/api/person/v1",
            "type": "GET"
        },
        "create": {
            "href": "http://localhost:8888/api/person/v1",
            "type": "POST"
        },
        "update": {
            "href": "http://localhost:8888/api/person/v1",
            "type": "PUT"
        },
        "disable": {
            "href": "http://localhost:8888/api/person/v1/12",
            "type": "PATCH"
        },
        "delete": {
            "href": "http://localhost:8888/api/person/v1/12",
            "type": "DELETE"
        }
    }
}
]]></system-out>
    <system-err><![CDATA[Mockito is currently self-attaching to enable the inline-mock-maker. This will no longer work in future releases of the JDK. Please add Mockito as an agent to your build what is described in Mockito's documentation: https://javadoc.io/doc/org.mockito/mockito-core/latest/org/mockito/Mockito.html#0.3
WARNING: A Java agent has been loaded dynamically (/home/willyan/.m2/repository/net/bytebuddy/byte-buddy-agent/1.15.10/byte-buddy-agent-1.15.10.jar)
WARNING: If a serviceability tool is in use, please run with -XX:+EnableDynamicAgentLoading to hide this warning
WARNING: If a serviceability tool is not in use, please run with -Djdk.instrument.traceUsage for more information
WARNING: Dynamic loading of agents will be disallowed by default in a future release
]]></system-err>
  </testcase>
  <testcase name="testUpdate" classname="br.com.wfsystems.integrationtests.controllers.cors.withxml.PersonControllerXmlTest" time="0.248">
    <error type="jakarta.xml.bind.MarshalException"><![CDATA[jakarta.xml.bind.MarshalException
 - with linked exception:
[com.sun.istack.SAXException2: unable to marshal type "br.com.wfsystems.integrationtests.dto.PersonDTO" as an element because it is missing an @XmlRootElement annotation]
	at org.glassfish.jaxb.runtime.v2.runtime.MarshallerImpl.write(MarshallerImpl.java:268)
	at org.glassfish.jaxb.runtime.v2.runtime.MarshallerImpl.marshal(MarshallerImpl.java:197)
	at jakarta.xml.bind.helpers.AbstractMarshallerImpl.marshal(AbstractMarshallerImpl.java:106)
	at jakarta.xml.bind.Marshaller$marshal$0.call(Unknown Source)
	at org.codehaus.groovy.runtime.callsite.CallSiteArray.defaultCall(CallSiteArray.java:45)
	at org.codehaus.groovy.runtime.callsite.AbstractCallSite.call(AbstractCallSite.java:125)
	at org.codehaus.groovy.runtime.callsite.AbstractCallSite.call(AbstractCallSite.java:148)
	at io.restassured.internal.mapping.JakartaEEMapper.serialize(JakartaEEMapper.groovy:50)
	at io.restassured.mapper.ObjectMapper$serialize.call(Unknown Source)
	at org.codehaus.groovy.runtime.callsite.CallSiteArray.defaultCall(CallSiteArray.java:45)
	at org.codehaus.groovy.runtime.callsite.AbstractCallSite.call(AbstractCallSite.java:125)
	at org.codehaus.groovy.runtime.callsite.AbstractCallSite.call(AbstractCallSite.java:139)
	at io.restassured.internal.mapping.ObjectMapping.serializeWithJakartaEE(ObjectMapping.groovy:226)
	at java.base/jdk.internal.reflect.DirectMethodHandleAccessor.invoke(DirectMethodHandleAccessor.java:103)
	at java.base/java.lang.reflect.Method.invoke(Method.java:580)
	at org.codehaus.groovy.reflection.CachedMethod.invoke(CachedMethod.java:343)
	at org.codehaus.groovy.runtime.callsite.StaticMetaMethodSite$StaticMetaMethodSiteNoUnwrapNoCoerce.invoke(StaticMetaMethodSite.java:153)
	at org.codehaus.groovy.runtime.callsite.StaticMetaMethodSite.callStatic(StaticMetaMethodSite.java:102)
	at org.codehaus.groovy.runtime.callsite.CallSiteArray.defaultCallStatic(CallSiteArray.java:53)
	at org.codehaus.groovy.runtime.callsite.AbstractCallSite.callStatic(AbstractCallSite.java:217)
	at org.codehaus.groovy.runtime.callsite.AbstractCallSite.callStatic(AbstractCallSite.java:240)
	at io.restassured.internal.mapping.ObjectMapping.serialize(ObjectMapping.groovy:167)
	at io.restassured.internal.mapping.ObjectMapping$serialize.call(Unknown Source)
	at io.restassured.internal.RequestSpecificationImpl.body(RequestSpecificationImpl.groovy:770)
	at br.com.wfsystems.integrationtests.controllers.cors.withxml.PersonControllerXmlTest.testUpdate(PersonControllerXmlTest.java:97)
	at java.base/java.lang.reflect.Method.invoke(Method.java:580)
	at java.base/java.util.ArrayList.forEach(ArrayList.java:1596)
	at java.base/java.util.ArrayList.forEach(ArrayList.java:1596)
Caused by: com.sun.istack.SAXException2: unable to marshal type "br.com.wfsystems.integrationtests.dto.PersonDTO" as an element because it is missing an @XmlRootElement annotation
	at org.glassfish.jaxb.runtime.v2.runtime.XMLSerializer.reportError(XMLSerializer.java:213)
	at org.glassfish.jaxb.runtime.v2.runtime.ClassBeanInfoImpl.serializeRoot(ClassBeanInfoImpl.java:311)
	at org.glassfish.jaxb.runtime.v2.runtime.XMLSerializer.childAsRoot(XMLSerializer.java:456)
	at org.glassfish.jaxb.runtime.v2.runtime.MarshallerImpl.write(MarshallerImpl.java:265)
	... 27 more
]]></error>
  </testcase>
  <testcase name="testFindById" classname="br.com.wfsystems.integrationtests.controllers.cors.withxml.PersonControllerXmlTest" time="0.173">
    <failure message="1 expectation failed.&#10;Expected content-type &quot;application/xml&quot; doesn&apos;t match actual content-type &quot;application/json&quot;.&#10;" type="java.lang.AssertionError"><![CDATA[java.lang.AssertionError: 
1 expectation failed.
Expected content-type "application/xml" doesn't match actual content-type "application/json".

	at java.base/jdk.internal.reflect.DirectConstructorHandleAccessor.newInstance(DirectConstructorHandleAccessor.java:62)
	at java.base/java.lang.reflect.Constructor.newInstanceWithCaller(Constructor.java:502)
	at java.base/java.lang.reflect.Constructor.newInstance(Constructor.java:486)
	at org.codehaus.groovy.reflection.CachedConstructor.invoke(CachedConstructor.java:73)
	at org.codehaus.groovy.runtime.callsite.ConstructorSite$ConstructorSiteNoUnwrapNoCoerce.callConstructor(ConstructorSite.java:108)
	at org.codehaus.groovy.runtime.callsite.CallSiteArray.defaultCallConstructor(CallSiteArray.java:57)
	at org.codehaus.groovy.runtime.callsite.AbstractCallSite.callConstructor(AbstractCallSite.java:263)
	at org.codehaus.groovy.runtime.callsite.AbstractCallSite.callConstructor(AbstractCallSite.java:277)
	at io.restassured.internal.ResponseSpecificationImpl$HamcrestAssertionClosure.validate(ResponseSpecificationImpl.groovy:512)
	at io.restassured.internal.ResponseSpecificationImpl$HamcrestAssertionClosure$validate$1.call(Unknown Source)
	at io.restassured.internal.ResponseSpecificationImpl.validateResponseIfRequired(ResponseSpecificationImpl.groovy:696)
	at io.restassured.internal.ResponseSpecificationImpl.this$2$validateResponseIfRequired(ResponseSpecificationImpl.groovy)
	at java.base/jdk.internal.reflect.DirectMethodHandleAccessor.invoke(DirectMethodHandleAccessor.java:103)
	at java.base/java.lang.reflect.Method.invoke(Method.java:580)
	at org.codehaus.groovy.runtime.callsite.PlainObjectMetaMethodSite.doInvoke(PlainObjectMetaMethodSite.java:43)
	at org.codehaus.groovy.runtime.callsite.PogoMetaMethodSite$PogoCachedMethodSiteNoUnwrapNoCoerce.invoke(PogoMetaMethodSite.java:198)
	at org.codehaus.groovy.runtime.callsite.PogoMetaMethodSite.callCurrent(PogoMetaMethodSite.java:62)
	at org.codehaus.groovy.runtime.callsite.CallSiteArray.defaultCallCurrent(CallSiteArray.java:49)
	at org.codehaus.groovy.runtime.callsite.AbstractCallSite.callCurrent(AbstractCallSite.java:171)
	at org.codehaus.groovy.runtime.callsite.AbstractCallSite.callCurrent(AbstractCallSite.java:185)
	at io.restassured.internal.ResponseSpecificationImpl.contentType(ResponseSpecificationImpl.groovy:443)
	at io.restassured.internal.ValidatableResponseOptionsImpl.contentType(ValidatableResponseOptionsImpl.java:226)
	at br.com.wfsystems.integrationtests.controllers.cors.withxml.PersonControllerXmlTest.testFindById(PersonControllerXmlTest.java:133)
	at java.base/java.lang.reflect.Method.invoke(Method.java:580)
	at java.base/java.util.ArrayList.forEach(ArrayList.java:1596)
	at java.base/java.util.ArrayList.forEach(ArrayList.java:1596)
]]></failure>
    <system-out><![CDATA[Request method:	GET
Request URI:	http://localhost:8888/api/person/v1/12
Proxy:			<none>
Request params:	<none>
Query params:	<none>
Form params:	<none>
Path params:	id=12
Headers:		Origin=https://willyanferdinando.dev.br
				Accept=*/*
				Content-Type=application/xml; charset=ISO-8859-1
Cookies:		<none>
Multiparts:		<none>
Body:			<none>
2025-08-25T18:07:16.527-03:00  INFO 66873 --- [rest-with-spring-boot-and-java] [nio-8888-exec-2] b.com.wfsystems.services.PersonServices  : Finding one Person!
HTTP/1.1 200 
Vary: Origin
Vary: Access-Control-Request-Method
Vary: Access-Control-Request-Headers
Access-Control-Allow-Origin: https://willyanferdinando.dev.br
Access-Control-Allow-Credentials: true
Content-Type: application/json
Transfer-Encoding: chunked
Date: Mon, 25 Aug 2025 21:07:16 GMT
Keep-Alive: timeout=60
Connection: keep-alive

{
    "id": 12,
    "firstName": "Linus",
    "lastName": "Torvalds",
    "address": "Helsinki - Finland",
    "gender": "Male",
    "enabled": true,
    "_links": {
        "self": {
            "href": "http://localhost:8888/api/person/v1/12",
            "type": "GET"
        },
        "findAll": {
            "href": "http://localhost:8888/api/person/v1",
            "type": "GET"
        },
        "create": {
            "href": "http://localhost:8888/api/person/v1",
            "type": "POST"
        },
        "update": {
            "href": "http://localhost:8888/api/person/v1",
            "type": "PUT"
        },
        "disable": {
            "href": "http://localhost:8888/api/person/v1/12",
            "type": "PATCH"
        },
        "delete": {
            "href": "http://localhost:8888/api/person/v1/12",
            "type": "DELETE"
        }
    }
}
]]></system-out>
  </testcase>
  <testcase name="testDisabled" classname="br.com.wfsystems.integrationtests.controllers.cors.withxml.PersonControllerXmlTest" time="0.135">
    <failure message="1 expectation failed.&#10;Expected content-type &quot;application/xml&quot; doesn&apos;t match actual content-type &quot;application/json&quot;.&#10;" type="java.lang.AssertionError"><![CDATA[java.lang.AssertionError: 
1 expectation failed.
Expected content-type "application/xml" doesn't match actual content-type "application/json".

	at java.base/jdk.internal.reflect.DirectConstructorHandleAccessor.newInstance(DirectConstructorHandleAccessor.java:62)
	at java.base/java.lang.reflect.Constructor.newInstanceWithCaller(Constructor.java:502)
	at java.base/java.lang.reflect.Constructor.newInstance(Constructor.java:486)
	at org.codehaus.groovy.reflection.CachedConstructor.invoke(CachedConstructor.java:73)
	at org.codehaus.groovy.runtime.callsite.ConstructorSite$ConstructorSiteNoUnwrapNoCoerce.callConstructor(ConstructorSite.java:108)
	at org.codehaus.groovy.runtime.callsite.AbstractCallSite.callConstructor(AbstractCallSite.java:277)
	at io.restassured.internal.ResponseSpecificationImpl$HamcrestAssertionClosure.validate(ResponseSpecificationImpl.groovy:512)
	at io.restassured.internal.ResponseSpecificationImpl$HamcrestAssertionClosure$validate$1.call(Unknown Source)
	at io.restassured.internal.ResponseSpecificationImpl.validateResponseIfRequired(ResponseSpecificationImpl.groovy:696)
	at io.restassured.internal.ResponseSpecificationImpl.this$2$validateResponseIfRequired(ResponseSpecificationImpl.groovy)
	at java.base/jdk.internal.reflect.DirectMethodHandleAccessor.invoke(DirectMethodHandleAccessor.java:103)
	at java.base/java.lang.reflect.Method.invoke(Method.java:580)
	at org.codehaus.groovy.runtime.callsite.PlainObjectMetaMethodSite.doInvoke(PlainObjectMetaMethodSite.java:43)
	at org.codehaus.groovy.runtime.callsite.PogoMetaMethodSite$PogoCachedMethodSiteNoUnwrapNoCoerce.invoke(PogoMetaMethodSite.java:198)
	at org.codehaus.groovy.runtime.callsite.PogoMetaMethodSite.callCurrent(PogoMetaMethodSite.java:62)
	at org.codehaus.groovy.runtime.callsite.AbstractCallSite.callCurrent(AbstractCallSite.java:185)
	at io.restassured.internal.ResponseSpecificationImpl.contentType(ResponseSpecificationImpl.groovy:443)
	at io.restassured.internal.ValidatableResponseOptionsImpl.contentType(ValidatableResponseOptionsImpl.java:226)
	at br.com.wfsystems.integrationtests.controllers.cors.withxml.PersonControllerXmlTest.testDisabled(PersonControllerXmlTest.java:194)
	at java.base/java.lang.reflect.Method.invoke(Method.java:580)
	at java.base/java.util.ArrayList.forEach(ArrayList.java:1596)
	at java.base/java.util.ArrayList.forEach(ArrayList.java:1596)
]]></failure>
    <system-out><![CDATA[Request method:	PATCH
Request URI:	http://localhost:8888/api/person/v1/12
Proxy:			<none>
Request params:	<none>
Query params:	<none>
Form params:	<none>
Path params:	id=12
Headers:		Origin=https://willyanferdinando.dev.br
				Accept=*/*
				Content-Type=application/xml; charset=ISO-8859-1
Cookies:		<none>
Multiparts:		<none>
Body:			<none>
2025-08-25T18:07:16.670-03:00  INFO 66873 --- [rest-with-spring-boot-and-java] [nio-8888-exec-3] b.com.wfsystems.services.PersonServices  : Disabling one Person!
HTTP/1.1 200 
Vary: Origin
Vary: Access-Control-Request-Method
Vary: Access-Control-Request-Headers
Access-Control-Allow-Origin: https://willyanferdinando.dev.br
Access-Control-Allow-Credentials: true
Content-Type: application/json
Transfer-Encoding: chunked
Date: Mon, 25 Aug 2025 21:07:16 GMT
Keep-Alive: timeout=60
Connection: keep-alive

{
    "id": 12,
    "firstName": "Linus",
    "lastName": "Torvalds",
    "address": "Helsinki - Finland",
    "gender": "Male",
    "enabled": false,
    "_links": {
        "self": {
            "href": "http://localhost:8888/api/person/v1/12",
            "type": "GET"
        },
        "findAll": {
            "href": "http://localhost:8888/api/person/v1",
            "type": "GET"
        },
        "create": {
            "href": "http://localhost:8888/api/person/v1",
            "type": "POST"
        },
        "update": {
            "href": "http://localhost:8888/api/person/v1",
            "type": "PUT"
        },
        "disable": {
            "href": "http://localhost:8888/api/person/v1/12",
            "type": "PATCH"
        },
        "delete": {
            "href": "http://localhost:8888/api/person/v1/12",
            "type": "DELETE"
        }
    }
}
]]></system-out>
  </testcase>
  <testcase name="deleteTest" classname="br.com.wfsystems.integrationtests.controllers.cors.withxml.PersonControllerXmlTest" time="0.08">
    <system-out><![CDATA[Request method:	DELETE
Request URI:	http://localhost:8888/api/person/v1/12
Proxy:			<none>
Request params:	<none>
Query params:	<none>
Form params:	<none>
Path params:	id=12
Headers:		Origin=https://willyanferdinando.dev.br
				Accept=*/*
Cookies:		<none>
Multiparts:		<none>
Body:			<none>
2025-08-25T18:07:16.800-03:00  INFO 66873 --- [rest-with-spring-boot-and-java] [nio-8888-exec-4] b.com.wfsystems.services.PersonServices  : Deleting one Person!
HTTP/1.1 204 
Vary: Origin
Vary: Access-Control-Request-Method
Vary: Access-Control-Request-Headers
Access-Control-Allow-Origin: https://willyanferdinando.dev.br
Access-Control-Allow-Credentials: true
Date: Mon, 25 Aug 2025 21:07:16 GMT
Keep-Alive: timeout=60
Connection: keep-alive
]]></system-out>
  </testcase>
  <testcase name="testFindAll" classname="br.com.wfsystems.integrationtests.controllers.cors.withxml.PersonControllerXmlTest" time="0.199">
    <failure message="1 expectation failed.&#10;Expected content-type &quot;application/xml&quot; doesn&apos;t match actual content-type &quot;application/json&quot;.&#10;" type="java.lang.AssertionError"><![CDATA[java.lang.AssertionError: 
1 expectation failed.
Expected content-type "application/xml" doesn't match actual content-type "application/json".

	at java.base/jdk.internal.reflect.DirectConstructorHandleAccessor.newInstance(DirectConstructorHandleAccessor.java:62)
	at java.base/java.lang.reflect.Constructor.newInstanceWithCaller(Constructor.java:502)
	at java.base/java.lang.reflect.Constructor.newInstance(Constructor.java:486)
	at org.codehaus.groovy.reflection.CachedConstructor.invoke(CachedConstructor.java:73)
	at org.codehaus.groovy.runtime.callsite.ConstructorSite$ConstructorSiteNoUnwrapNoCoerce.callConstructor(ConstructorSite.java:108)
	at org.codehaus.groovy.runtime.callsite.AbstractCallSite.callConstructor(AbstractCallSite.java:277)
	at io.restassured.internal.ResponseSpecificationImpl$HamcrestAssertionClosure.validate(ResponseSpecificationImpl.groovy:512)
	at io.restassured.internal.ResponseSpecificationImpl$HamcrestAssertionClosure$validate$1.call(Unknown Source)
	at io.restassured.internal.ResponseSpecificationImpl.validateResponseIfRequired(ResponseSpecificationImpl.groovy:696)
	at io.restassured.internal.ResponseSpecificationImpl.this$2$validateResponseIfRequired(ResponseSpecificationImpl.groovy)
	at java.base/jdk.internal.reflect.DirectMethodHandleAccessor.invoke(DirectMethodHandleAccessor.java:103)
	at java.base/java.lang.reflect.Method.invoke(Method.java:580)
	at org.codehaus.groovy.runtime.callsite.PlainObjectMetaMethodSite.doInvoke(PlainObjectMetaMethodSite.java:43)
	at org.codehaus.groovy.runtime.callsite.PogoMetaMethodSite$PogoCachedMethodSiteNoUnwrapNoCoerce.invoke(PogoMetaMethodSite.java:198)
	at org.codehaus.groovy.runtime.callsite.PogoMetaMethodSite.callCurrent(PogoMetaMethodSite.java:62)
	at org.codehaus.groovy.runtime.callsite.AbstractCallSite.callCurrent(AbstractCallSite.java:185)
	at io.restassured.internal.ResponseSpecificationImpl.contentType(ResponseSpecificationImpl.groovy:443)
	at io.restassured.internal.ValidatableResponseOptionsImpl.contentType(ValidatableResponseOptionsImpl.java:226)
	at br.com.wfsystems.integrationtests.controllers.cors.withxml.PersonControllerXmlTest.testFindAll(PersonControllerXmlTest.java:162)
	at java.base/java.lang.reflect.Method.invoke(Method.java:580)
	at java.base/java.util.ArrayList.forEach(ArrayList.java:1596)
	at java.base/java.util.ArrayList.forEach(ArrayList.java:1596)
]]></failure>
    <system-out><![CDATA[Request method:	GET
Request URI:	http://localhost:8888/api/person/v1
Proxy:			<none>
Request params:	<none>
Query params:	<none>
Form params:	<none>
Path params:	<none>
Headers:		Origin=https://willyanferdinando.dev.br
				Accept=*/*
				Content-Type=application/xml; charset=ISO-8859-1
Cookies:		<none>
Multiparts:		<none>
Body:			<none>
2025-08-25T18:07:16.876-03:00  INFO 66873 --- [rest-with-spring-boot-and-java] [nio-8888-exec-5] b.com.wfsystems.services.PersonServices  : Finding All People!
HTTP/1.1 200 
Vary: Origin
Vary: Access-Control-Request-Method
Vary: Access-Control-Request-Headers
Access-Control-Allow-Origin: https://willyanferdinando.dev.br
Access-Control-Allow-Credentials: true
Content-Type: application/json
Transfer-Encoding: chunked
Date: Mon, 25 Aug 2025 21:07:17 GMT
Keep-Alive: timeout=60
Connection: keep-alive

[
    {
        "id": 1,
        "firstName": "Ayrton",
        "lastName": "Senna",
        "address": "Sao Paulo - Brasil",
        "gender": "Male",
        "enabled": true,
        "links": [
            {
                "rel": "self",
                "href": "http://localhost:8888/api/person/v1/1",
                "type": "GET"
            },
            {
                "rel": "findAll",
                "href": "http://localhost:8888/api/person/v1",
                "type": "GET"
            },
            {
                "rel": "create",
                "href": "http://localhost:8888/api/person/v1",
                "type": "POST"
            },
            {
                "rel": "update",
                "href": "http://localhost:8888/api/person/v1",
                "type": "PUT"
            },
            {
                "rel": "disable",
                "href": "http://localhost:8888/api/person/v1/1",
                "type": "PATCH"
            },
            {
                "rel": "delete",
                "href": "http://localhost:8888/api/person/v1/1",
                "type": "DELETE"
            }
        ]
    },
    {
        "id": 2,
        "firstName": "Leonardo ",
        "lastName": "da Vinci",
        "address": "Anchiano - Itália",
        "gender": "Male",
        "enabled": true,
        "links": [
            {
                "rel": "self",
                "href": "http://localhost:8888/api/person/v1/2",
                "type": "GET"
            },
            {
                "rel": "findAll",
                "href": "http://localhost:8888/api/person/v1",
                "type": "GET"
            },
            {
                "rel": "create",
                "href": "http://localhost:8888/api/person/v1",
                "type": "POST"
            },
            {
                "rel": "update",
                "href": "http://localhost:8888/api/person/v1",
                "type": "PUT"
            },
            {
                "rel": "disable",
                "href": "http://localhost:8888/api/person/v1/2",
                "type": "PATCH"
            },
            {
                "rel": "delete",
                "href": "http://localhost:8888/api/person/v1/2",
                "type": "DELETE"
            }
        ]
    },
    {
        "id": 4,
        "firstName": "Indira",
        "lastName": "Gandhi",
        "address": "Porbandar - India",
        "gender": "Female",
        "enabled": true,
        "links": [
            {
                "rel": "self",
                "href": "http://localhost:8888/api/person/v1/4",
                "type": "GET"
            },
            {
                "rel": "findAll",
                "href": "http://localhost:8888/api/person/v1",
                "type": "GET"
            },
            {
                "rel": "create",
                "href": "http://localhost:8888/api/person/v1",
                "type": "POST"
            },
            {
                "rel": "update",
                "href": "http://localhost:8888/api/person/v1",
                "type": "PUT"
            },
            {
                "rel": "disable",
                "href": "http://localhost:8888/api/person/v1/4",
                "type": "PATCH"
            },
            {
                "rel": "delete",
                "href": "http://localhost:8888/api/person/v1/4",
                "type": "DELETE"
            }
        ]
    },
    {
        "id": 5,
        "firstName": "Mahatma",
        "lastName": "Gandhi",
        "address": "Porbandar - India",
        "gender": "Male",
        "enabled": true,
        "links": [
            {
                "rel": "self",
                "href": "http://localhost:8888/api/person/v1/5",
                "type": "GET"
            },
            {
                "rel": "findAll",
                "href": "http://localhost:8888/api/person/v1",
                "type": "GET"
            },
            {
                "rel": "create",
                "href": "http://localhost:8888/api/person/v1",
                "type": "POST"
            },
            {
                "rel": "update",
                "href": "http://localhost:8888/api/person/v1",
                "type": "PUT"
            },
            {
                "rel": "disable",
                "href": "http://localhost:8888/api/person/v1/5",
                "type": "PATCH"
            },
            {
                "rel": "delete",
                "href": "http://localhost:8888/api/person/v1/5",
                "type": "DELETE"
            }
        ]
    },
    {
        "id": 7,
        "firstName": "Ali",
        "lastName": "Muhamamd",
        "address": "Kentucky - US",
        "gender": "Male",
        "enabled": true,
        "links": [
            {
                "rel": "self",
                "href": "http://localhost:8888/api/person/v1/7",
                "type": "GET"
            },
            {
                "rel": "findAll",
                "href": "http://localhost:8888/api/person/v1",
                "type": "GET"
            },
            {
                "rel": "create",
                "href": "http://localhost:8888/api/person/v1",
                "type": "POST"
            },
            {
                "rel": "update",
                "href": "http://localhost:8888/api/person/v1",
                "type": "PUT"
            },
            {
                "rel": "disable",
                "href": "http://localhost:8888/api/person/v1/7",
                "type": "PATCH"
            },
            {
                "rel": "delete",
                "href": "http://localhost:8888/api/person/v1/7",
                "type": "DELETE"
            }
        ]
    },
    {
        "id": 9,
        "firstName": "Nelson",
        "lastName": "Mandela",
        "address": "Mvezo - South Africa",
        "gender": "Male",
        "enabled": true,
        "links": [
            {
                "rel": "self",
                "href": "http://localhost:8888/api/person/v1/9",
                "type": "GET"
            },
            {
                "rel": "findAll",
                "href": "http://localhost:8888/api/person/v1",
                "type": "GET"
            },
            {
                "rel": "create",
                "href": "http://localhost:8888/api/person/v1",
                "type": "POST"
            },
            {
                "rel": "update",
                "href": "http://localhost:8888/api/person/v1",
                "type": "PUT"
            },
            {
                "rel": "disable",
                "href": "http://localhost:8888/api/person/v1/9",
                "type": "PATCH"
            },
            {
                "rel": "delete",
                "href": "http://localhost:8888/api/person/v1/9",
                "type": "DELETE"
            }
        ]
    },
    {
        "id": 10,
        "firstName": "Nelson",
        "lastName": "Mandela",
        "address": "Mvezo - South Africa",
        "gender": "Male",
        "enabled": true,
        "links": [
            {
                "rel": "self",
                "href": "http://localhost:8888/api/person/v1/10",
                "type": "GET"
            },
            {
                "rel": "findAll",
                "href": "http://localhost:8888/api/person/v1",
                "type": "GET"
            },
            {
                "rel": "create",
                "href": "http://localhost:8888/api/person/v1",
                "type": "POST"
            },
            {
                "rel": "update",
                "href": "http://localhost:8888/api/person/v1",
                "type": "PUT"
            },
            {
                "rel": "disable",
                "href": "http://localhost:8888/api/person/v1/10",
                "type": "PATCH"
            },
            {
                "rel": "delete",
                "href": "http://localhost:8888/api/person/v1/10",
                "type": "DELETE"
            }
        ]
    },
    {
        "id": 11,
        "firstName": "Nicola",
        "lastName": "Tesla",
        "address": "Smiljan - Croatia",
        "gender": "Male",
        "enabled": true,
        "links": [
            {
                "rel": "self",
                "href": "http://localhost:8888/api/person/v1/11",
                "type": "GET"
            },
            {
                "rel": "findAll",
                "href": "http://localhost:8888/api/person/v1",
                "type": "GET"
            },
            {
                "rel": "create",
                "href": "http://localhost:8888/api/person/v1",
                "type": "POST"
            },
            {
                "rel": "update",
                "href": "http://localhost:8888/api/person/v1",
                "type": "PUT"
            },
            {
                "rel": "disable",
                "href": "http://localhost:8888/api/person/v1/11",
                "type": "PATCH"
            },
            {
                "rel": "delete",
                "href": "http://localhost:8888/api/person/v1/11",
                "type": "DELETE"
            }
        ]
    }
]
]]></system-out>
  </testcase>
</testsuite>