<?xml version="1.0" encoding="UTF-8"?>
<testsuite xmlns:xsi="http://www.w3.org/2001/XMLSchema-instance" xsi:noNamespaceSchemaLocation="https://maven.apache.org/surefire/maven-surefire-plugin/xsd/surefire-test-report.xsd" version="3.0.2" name="br.com.wfsystems.StartupTests" time="9.725" tests="1" errors="0" skipped="0" failures="0">
  <properties>
[...]
</properties>
  <testcase name="contextLoads" classname="br.com.wfsystems.StartupTests" time="1.73">
    <system-out><![CDATA[19:23:00.338 [main] INFO org.springframework.test.context.support.AnnotationConfigContextLoaderUtils -- Could not detect default configuration classes for test class [br.com.wfsystems.StartupTests]: StartupTests does not declare any static, non-private, non-final, nested classes annotated with @Configuration.
19:23:00.670 [main] INFO org.springframework.boot.test.context.SpringBootTestContextBootstrapper -- Found @SpringBootConfiguration br.com.wfsystems.Startup for test class br.com.wfsystems.StartupTests
19:23:00.951 [main] INFO org.springframework.boot.devtools.restart.RestartApplicationListener -- Restart disabled due to context in which it is running

  .   ____          _            __ _ _
 /\\ / ___'_ __ _ _(_)_ __  __ _ \ \ \ \
( ( )\___ | '_ | '_| | '_ \/ _` | \ \ \ \
 \\/  ___)| |_)| | | | | || (_| |  ) ) ) )
  '  |____| .__|_| |_|_| |_\__, | / / / /
 =========|_|==============|___/=/_/_/_/

 :: Spring Boot ::                (v3.4.0)

2025-06-25T19:23:01.450-03:00  INFO 223598 --- [rest-with-spring-boot-and-java] [           main] br.com.wfsystems.StartupTests            : Starting StartupTests using Java 21.0.4 with PID 223598 (started by willyan in /home/willyan/workspace/cursos/rest-with-spring-boot-and-java/09_FirstStepsInJavawithSpringBoot)
2025-06-25T19:23:01.451-03:00 DEBUG 223598 --- [rest-with-spring-boot-and-java] [           main] br.com.wfsystems.StartupTests            : Running with Spring Boot v3.4.0, Spring v6.2.0
2025-06-25T19:23:01.453-03:00  INFO 223598 --- [rest-with-spring-boot-and-java] [           main] br.com.wfsystems.StartupTests            : No active profile set, falling back to 1 default profile: "default"
2025-06-25T19:23:02.491-03:00  INFO 223598 --- [rest-with-spring-boot-and-java] [           main] .s.d.r.c.RepositoryConfigurationDelegate : Bootstrapping Spring Data JPA repositories in DEFAULT mode.
2025-06-25T19:23:02.578-03:00  INFO 223598 --- [rest-with-spring-boot-and-java] [           main] .s.d.r.c.RepositoryConfigurationDelegate : Finished Spring Data repository scanning in 70 ms. Found 1 JPA repository interface.
2025-06-25T19:23:03.275-03:00  INFO 223598 --- [rest-with-spring-boot-and-java] [           main] o.hibernate.jpa.internal.util.LogHelper  : HHH000204: Processing PersistenceUnitInfo [name: default]
2025-06-25T19:23:03.393-03:00  INFO 223598 --- [rest-with-spring-boot-and-java] [           main] org.hibernate.Version                    : HHH000412: Hibernate ORM core version 6.6.2.Final
2025-06-25T19:23:03.452-03:00  INFO 223598 --- [rest-with-spring-boot-and-java] [           main] o.h.c.internal.RegionFactoryInitiator    : HHH000026: Second-level cache disabled
2025-06-25T19:23:03.968-03:00  INFO 223598 --- [rest-with-spring-boot-and-java] [           main] o.s.o.j.p.SpringPersistenceUnitInfo      : No LoadTimeWeaver setup: ignoring JPA class transformer
2025-06-25T19:23:04.058-03:00  INFO 223598 --- [rest-with-spring-boot-and-java] [           main] com.zaxxer.hikari.HikariDataSource       : HikariPool-1 - Starting...
2025-06-25T19:23:04.858-03:00  INFO 223598 --- [rest-with-spring-boot-and-java] [           main] com.zaxxer.hikari.pool.HikariPool        : HikariPool-1 - Added connection com.mysql.cj.jdbc.ConnectionImpl@1d8be7b9
2025-06-25T19:23:04.863-03:00  INFO 223598 --- [rest-with-spring-boot-and-java] [           main] com.zaxxer.hikari.HikariDataSource       : HikariPool-1 - Start completed.
2025-06-25T19:23:05.178-03:00  INFO 223598 --- [rest-with-spring-boot-and-java] [           main] org.hibernate.orm.connections.pooling    : HHH10001005: Database info:
	Database JDBC URL [Connecting through datasource 'HikariDataSource (HikariPool-1)']
	Database driver: undefined/unknown
	Database version: 8.0.42
	Autocommit mode: undefined/unknown
	Isolation level: undefined/unknown
	Minimum pool size: undefined/unknown
	Maximum pool size: undefined/unknown
2025-06-25T19:23:06.459-03:00  INFO 223598 --- [rest-with-spring-boot-and-java] [           main] o.h.e.t.j.p.i.JtaPlatformInitiator       : HHH000489: No JTA platform available (set 'hibernate.transaction.jta.platform' to enable JTA platform integration)
2025-06-25T19:23:06.593-03:00  INFO 223598 --- [rest-with-spring-boot-and-java] [           main] j.LocalContainerEntityManagerFactoryBean : Initialized JPA EntityManagerFactory for persistence unit 'default'
2025-06-25T19:23:07.911-03:00  INFO 223598 --- [rest-with-spring-boot-and-java] [           main] br.com.wfsystems.StartupTests            : Started StartupTests in 6.983 seconds (process running for 8.773)
]]></system-out>
    <system-err><![CDATA[Mockito is currently self-attaching to enable the inline-mock-maker. This will no longer work in future releases of the JDK. Please add Mockito as an agent to your build what is described in Mockito's documentation: https://javadoc.io/doc/org.mockito/mockito-core/latest/org/mockito/Mockito.html#0.3
WARNING: A Java agent has been loaded dynamically (/home/willyan/.m2/repository/net/bytebuddy/byte-buddy-agent/1.15.10/byte-buddy-agent-1.15.10.jar)
WARNING: If a serviceability tool is in use, please run with -XX:+EnableDynamicAgentLoading to hide this warning
WARNING: If a serviceability tool is not in use, please run with -Djdk.instrument.traceUsage for more information
WARNING: Dynamic loading of agents will be disallowed by default in a future release
]]></system-err>
  </testcase>
</testsuite>