<?xml version="1.0" encoding="UTF-8"?>
<testsuite xmlns:xsi="http://www.w3.org/2001/XMLSchema-instance" xsi:noNamespaceSchemaLocation="https://maven.apache.org/surefire/maven-surefire-plugin/xsd/surefire-test-report.xsd" version="3.0.2" name="br.com.wfsystems.integrationtests.swagger.SwaggerIntegrationTest" time="31.851" tests="1" errors="0" skipped="0" failures="0">
  <properties>
[...]
</properties>
  <testcase name="shouldDisplaySwaggerUIPage" classname="br.com.wfsystems.integrationtests.swagger.SwaggerIntegrationTest" time="2.129">
    <system-out><![CDATA[10:48:19.526 [main] INFO org.springframework.test.context.support.AnnotationConfigContextLoaderUtils -- Could not detect default configuration classes for test class [br.com.wfsystems.integrationtests.testcontainers.AbstractIntegrationTest]: AbstractIntegrationTest does not declare any static, non-private, non-final, nested classes annotated with @Configuration.
10:48:19.807 [main] INFO org.springframework.boot.test.context.SpringBootTestContextBootstrapper -- Found @SpringBootConfiguration br.com.wfsystems.Startup for test class br.com.wfsystems.integrationtests.swagger.SwaggerIntegrationTest
10:48:20.246 [main] INFO org.testcontainers.images.PullPolicy -- Image pull policy will be performed by: DefaultPullPolicy()
10:48:20.252 [main] INFO org.testcontainers.utility.ImageNameSubstitutor -- Image name substitution will be performed by: DefaultImageNameSubstitutor (composite of 'ConfigurationFileImageNameSubstitutor' and 'PrefixingImageNameSubstitutor')
10:48:20.364 [main] INFO org.springframework.boot.devtools.restart.RestartApplicationListener -- Restart disabled due to context in which it is running

  .   ____          _            __ _ _
 /\\ / ___'_ __ _ _(_)_ __  __ _ \ \ \ \
( ( )\___ | '_ | '_| | '_ \/ _` | \ \ \ \
 \\/  ___)| |_)| | | | | || (_| |  ) ) ) )
  '  |____| .__|_| |_|_| |_\__, | / / / /
 =========|_|==============|___/=/_/_/_/

 :: Spring Boot ::                (v3.4.0)

2025-08-05T10:48:21.066-03:00  INFO 3831 --- [rest-with-spring-boot-and-java] [ers-lifecycle-0] org.testcontainers.DockerClientFactory   : Testcontainers version: 1.20.4
2025-08-05T10:48:21.344-03:00  INFO 3831 --- [rest-with-spring-boot-and-java] [ers-lifecycle-0] o.t.d.DockerClientProviderStrategy       : Loaded org.testcontainers.dockerclient.UnixSocketClientProviderStrategy from ~/.testcontainers.properties, will try it first
2025-08-05T10:48:21.934-03:00  INFO 3831 --- [rest-with-spring-boot-and-java] [ers-lifecycle-0] o.t.d.DockerClientProviderStrategy       : Found Docker environment with local Unix socket (unix:///var/run/docker.sock)
2025-08-05T10:48:21.938-03:00  INFO 3831 --- [rest-with-spring-boot-and-java] [ers-lifecycle-0] org.testcontainers.DockerClientFactory   : Docker host IP address is localhost
2025-08-05T10:48:21.978-03:00  INFO 3831 --- [rest-with-spring-boot-and-java] [ers-lifecycle-0] org.testcontainers.DockerClientFactory   : Connected to docker: 
  Server Version: 28.2.2
  API Version: 1.50
  Operating System: Ubuntu 22.04.5 LTS
  Total Memory: 7646 MB
2025-08-05T10:48:22.036-03:00  INFO 3831 --- [rest-with-spring-boot-and-java] [ers-lifecycle-0] tc.testcontainers/ryuk:0.11.0            : Creating container for image: testcontainers/ryuk:0.11.0
2025-08-05T10:48:22.289-03:00  INFO 3831 --- [rest-with-spring-boot-and-java] [ers-lifecycle-0] tc.testcontainers/ryuk:0.11.0            : Container testcontainers/ryuk:0.11.0 is starting: 9179cbff617fb43d52bda01a5c081200962d07aaf217a07a0fdc7277583c6971
2025-08-05T10:48:22.786-03:00  INFO 3831 --- [rest-with-spring-boot-and-java] [ers-lifecycle-0] tc.testcontainers/ryuk:0.11.0            : Container testcontainers/ryuk:0.11.0 started in PT0.750252617S
2025-08-05T10:48:22.796-03:00  INFO 3831 --- [rest-with-spring-boot-and-java] [ers-lifecycle-0] o.t.utility.RyukResourceReaper           : Ryuk started - will monitor and terminate Testcontainers containers on JVM exit
2025-08-05T10:48:22.796-03:00  INFO 3831 --- [rest-with-spring-boot-and-java] [ers-lifecycle-0] org.testcontainers.DockerClientFactory   : Checking the system...
2025-08-05T10:48:22.796-03:00  INFO 3831 --- [rest-with-spring-boot-and-java] [ers-lifecycle-0] org.testcontainers.DockerClientFactory   : ✔︎ Docker server version should be at least 1.6.0
2025-08-05T10:48:22.799-03:00  INFO 3831 --- [rest-with-spring-boot-and-java] [ers-lifecycle-0] tc.mysql:9.1.0                           : Creating container for image: mysql:9.1.0
2025-08-05T10:48:22.917-03:00  INFO 3831 --- [rest-with-spring-boot-and-java] [ers-lifecycle-0] tc.mysql:9.1.0                           : Container mysql:9.1.0 is starting: 7a89bf4122b3272881bc1dbb4bb109903981b0b3857f6feb3521d826ee95a524
2025-08-05T10:48:23.245-03:00  INFO 3831 --- [rest-with-spring-boot-and-java] [ers-lifecycle-0] tc.mysql:9.1.0                           : Waiting for database connection to become available at jdbc:mysql://localhost:32769/test using query 'SELECT 1'
2025-08-05T10:48:40.439-03:00  INFO 3831 --- [rest-with-spring-boot-and-java] [ers-lifecycle-0] tc.mysql:9.1.0                           : Container mysql:9.1.0 started in PT17.639769785S
2025-08-05T10:48:40.440-03:00  INFO 3831 --- [rest-with-spring-boot-and-java] [ers-lifecycle-0] tc.mysql:9.1.0                           : Container is started (JDBC URL: jdbc:mysql://localhost:32769/test)
2025-08-05T10:48:40.448-03:00  INFO 3831 --- [rest-with-spring-boot-and-java] [           main] b.c.w.i.swagger.SwaggerIntegrationTest   : Starting SwaggerIntegrationTest using Java 21.0.4 with PID 3831 (started by willyan in /home/willyan/workspace/cursos/rest-with-spring-boot-and-java/17_TesteIntegracao)
2025-08-05T10:48:40.449-03:00 DEBUG 3831 --- [rest-with-spring-boot-and-java] [           main] b.c.w.i.swagger.SwaggerIntegrationTest   : Running with Spring Boot v3.4.0, Spring v6.2.0
2025-08-05T10:48:40.451-03:00  INFO 3831 --- [rest-with-spring-boot-and-java] [           main] b.c.w.i.swagger.SwaggerIntegrationTest   : No active profile set, falling back to 1 default profile: "default"
2025-08-05T10:48:41.991-03:00  INFO 3831 --- [rest-with-spring-boot-and-java] [           main] .s.d.r.c.RepositoryConfigurationDelegate : Bootstrapping Spring Data JPA repositories in DEFAULT mode.
2025-08-05T10:48:42.072-03:00  INFO 3831 --- [rest-with-spring-boot-and-java] [           main] .s.d.r.c.RepositoryConfigurationDelegate : Finished Spring Data repository scanning in 69 ms. Found 2 JPA repository interfaces.
2025-08-05T10:48:42.894-03:00  INFO 3831 --- [rest-with-spring-boot-and-java] [           main] o.s.b.w.embedded.tomcat.TomcatWebServer  : Tomcat initialized with port 8888 (http)
2025-08-05T10:48:42.928-03:00  INFO 3831 --- [rest-with-spring-boot-and-java] [           main] o.apache.catalina.core.StandardService   : Starting service [Tomcat]
2025-08-05T10:48:42.929-03:00  INFO 3831 --- [rest-with-spring-boot-and-java] [           main] o.apache.catalina.core.StandardEngine    : Starting Servlet engine: [Apache Tomcat/10.1.33]
2025-08-05T10:48:43.057-03:00  INFO 3831 --- [rest-with-spring-boot-and-java] [           main] o.a.c.c.C.[Tomcat].[localhost].[/]       : Initializing Spring embedded WebApplicationContext
2025-08-05T10:48:43.059-03:00  INFO 3831 --- [rest-with-spring-boot-and-java] [           main] w.s.c.ServletWebServerApplicationContext : Root WebApplicationContext: initialization completed in 2230 ms
2025-08-05T10:48:43.430-03:00  INFO 3831 --- [rest-with-spring-boot-and-java] [           main] com.zaxxer.hikari.HikariDataSource       : HikariPool-1 - Starting...
2025-08-05T10:48:43.739-03:00  INFO 3831 --- [rest-with-spring-boot-and-java] [           main] com.zaxxer.hikari.pool.HikariPool        : HikariPool-1 - Added connection com.mysql.cj.jdbc.ConnectionImpl@31f5b923
2025-08-05T10:48:43.741-03:00  INFO 3831 --- [rest-with-spring-boot-and-java] [           main] com.zaxxer.hikari.HikariDataSource       : HikariPool-1 - Start completed.
2025-08-05T10:48:43.799-03:00  INFO 3831 --- [rest-with-spring-boot-and-java] [           main] org.flywaydb.core.FlywayExecutor         : Database: jdbc:mysql://localhost:32769/test (MySQL 9.1)
2025-08-05T10:48:44.345-03:00  WARN 3831 --- [rest-with-spring-boot-and-java] [           main] o.f.c.internal.database.base.Database    : Flyway upgrade recommended: MySQL 9.1 is newer than this version of Flyway and support has not been tested. The latest supported version of MySQL is 8.1.
2025-08-05T10:48:44.425-03:00  INFO 3831 --- [rest-with-spring-boot-and-java] [           main] o.f.c.i.s.JdbcTableSchemaHistory         : Schema history table `test`.`flyway_schema_history` does not exist yet
2025-08-05T10:48:44.438-03:00  INFO 3831 --- [rest-with-spring-boot-and-java] [           main] o.f.core.internal.command.DbValidate     : Successfully validated 4 migrations (execution time 00:00.066s)
2025-08-05T10:48:44.533-03:00  INFO 3831 --- [rest-with-spring-boot-and-java] [           main] o.f.c.i.s.JdbcTableSchemaHistory         : Creating Schema History table `test`.`flyway_schema_history` ...
2025-08-05T10:48:44.694-03:00  INFO 3831 --- [rest-with-spring-boot-and-java] [           main] o.f.core.internal.command.DbMigrate      : Current version of schema `test`: << Empty Schema >>
2025-08-05T10:48:44.711-03:00  INFO 3831 --- [rest-with-spring-boot-and-java] [           main] o.f.core.internal.command.DbMigrate      : Migrating schema `test` to version "1 - Create Table Person"
2025-08-05T10:48:44.867-03:00  INFO 3831 --- [rest-with-spring-boot-and-java] [           main] o.f.core.internal.command.DbMigrate      : Migrating schema `test` to version "2 - Populate Table Person"
2025-08-05T10:48:44.956-03:00  INFO 3831 --- [rest-with-spring-boot-and-java] [           main] o.f.core.internal.command.DbMigrate      : Migrating schema `test` to version "3 - Create Table Books"
2025-08-05T10:48:45.031-03:00  WARN 3831 --- [rest-with-spring-boot-and-java] [           main] o.f.c.i.s.DefaultSqlScriptExecutor       : DB: Integer display width is deprecated and will be removed in a future release. (SQL State: HY000 - Error Code: 1681)
2025-08-05T10:48:45.107-03:00  INFO 3831 --- [rest-with-spring-boot-and-java] [           main] o.f.core.internal.command.DbMigrate      : Migrating schema `test` to version "4 - Insert Data In Books"
2025-08-05T10:48:45.194-03:00  INFO 3831 --- [rest-with-spring-boot-and-java] [           main] o.f.core.internal.command.DbMigrate      : Successfully applied 4 migrations to schema `test`, now at version v4 (execution time 00:00.196s)
2025-08-05T10:48:45.411-03:00  INFO 3831 --- [rest-with-spring-boot-and-java] [           main] o.hibernate.jpa.internal.util.LogHelper  : HHH000204: Processing PersistenceUnitInfo [name: default]
2025-08-05T10:48:45.527-03:00  INFO 3831 --- [rest-with-spring-boot-and-java] [           main] org.hibernate.Version                    : HHH000412: Hibernate ORM core version 6.6.2.Final
2025-08-05T10:48:45.592-03:00  INFO 3831 --- [rest-with-spring-boot-and-java] [           main] o.h.c.internal.RegionFactoryInitiator    : HHH000026: Second-level cache disabled
2025-08-05T10:48:46.158-03:00  INFO 3831 --- [rest-with-spring-boot-and-java] [           main] o.s.o.j.p.SpringPersistenceUnitInfo      : No LoadTimeWeaver setup: ignoring JPA class transformer
2025-08-05T10:48:46.352-03:00  INFO 3831 --- [rest-with-spring-boot-and-java] [           main] org.hibernate.orm.connections.pooling    : HHH10001005: Database info:
	Database JDBC URL [Connecting through datasource 'HikariDataSource (HikariPool-1)']
	Database driver: undefined/unknown
	Database version: 9.1
	Autocommit mode: undefined/unknown
	Isolation level: undefined/unknown
	Minimum pool size: undefined/unknown
	Maximum pool size: undefined/unknown
2025-08-05T10:48:47.393-03:00  INFO 3831 --- [rest-with-spring-boot-and-java] [           main] o.h.e.t.j.p.i.JtaPlatformInitiator       : HHH000489: No JTA platform available (set 'hibernate.transaction.jta.platform' to enable JTA platform integration)
2025-08-05T10:48:47.398-03:00  INFO 3831 --- [rest-with-spring-boot-and-java] [           main] j.LocalContainerEntityManagerFactoryBean : Initialized JPA EntityManagerFactory for persistence unit 'default'
2025-08-05T10:48:48.815-03:00  INFO 3831 --- [rest-with-spring-boot-and-java] [           main] o.s.b.w.embedded.tomcat.TomcatWebServer  : Tomcat started on port 8888 (http) with context path '/'
2025-08-05T10:48:48.826-03:00  INFO 3831 --- [rest-with-spring-boot-and-java] [           main] b.c.w.i.swagger.SwaggerIntegrationTest   : Started SwaggerIntegrationTest in 28.491 seconds (process running for 30.737)
2025-08-05T10:48:50.748-03:00  INFO 3831 --- [rest-with-spring-boot-and-java] [nio-8888-exec-1] o.a.c.c.C.[Tomcat].[localhost].[/]       : Initializing Spring DispatcherServlet 'dispatcherServlet'
2025-08-05T10:48:50.748-03:00  INFO 3831 --- [rest-with-spring-boot-and-java] [nio-8888-exec-1] o.s.web.servlet.DispatcherServlet        : Initializing Servlet 'dispatcherServlet'
2025-08-05T10:48:50.753-03:00  INFO 3831 --- [rest-with-spring-boot-and-java] [nio-8888-exec-1] o.s.web.servlet.DispatcherServlet        : Completed initialization in 3 ms
]]></system-out>
    <system-err><![CDATA[Mockito is currently self-attaching to enable the inline-mock-maker. This will no longer work in future releases of the JDK. Please add Mockito as an agent to your build what is described in Mockito's documentation: https://javadoc.io/doc/org.mockito/mockito-core/latest/org/mockito/Mockito.html#0.3
WARNING: A Java agent has been loaded dynamically (/home/willyan/.m2/repository/net/bytebuddy/byte-buddy-agent/1.15.10/byte-buddy-agent-1.15.10.jar)
WARNING: If a serviceability tool is in use, please run with -XX:+EnableDynamicAgentLoading to hide this warning
WARNING: If a serviceability tool is not in use, please run with -Djdk.instrument.traceUsage for more information
WARNING: Dynamic loading of agents will be disallowed by default in a future release
]]></system-err>
  </testcase>
</testsuite>